CRITICAL - 2022-05-20 01:27:57 --> Trying to get property 'i' of non-object
#0 C:\xampp\htdocs\loginshwt\app\Controllers\TicketController.php(32): CodeIgniter\Debug\Exceptions->errorHandler(8, 'Trying to get p...', 'C:\\xampp\\htdocs...', 32, Array)
#1 C:\xampp\htdocs\loginshwt\system\CodeIgniter.php(917): App\Controllers\TicketController->getTicketEmp()
#2 C:\xampp\htdocs\loginshwt\system\CodeIgniter.php(403): CodeIgniter\CodeIgniter->runController(Object(App\Controllers\TicketController))
#3 C:\xampp\htdocs\loginshwt\system\CodeIgniter.php(311): CodeIgniter\CodeIgniter->handleRequest(NULL, Object(Config\Cache), false)
#4 C:\xampp\htdocs\loginshwt\public\index.php(45): CodeIgniter\CodeIgniter->run()
#5 C:\xampp\htdocs\loginshwt\system\Commands\Server\rewrite.php(34): require_once('C:\\xampp\\htdocs...')
#6 {main}
CRITICAL - 2022-05-20 01:28:21 --> syntax error, unexpected '.', expecting identifier (T_STRING) or variable (T_VARIABLE) or '{' or '$'
#0 C:\xampp\htdocs\loginshwt\system\Router\Router.php(192): CodeIgniter\Router\Router->autoRoute('TicketControlle...')
#1 C:\xampp\htdocs\loginshwt\system\CodeIgniter.php(792): CodeIgniter\Router\Router->handle('TicketControlle...')
#2 C:\xampp\htdocs\loginshwt\system\CodeIgniter.php(363): CodeIgniter\CodeIgniter->tryToRouteIt(Object(CodeIgniter\Router\RouteCollection))
#3 C:\xampp\htdocs\loginshwt\system\CodeIgniter.php(311): CodeIgniter\CodeIgniter->handleRequest(NULL, Object(Config\Cache), false)
#4 C:\xampp\htdocs\loginshwt\public\index.php(45): CodeIgniter\CodeIgniter->run()
#5 C:\xampp\htdocs\loginshwt\system\Commands\Server\rewrite.php(34): require_once('C:\\xampp\\htdocs...')
#6 {main}
CRITICAL - 2022-05-20 02:22:59 --> Undefined variable: ROUTES
#0 C:\xampp\htdocs\loginshwt\app\Config\Routes.php(38): CodeIgniter\Debug\Exceptions->errorHandler(8, 'Undefined varia...', 'C:\\xampp\\htdocs...', 38, Array)
#1 C:\xampp\htdocs\loginshwt\system\CodeIgniter.php(779): require('C:\\xampp\\htdocs...')
#2 C:\xampp\htdocs\loginshwt\system\CodeIgniter.php(363): CodeIgniter\CodeIgniter->tryToRouteIt(Object(CodeIgniter\Router\RouteCollection))
#3 C:\xampp\htdocs\loginshwt\system\CodeIgniter.php(311): CodeIgniter\CodeIgniter->handleRequest(NULL, Object(Config\Cache), false)
#4 C:\xampp\htdocs\loginshwt\public\index.php(45): CodeIgniter\CodeIgniter->run()
#5 C:\xampp\htdocs\loginshwt\system\Commands\Server\rewrite.php(34): require_once('C:\\xampp\\htdocs...')
#6 {main}
CRITICAL - 2022-05-20 03:24:56 --> Unknown column 'users.firstName' in 'field list'
#0 C:\xampp\htdocs\loginshwt\system\Database\MySQLi\Connection.php(331): mysqli->query('SELECT customer...')
#1 C:\xampp\htdocs\loginshwt\system\Database\BaseConnection.php(752): CodeIgniter\Database\MySQLi\Connection->execute('SELECT customer...')
#2 C:\xampp\htdocs\loginshwt\system\Database\BaseConnection.php(680): CodeIgniter\Database\BaseConnection->simpleQuery('SELECT customer...')
#3 C:\xampp\htdocs\loginshwt\app\Models\TicketModel.php(17): CodeIgniter\Database\BaseConnection->query('SELECT customer...')
#4 C:\xampp\htdocs\loginshwt\app\Controllers\TicketController.php(23): App\Models\TicketModel->get_all_ticket()
#5 C:\xampp\htdocs\loginshwt\system\CodeIgniter.php(917): App\Controllers\TicketController->getTicketEmp()
#6 C:\xampp\htdocs\loginshwt\system\CodeIgniter.php(403): CodeIgniter\CodeIgniter->runController(Object(App\Controllers\TicketController))
#7 C:\xampp\htdocs\loginshwt\system\CodeIgniter.php(311): CodeIgniter\CodeIgniter->handleRequest(NULL, Object(Config\Cache), false)
#8 C:\xampp\htdocs\loginshwt\public\index.php(45): CodeIgniter\CodeIgniter->run()
#9 C:\xampp\htdocs\loginshwt\system\Commands\Server\rewrite.php(34): require_once('C:\\xampp\\htdocs...')
#10 {main}
CRITICAL - 2022-05-20 09:16:08 --> Undefined variable: tickets
#0 C:\xampp\htdocs\loginshwt\app\Views\home.php(102): CodeIgniter\Debug\Exceptions->errorHandler(8, 'Undefined varia...', 'C:\\xampp\\htdocs...', 102, Array)
#1 C:\xampp\htdocs\loginshwt\system\View\View.php(246): include('C:\\xampp\\htdocs...')
#2 C:\xampp\htdocs\loginshwt\system\View\View.php(525): CodeIgniter\View\View->render('home', NULL, true)
#3 C:\xampp\htdocs\loginshwt\app\Views\app.php(25): CodeIgniter\View\View->include('home')
#4 C:\xampp\htdocs\loginshwt\system\View\View.php(246): include('C:\\xampp\\htdocs...')
#5 C:\xampp\htdocs\loginshwt\system\Common.php(1087): CodeIgniter\View\View->render('app', Array, true)
#6 C:\xampp\htdocs\loginshwt\app\Controllers\TicketController.php(15): view('app')
#7 C:\xampp\htdocs\loginshwt\system\CodeIgniter.php(917): App\Controllers\TicketController->indexUser()
#8 C:\xampp\htdocs\loginshwt\system\CodeIgniter.php(403): CodeIgniter\CodeIgniter->runController(Object(App\Controllers\TicketController))
#9 C:\xampp\htdocs\loginshwt\system\CodeIgniter.php(311): CodeIgniter\CodeIgniter->handleRequest(NULL, Object(Config\Cache), false)
#10 C:\xampp\htdocs\loginshwt\public\index.php(45): CodeIgniter\CodeIgniter->run()
#11 C:\xampp\htdocs\loginshwt\system\Commands\Server\rewrite.php(34): require_once('C:\\xampp\\htdocs...')
#12 {main}
CRITICAL - 2022-05-20 09:16:35 --> Undefined variable: data
#0 C:\xampp\htdocs\loginshwt\app\Views\home.php(102): CodeIgniter\Debug\Exceptions->errorHandler(8, 'Undefined varia...', 'C:\\xampp\\htdocs...', 102, Array)
#1 C:\xampp\htdocs\loginshwt\system\View\View.php(246): include('C:\\xampp\\htdocs...')
#2 C:\xampp\htdocs\loginshwt\system\View\View.php(525): CodeIgniter\View\View->render('home', NULL, true)
#3 C:\xampp\htdocs\loginshwt\app\Views\app.php(25): CodeIgniter\View\View->include('home')
#4 C:\xampp\htdocs\loginshwt\system\View\View.php(246): include('C:\\xampp\\htdocs...')
#5 C:\xampp\htdocs\loginshwt\system\Common.php(1087): CodeIgniter\View\View->render('app', Array, true)
#6 C:\xampp\htdocs\loginshwt\app\Controllers\TicketController.php(15): view('app')
#7 C:\xampp\htdocs\loginshwt\system\CodeIgniter.php(917): App\Controllers\TicketController->indexUser()
#8 C:\xampp\htdocs\loginshwt\system\CodeIgniter.php(403): CodeIgniter\CodeIgniter->runController(Object(App\Controllers\TicketController))
#9 C:\xampp\htdocs\loginshwt\system\CodeIgniter.php(311): CodeIgniter\CodeIgniter->handleRequest(NULL, Object(Config\Cache), false)
#10 C:\xampp\htdocs\loginshwt\public\index.php(45): CodeIgniter\CodeIgniter->run()
#11 C:\xampp\htdocs\loginshwt\system\Commands\Server\rewrite.php(34): require_once('C:\\xampp\\htdocs...')
#12 {main}
CRITICAL - 2022-05-20 09:24:04 --> Undefined property: stdClass::$id
#0 C:\xampp\htdocs\loginshwt\app\Views\home.php(102): CodeIgniter\Debug\Exceptions->errorHandler(8, 'Undefined prope...', 'C:\\xampp\\htdocs...', 102, Array)
#1 C:\xampp\htdocs\loginshwt\system\View\View.php(246): include('C:\\xampp\\htdocs...')
#2 C:\xampp\htdocs\loginshwt\system\View\View.php(525): CodeIgniter\View\View->render('home', NULL, true)
#3 C:\xampp\htdocs\loginshwt\app\Views\app.php(25): CodeIgniter\View\View->include('home')
#4 C:\xampp\htdocs\loginshwt\system\View\View.php(246): include('C:\\xampp\\htdocs...')
#5 C:\xampp\htdocs\loginshwt\system\Common.php(1087): CodeIgniter\View\View->render('app', Array, true)
#6 C:\xampp\htdocs\loginshwt\app\Controllers\TicketController.php(16): view('app', Array)
#7 C:\xampp\htdocs\loginshwt\system\CodeIgniter.php(917): App\Controllers\TicketController->indexUser()
#8 C:\xampp\htdocs\loginshwt\system\CodeIgniter.php(403): CodeIgniter\CodeIgniter->runController(Object(App\Controllers\TicketController))
#9 C:\xampp\htdocs\loginshwt\system\CodeIgniter.php(311): CodeIgniter\CodeIgniter->handleRequest(NULL, Object(Config\Cache), false)
#10 C:\xampp\htdocs\loginshwt\public\index.php(45): CodeIgniter\CodeIgniter->run()
#11 C:\xampp\htdocs\loginshwt\system\Commands\Server\rewrite.php(34): require_once('C:\\xampp\\htdocs...')
#12 {main}
CRITICAL - 2022-05-20 09:24:50 --> Undefined property: stdClass::$id
#0 C:\xampp\htdocs\loginshwt\app\Views\home.php(102): CodeIgniter\Debug\Exceptions->errorHandler(8, 'Undefined prope...', 'C:\\xampp\\htdocs...', 102, Array)
#1 C:\xampp\htdocs\loginshwt\system\View\View.php(246): include('C:\\xampp\\htdocs...')
#2 C:\xampp\htdocs\loginshwt\system\View\View.php(525): CodeIgniter\View\View->render('home', NULL, true)
#3 C:\xampp\htdocs\loginshwt\app\Views\app.php(25): CodeIgniter\View\View->include('home')
#4 C:\xampp\htdocs\loginshwt\system\View\View.php(246): include('C:\\xampp\\htdocs...')
#5 C:\xampp\htdocs\loginshwt\system\Common.php(1087): CodeIgniter\View\View->render('app', Array, true)
#6 C:\xampp\htdocs\loginshwt\app\Controllers\TicketController.php(16): view('app', Array)
#7 C:\xampp\htdocs\loginshwt\system\CodeIgniter.php(917): App\Controllers\TicketController->indexUser()
#8 C:\xampp\htdocs\loginshwt\system\CodeIgniter.php(403): CodeIgniter\CodeIgniter->runController(Object(App\Controllers\TicketController))
#9 C:\xampp\htdocs\loginshwt\system\CodeIgniter.php(311): CodeIgniter\CodeIgniter->handleRequest(NULL, Object(Config\Cache), false)
#10 C:\xampp\htdocs\loginshwt\public\index.php(45): CodeIgniter\CodeIgniter->run()
#11 C:\xampp\htdocs\loginshwt\system\Commands\Server\rewrite.php(34): require_once('C:\\xampp\\htdocs...')
#12 {main}
CRITICAL - 2022-05-20 09:26:07 --> Undefined property: stdClass::$id
#0 C:\xampp\htdocs\loginshwt\app\Views\home.php(102): CodeIgniter\Debug\Exceptions->errorHandler(8, 'Undefined prope...', 'C:\\xampp\\htdocs...', 102, Array)
#1 C:\xampp\htdocs\loginshwt\system\View\View.php(246): include('C:\\xampp\\htdocs...')
#2 C:\xampp\htdocs\loginshwt\system\View\View.php(525): CodeIgniter\View\View->render('home', NULL, true)
#3 C:\xampp\htdocs\loginshwt\app\Views\app.php(25): CodeIgniter\View\View->include('home')
#4 C:\xampp\htdocs\loginshwt\system\View\View.php(246): include('C:\\xampp\\htdocs...')
#5 C:\xampp\htdocs\loginshwt\system\Common.php(1087): CodeIgniter\View\View->render('app', Array, true)
#6 C:\xampp\htdocs\loginshwt\app\Controllers\TicketController.php(16): view('app', Array)
#7 C:\xampp\htdocs\loginshwt\system\CodeIgniter.php(917): App\Controllers\TicketController->indexUser()
#8 C:\xampp\htdocs\loginshwt\system\CodeIgniter.php(403): CodeIgniter\CodeIgniter->runController(Object(App\Controllers\TicketController))
#9 C:\xampp\htdocs\loginshwt\system\CodeIgniter.php(311): CodeIgniter\CodeIgniter->handleRequest(NULL, Object(Config\Cache), false)
#10 C:\xampp\htdocs\loginshwt\public\index.php(45): CodeIgniter\CodeIgniter->run()
#11 C:\xampp\htdocs\loginshwt\system\Commands\Server\rewrite.php(34): require_once('C:\\xampp\\htdocs...')
#12 {main}
CRITICAL - 2022-05-20 09:27:35 --> Undefined property: stdClass::$ticket
#0 C:\xampp\htdocs\loginshwt\app\Views\home.php(102): CodeIgniter\Debug\Exceptions->errorHandler(8, 'Undefined prope...', 'C:\\xampp\\htdocs...', 102, Array)
#1 C:\xampp\htdocs\loginshwt\system\View\View.php(246): include('C:\\xampp\\htdocs...')
#2 C:\xampp\htdocs\loginshwt\system\View\View.php(525): CodeIgniter\View\View->render('home', NULL, true)
#3 C:\xampp\htdocs\loginshwt\app\Views\app.php(25): CodeIgniter\View\View->include('home')
#4 C:\xampp\htdocs\loginshwt\system\View\View.php(246): include('C:\\xampp\\htdocs...')
#5 C:\xampp\htdocs\loginshwt\system\Common.php(1087): CodeIgniter\View\View->render('app', Array, true)
#6 C:\xampp\htdocs\loginshwt\app\Controllers\TicketController.php(16): view('app', Array)
#7 C:\xampp\htdocs\loginshwt\system\CodeIgniter.php(917): App\Controllers\TicketController->indexUser()
#8 C:\xampp\htdocs\loginshwt\system\CodeIgniter.php(403): CodeIgniter\CodeIgniter->runController(Object(App\Controllers\TicketController))
#9 C:\xampp\htdocs\loginshwt\system\CodeIgniter.php(311): CodeIgniter\CodeIgniter->handleRequest(NULL, Object(Config\Cache), false)
#10 C:\xampp\htdocs\loginshwt\public\index.php(45): CodeIgniter\CodeIgniter->run()
#11 C:\xampp\htdocs\loginshwt\system\Commands\Server\rewrite.php(34): require_once('C:\\xampp\\htdocs...')
#12 {main}
CRITICAL - 2022-05-20 09:29:31 --> Object of class stdClass could not be converted to string
#0 C:\xampp\htdocs\loginshwt\app\Views\home.php(102): CodeIgniter\Debug\Exceptions->errorHandler(4096, 'Object of class...', 'C:\\xampp\\htdocs...', 102, Array)
#1 C:\xampp\htdocs\loginshwt\system\View\View.php(246): include('C:\\xampp\\htdocs...')
#2 C:\xampp\htdocs\loginshwt\system\View\View.php(525): CodeIgniter\View\View->render('home', NULL, true)
#3 C:\xampp\htdocs\loginshwt\app\Views\app.php(25): CodeIgniter\View\View->include('home')
#4 C:\xampp\htdocs\loginshwt\system\View\View.php(246): include('C:\\xampp\\htdocs...')
#5 C:\xampp\htdocs\loginshwt\system\Common.php(1087): CodeIgniter\View\View->render('app', Array, true)
#6 C:\xampp\htdocs\loginshwt\app\Controllers\TicketController.php(16): view('app', Array)
#7 C:\xampp\htdocs\loginshwt\system\CodeIgniter.php(917): App\Controllers\TicketController->indexUser()
#8 C:\xampp\htdocs\loginshwt\system\CodeIgniter.php(403): CodeIgniter\CodeIgniter->runController(Object(App\Controllers\TicketController))
#9 C:\xampp\htdocs\loginshwt\system\CodeIgniter.php(311): CodeIgniter\CodeIgniter->handleRequest(NULL, Object(Config\Cache), false)
#10 C:\xampp\htdocs\loginshwt\public\index.php(45): CodeIgniter\CodeIgniter->run()
#11 C:\xampp\htdocs\loginshwt\system\Commands\Server\rewrite.php(34): require_once('C:\\xampp\\htdocs...')
#12 {main}
CRITICAL - 2022-05-20 09:30:00 --> Array to string conversion
#0 C:\xampp\htdocs\loginshwt\app\Views\home.php(102): CodeIgniter\Debug\Exceptions->errorHandler(8, 'Array to string...', 'C:\\xampp\\htdocs...', 102, Array)
#1 C:\xampp\htdocs\loginshwt\system\View\View.php(246): include('C:\\xampp\\htdocs...')
#2 C:\xampp\htdocs\loginshwt\system\View\View.php(525): CodeIgniter\View\View->render('home', NULL, true)
#3 C:\xampp\htdocs\loginshwt\app\Views\app.php(25): CodeIgniter\View\View->include('home')
#4 C:\xampp\htdocs\loginshwt\system\View\View.php(246): include('C:\\xampp\\htdocs...')
#5 C:\xampp\htdocs\loginshwt\system\Common.php(1087): CodeIgniter\View\View->render('app', Array, true)
#6 C:\xampp\htdocs\loginshwt\app\Controllers\TicketController.php(16): view('app', Array)
#7 C:\xampp\htdocs\loginshwt\system\CodeIgniter.php(917): App\Controllers\TicketController->indexUser()
#8 C:\xampp\htdocs\loginshwt\system\CodeIgniter.php(403): CodeIgniter\CodeIgniter->runController(Object(App\Controllers\TicketController))
#9 C:\xampp\htdocs\loginshwt\system\CodeIgniter.php(311): CodeIgniter\CodeIgniter->handleRequest(NULL, Object(Config\Cache), false)
#10 C:\xampp\htdocs\loginshwt\public\index.php(45): CodeIgniter\CodeIgniter->run()
#11 C:\xampp\htdocs\loginshwt\system\Commands\Server\rewrite.php(34): require_once('C:\\xampp\\htdocs...')
#12 {main}
CRITICAL - 2022-05-20 09:30:24 --> Array to string conversion
#0 C:\xampp\htdocs\loginshwt\app\Views\home.php(102): CodeIgniter\Debug\Exceptions->errorHandler(8, 'Array to string...', 'C:\\xampp\\htdocs...', 102, Array)
#1 C:\xampp\htdocs\loginshwt\system\View\View.php(246): include('C:\\xampp\\htdocs...')
#2 C:\xampp\htdocs\loginshwt\system\View\View.php(525): CodeIgniter\View\View->render('home', NULL, true)
#3 C:\xampp\htdocs\loginshwt\app\Views\app.php(25): CodeIgniter\View\View->include('home')
#4 C:\xampp\htdocs\loginshwt\system\View\View.php(246): include('C:\\xampp\\htdocs...')
#5 C:\xampp\htdocs\loginshwt\system\Common.php(1087): CodeIgniter\View\View->render('app', Array, true)
#6 C:\xampp\htdocs\loginshwt\app\Controllers\TicketController.php(16): view('app', Array)
#7 C:\xampp\htdocs\loginshwt\system\CodeIgniter.php(917): App\Controllers\TicketController->indexUser()
#8 C:\xampp\htdocs\loginshwt\system\CodeIgniter.php(403): CodeIgniter\CodeIgniter->runController(Object(App\Controllers\TicketController))
#9 C:\xampp\htdocs\loginshwt\system\CodeIgniter.php(311): CodeIgniter\CodeIgniter->handleRequest(NULL, Object(Config\Cache), false)
#10 C:\xampp\htdocs\loginshwt\public\index.php(45): CodeIgniter\CodeIgniter->run()
#11 C:\xampp\htdocs\loginshwt\system\Commands\Server\rewrite.php(34): require_once('C:\\xampp\\htdocs...')
#12 {main}
CRITICAL - 2022-05-20 09:37:12 --> Undefined property: App\Controllers\TicketController::$load
#0 C:\xampp\htdocs\loginshwt\app\Controllers\TicketController.php(16): CodeIgniter\Debug\Exceptions->errorHandler(8, 'Undefined prope...', 'C:\\xampp\\htdocs...', 16, Array)
#1 C:\xampp\htdocs\loginshwt\system\CodeIgniter.php(917): App\Controllers\TicketController->indexUser()
#2 C:\xampp\htdocs\loginshwt\system\CodeIgniter.php(403): CodeIgniter\CodeIgniter->runController(Object(App\Controllers\TicketController))
#3 C:\xampp\htdocs\loginshwt\system\CodeIgniter.php(311): CodeIgniter\CodeIgniter->handleRequest(NULL, Object(Config\Cache), false)
#4 C:\xampp\htdocs\loginshwt\public\index.php(45): CodeIgniter\CodeIgniter->run()
#5 C:\xampp\htdocs\loginshwt\system\Commands\Server\rewrite.php(34): require_once('C:\\xampp\\htdocs...')
#6 {main}
CRITICAL - 2022-05-20 09:39:33 --> Cannot use object of type stdClass as array
#0 C:\xampp\htdocs\loginshwt\system\View\View.php(246): include()
#1 C:\xampp\htdocs\loginshwt\system\View\View.php(525): CodeIgniter\View\View->render('home', NULL, true)
#2 C:\xampp\htdocs\loginshwt\app\Views\app.php(25): CodeIgniter\View\View->include('home')
#3 C:\xampp\htdocs\loginshwt\system\View\View.php(246): include('C:\\xampp\\htdocs...')
#4 C:\xampp\htdocs\loginshwt\system\Common.php(1087): CodeIgniter\View\View->render('app', Array, true)
#5 C:\xampp\htdocs\loginshwt\app\Controllers\TicketController.php(16): view('app', Array)
#6 C:\xampp\htdocs\loginshwt\system\CodeIgniter.php(917): App\Controllers\TicketController->indexUser()
#7 C:\xampp\htdocs\loginshwt\system\CodeIgniter.php(403): CodeIgniter\CodeIgniter->runController(Object(App\Controllers\TicketController))
#8 C:\xampp\htdocs\loginshwt\system\CodeIgniter.php(311): CodeIgniter\CodeIgniter->handleRequest(NULL, Object(Config\Cache), false)
#9 C:\xampp\htdocs\loginshwt\public\index.php(45): CodeIgniter\CodeIgniter->run()
#10 C:\xampp\htdocs\loginshwt\system\Commands\Server\rewrite.php(34): require_once('C:\\xampp\\htdocs...')
#11 {main}
CRITICAL - 2022-05-20 09:39:45 --> Object of class stdClass could not be converted to string
#0 C:\xampp\htdocs\loginshwt\app\Views\home.php(102): CodeIgniter\Debug\Exceptions->errorHandler(4096, 'Object of class...', 'C:\\xampp\\htdocs...', 102, Array)
#1 C:\xampp\htdocs\loginshwt\system\View\View.php(246): include('C:\\xampp\\htdocs...')
#2 C:\xampp\htdocs\loginshwt\system\View\View.php(525): CodeIgniter\View\View->render('home', NULL, true)
#3 C:\xampp\htdocs\loginshwt\app\Views\app.php(25): CodeIgniter\View\View->include('home')
#4 C:\xampp\htdocs\loginshwt\system\View\View.php(246): include('C:\\xampp\\htdocs...')
#5 C:\xampp\htdocs\loginshwt\system\Common.php(1087): CodeIgniter\View\View->render('app', Array, true)
#6 C:\xampp\htdocs\loginshwt\app\Controllers\TicketController.php(16): view('app', Array)
#7 C:\xampp\htdocs\loginshwt\system\CodeIgniter.php(917): App\Controllers\TicketController->indexUser()
#8 C:\xampp\htdocs\loginshwt\system\CodeIgniter.php(403): CodeIgniter\CodeIgniter->runController(Object(App\Controllers\TicketController))
#9 C:\xampp\htdocs\loginshwt\system\CodeIgniter.php(311): CodeIgniter\CodeIgniter->handleRequest(NULL, Object(Config\Cache), false)
#10 C:\xampp\htdocs\loginshwt\public\index.php(45): CodeIgniter\CodeIgniter->run()
#11 C:\xampp\htdocs\loginshwt\system\Commands\Server\rewrite.php(34): require_once('C:\\xampp\\htdocs...')
#12 {main}
CRITICAL - 2022-05-20 09:43:03 --> Invalid argument supplied for foreach()
#0 C:\xampp\htdocs\loginshwt\app\Views\home.php(102): CodeIgniter\Debug\Exceptions->errorHandler(2, 'Invalid argumen...', 'C:\\xampp\\htdocs...', 102, Array)
#1 C:\xampp\htdocs\loginshwt\system\View\View.php(246): include('C:\\xampp\\htdocs...')
#2 C:\xampp\htdocs\loginshwt\system\View\View.php(525): CodeIgniter\View\View->render('home', NULL, true)
#3 C:\xampp\htdocs\loginshwt\app\Views\app.php(25): CodeIgniter\View\View->include('home')
#4 C:\xampp\htdocs\loginshwt\system\View\View.php(246): include('C:\\xampp\\htdocs...')
#5 C:\xampp\htdocs\loginshwt\system\Common.php(1087): CodeIgniter\View\View->render('app', Array, true)
#6 C:\xampp\htdocs\loginshwt\app\Controllers\TicketController.php(17): view('app', Array)
#7 C:\xampp\htdocs\loginshwt\system\CodeIgniter.php(917): App\Controllers\TicketController->indexUser()
#8 C:\xampp\htdocs\loginshwt\system\CodeIgniter.php(403): CodeIgniter\CodeIgniter->runController(Object(App\Controllers\TicketController))
#9 C:\xampp\htdocs\loginshwt\system\CodeIgniter.php(311): CodeIgniter\CodeIgniter->handleRequest(NULL, Object(Config\Cache), false)
#10 C:\xampp\htdocs\loginshwt\public\index.php(45): CodeIgniter\CodeIgniter->run()
#11 C:\xampp\htdocs\loginshwt\system\Commands\Server\rewrite.php(34): require_once('C:\\xampp\\htdocs...')
#12 {main}
CRITICAL - 2022-05-20 09:44:03 --> Undefined property: stdClass::$tid
#0 C:\xampp\htdocs\loginshwt\app\Views\home.php(102): CodeIgniter\Debug\Exceptions->errorHandler(8, 'Undefined prope...', 'C:\\xampp\\htdocs...', 102, Array)
#1 C:\xampp\htdocs\loginshwt\system\View\View.php(246): include('C:\\xampp\\htdocs...')
#2 C:\xampp\htdocs\loginshwt\system\View\View.php(525): CodeIgniter\View\View->render('home', NULL, true)
#3 C:\xampp\htdocs\loginshwt\app\Views\app.php(25): CodeIgniter\View\View->include('home')
#4 C:\xampp\htdocs\loginshwt\system\View\View.php(246): include('C:\\xampp\\htdocs...')
#5 C:\xampp\htdocs\loginshwt\system\Common.php(1087): CodeIgniter\View\View->render('app', Array, true)
#6 C:\xampp\htdocs\loginshwt\app\Controllers\TicketController.php(17): view('app', Array)
#7 C:\xampp\htdocs\loginshwt\system\CodeIgniter.php(917): App\Controllers\TicketController->indexUser()
#8 C:\xampp\htdocs\loginshwt\system\CodeIgniter.php(403): CodeIgniter\CodeIgniter->runController(Object(App\Controllers\TicketController))
#9 C:\xampp\htdocs\loginshwt\system\CodeIgniter.php(311): CodeIgniter\CodeIgniter->handleRequest(NULL, Object(Config\Cache), false)
#10 C:\xampp\htdocs\loginshwt\public\index.php(45): CodeIgniter\CodeIgniter->run()
#11 C:\xampp\htdocs\loginshwt\system\Commands\Server\rewrite.php(34): require_once('C:\\xampp\\htdocs...')
#12 {main}
CRITICAL - 2022-05-20 09:44:42 --> Cannot use object of type stdClass as array
#0 C:\xampp\htdocs\loginshwt\system\View\View.php(246): include()
#1 C:\xampp\htdocs\loginshwt\system\View\View.php(525): CodeIgniter\View\View->render('home', NULL, true)
#2 C:\xampp\htdocs\loginshwt\app\Views\app.php(25): CodeIgniter\View\View->include('home')
#3 C:\xampp\htdocs\loginshwt\system\View\View.php(246): include('C:\\xampp\\htdocs...')
#4 C:\xampp\htdocs\loginshwt\system\Common.php(1087): CodeIgniter\View\View->render('app', Array, true)
#5 C:\xampp\htdocs\loginshwt\app\Controllers\TicketController.php(17): view('app', Array)
#6 C:\xampp\htdocs\loginshwt\system\CodeIgniter.php(917): App\Controllers\TicketController->indexUser()
#7 C:\xampp\htdocs\loginshwt\system\CodeIgniter.php(403): CodeIgniter\CodeIgniter->runController(Object(App\Controllers\TicketController))
#8 C:\xampp\htdocs\loginshwt\system\CodeIgniter.php(311): CodeIgniter\CodeIgniter->handleRequest(NULL, Object(Config\Cache), false)
#9 C:\xampp\htdocs\loginshwt\public\index.php(45): CodeIgniter\CodeIgniter->run()
#10 C:\xampp\htdocs\loginshwt\system\Commands\Server\rewrite.php(34): require_once('C:\\xampp\\htdocs...')
#11 {main}
CRITICAL - 2022-05-20 09:45:25 --> Undefined variable: data
#0 C:\xampp\htdocs\loginshwt\app\Views\home.php(102): CodeIgniter\Debug\Exceptions->errorHandler(8, 'Undefined varia...', 'C:\\xampp\\htdocs...', 102, Array)
#1 C:\xampp\htdocs\loginshwt\system\View\View.php(246): include('C:\\xampp\\htdocs...')
#2 C:\xampp\htdocs\loginshwt\system\View\View.php(525): CodeIgniter\View\View->render('home', NULL, true)
#3 C:\xampp\htdocs\loginshwt\app\Views\app.php(25): CodeIgniter\View\View->include('home')
#4 C:\xampp\htdocs\loginshwt\system\View\View.php(246): include('C:\\xampp\\htdocs...')
#5 C:\xampp\htdocs\loginshwt\system\Common.php(1087): CodeIgniter\View\View->render('app', Array, true)
#6 C:\xampp\htdocs\loginshwt\app\Controllers\TicketController.php(17): view('app', Array)
#7 C:\xampp\htdocs\loginshwt\system\CodeIgniter.php(917): App\Controllers\TicketController->indexUser()
#8 C:\xampp\htdocs\loginshwt\system\CodeIgniter.php(403): CodeIgniter\CodeIgniter->runController(Object(App\Controllers\TicketController))
#9 C:\xampp\htdocs\loginshwt\system\CodeIgniter.php(311): CodeIgniter\CodeIgniter->handleRequest(NULL, Object(Config\Cache), false)
#10 C:\xampp\htdocs\loginshwt\public\index.php(45): CodeIgniter\CodeIgniter->run()
#11 C:\xampp\htdocs\loginshwt\system\Commands\Server\rewrite.php(34): require_once('C:\\xampp\\htdocs...')
#12 {main}
CRITICAL - 2022-05-20 09:45:45 --> Cannot use object of type stdClass as array
#0 C:\xampp\htdocs\loginshwt\system\View\View.php(246): include()
#1 C:\xampp\htdocs\loginshwt\system\View\View.php(525): CodeIgniter\View\View->render('home', NULL, true)
#2 C:\xampp\htdocs\loginshwt\app\Views\app.php(25): CodeIgniter\View\View->include('home')
#3 C:\xampp\htdocs\loginshwt\system\View\View.php(246): include('C:\\xampp\\htdocs...')
#4 C:\xampp\htdocs\loginshwt\system\Common.php(1087): CodeIgniter\View\View->render('app', Array, true)
#5 C:\xampp\htdocs\loginshwt\app\Controllers\TicketController.php(17): view('app', Array)
#6 C:\xampp\htdocs\loginshwt\system\CodeIgniter.php(917): App\Controllers\TicketController->indexUser()
#7 C:\xampp\htdocs\loginshwt\system\CodeIgniter.php(403): CodeIgniter\CodeIgniter->runController(Object(App\Controllers\TicketController))
#8 C:\xampp\htdocs\loginshwt\system\CodeIgniter.php(311): CodeIgniter\CodeIgniter->handleRequest(NULL, Object(Config\Cache), false)
#9 C:\xampp\htdocs\loginshwt\public\index.php(45): CodeIgniter\CodeIgniter->run()
#10 C:\xampp\htdocs\loginshwt\system\Commands\Server\rewrite.php(34): require_once('C:\\xampp\\htdocs...')
#11 {main}
CRITICAL - 2022-05-20 09:46:16 --> Undefined property: stdClass::$tid
#0 C:\xampp\htdocs\loginshwt\app\Views\home.php(102): CodeIgniter\Debug\Exceptions->errorHandler(8, 'Undefined prope...', 'C:\\xampp\\htdocs...', 102, Array)
#1 C:\xampp\htdocs\loginshwt\system\View\View.php(246): include('C:\\xampp\\htdocs...')
#2 C:\xampp\htdocs\loginshwt\system\View\View.php(525): CodeIgniter\View\View->render('home', NULL, true)
#3 C:\xampp\htdocs\loginshwt\app\Views\app.php(25): CodeIgniter\View\View->include('home')
#4 C:\xampp\htdocs\loginshwt\system\View\View.php(246): include('C:\\xampp\\htdocs...')
#5 C:\xampp\htdocs\loginshwt\system\Common.php(1087): CodeIgniter\View\View->render('app', Array, true)
#6 C:\xampp\htdocs\loginshwt\app\Controllers\TicketController.php(17): view('app', Array)
#7 C:\xampp\htdocs\loginshwt\system\CodeIgniter.php(917): App\Controllers\TicketController->indexUser()
#8 C:\xampp\htdocs\loginshwt\system\CodeIgniter.php(403): CodeIgniter\CodeIgniter->runController(Object(App\Controllers\TicketController))
#9 C:\xampp\htdocs\loginshwt\system\CodeIgniter.php(311): CodeIgniter\CodeIgniter->handleRequest(NULL, Object(Config\Cache), false)
#10 C:\xampp\htdocs\loginshwt\public\index.php(45): CodeIgniter\CodeIgniter->run()
#11 C:\xampp\htdocs\loginshwt\system\Commands\Server\rewrite.php(34): require_once('C:\\xampp\\htdocs...')
#12 {main}
CRITICAL - 2022-05-20 09:46:57 --> Undefined property: CodeIgniter\View\View::$ticket
#0 C:\xampp\htdocs\loginshwt\app\Views\home.php(102): CodeIgniter\Debug\Exceptions->errorHandler(8, 'Undefined prope...', 'C:\\xampp\\htdocs...', 102, Array)
#1 C:\xampp\htdocs\loginshwt\system\View\View.php(246): include('C:\\xampp\\htdocs...')
#2 C:\xampp\htdocs\loginshwt\system\View\View.php(525): CodeIgniter\View\View->render('home', NULL, true)
#3 C:\xampp\htdocs\loginshwt\app\Views\app.php(25): CodeIgniter\View\View->include('home')
#4 C:\xampp\htdocs\loginshwt\system\View\View.php(246): include('C:\\xampp\\htdocs...')
#5 C:\xampp\htdocs\loginshwt\system\Common.php(1087): CodeIgniter\View\View->render('app', Array, true)
#6 C:\xampp\htdocs\loginshwt\app\Controllers\TicketController.php(17): view('app', Array)
#7 C:\xampp\htdocs\loginshwt\system\CodeIgniter.php(917): App\Controllers\TicketController->indexUser()
#8 C:\xampp\htdocs\loginshwt\system\CodeIgniter.php(403): CodeIgniter\CodeIgniter->runController(Object(App\Controllers\TicketController))
#9 C:\xampp\htdocs\loginshwt\system\CodeIgniter.php(311): CodeIgniter\CodeIgniter->handleRequest(NULL, Object(Config\Cache), false)
#10 C:\xampp\htdocs\loginshwt\public\index.php(45): CodeIgniter\CodeIgniter->run()
#11 C:\xampp\htdocs\loginshwt\system\Commands\Server\rewrite.php(34): require_once('C:\\xampp\\htdocs...')
#12 {main}
CRITICAL - 2022-05-20 09:48:43 --> Undefined property: stdClass::$tid
#0 C:\xampp\htdocs\loginshwt\app\Views\home.php(102): CodeIgniter\Debug\Exceptions->errorHandler(8, 'Undefined prope...', 'C:\\xampp\\htdocs...', 102, Array)
#1 C:\xampp\htdocs\loginshwt\system\View\View.php(246): include('C:\\xampp\\htdocs...')
#2 C:\xampp\htdocs\loginshwt\system\View\View.php(525): CodeIgniter\View\View->render('home', NULL, true)
#3 C:\xampp\htdocs\loginshwt\app\Views\app.php(25): CodeIgniter\View\View->include('home')
#4 C:\xampp\htdocs\loginshwt\system\View\View.php(246): include('C:\\xampp\\htdocs...')
#5 C:\xampp\htdocs\loginshwt\system\Common.php(1087): CodeIgniter\View\View->render('app', Array, true)
#6 C:\xampp\htdocs\loginshwt\app\Controllers\TicketController.php(17): view('app', Array)
#7 C:\xampp\htdocs\loginshwt\system\CodeIgniter.php(917): App\Controllers\TicketController->indexUser()
#8 C:\xampp\htdocs\loginshwt\system\CodeIgniter.php(403): CodeIgniter\CodeIgniter->runController(Object(App\Controllers\TicketController))
#9 C:\xampp\htdocs\loginshwt\system\CodeIgniter.php(311): CodeIgniter\CodeIgniter->handleRequest(NULL, Object(Config\Cache), false)
#10 C:\xampp\htdocs\loginshwt\public\index.php(45): CodeIgniter\CodeIgniter->run()
#11 C:\xampp\htdocs\loginshwt\system\Commands\Server\rewrite.php(34): require_once('C:\\xampp\\htdocs...')
#12 {main}
CRITICAL - 2022-05-20 09:49:20 --> Undefined property: CodeIgniter\View\View::$ticket
#0 C:\xampp\htdocs\loginshwt\app\Views\home.php(102): CodeIgniter\Debug\Exceptions->errorHandler(8, 'Undefined prope...', 'C:\\xampp\\htdocs...', 102, Array)
#1 C:\xampp\htdocs\loginshwt\system\View\View.php(246): include('C:\\xampp\\htdocs...')
#2 C:\xampp\htdocs\loginshwt\system\View\View.php(525): CodeIgniter\View\View->render('home', NULL, true)
#3 C:\xampp\htdocs\loginshwt\app\Views\app.php(25): CodeIgniter\View\View->include('home')
#4 C:\xampp\htdocs\loginshwt\system\View\View.php(246): include('C:\\xampp\\htdocs...')
#5 C:\xampp\htdocs\loginshwt\system\Common.php(1087): CodeIgniter\View\View->render('app', Array, true)
#6 C:\xampp\htdocs\loginshwt\app\Controllers\TicketController.php(17): view('app', Array)
#7 C:\xampp\htdocs\loginshwt\system\CodeIgniter.php(917): App\Controllers\TicketController->indexUser()
#8 C:\xampp\htdocs\loginshwt\system\CodeIgniter.php(403): CodeIgniter\CodeIgniter->runController(Object(App\Controllers\TicketController))
#9 C:\xampp\htdocs\loginshwt\system\CodeIgniter.php(311): CodeIgniter\CodeIgniter->handleRequest(NULL, Object(Config\Cache), false)
#10 C:\xampp\htdocs\loginshwt\public\index.php(45): CodeIgniter\CodeIgniter->run()
#11 C:\xampp\htdocs\loginshwt\system\Commands\Server\rewrite.php(34): require_once('C:\\xampp\\htdocs...')
#12 {main}
CRITICAL - 2022-05-20 09:49:57 --> Undefined property: CodeIgniter\View\View::$ticket
#0 C:\xampp\htdocs\loginshwt\app\Views\home.php(102): CodeIgniter\Debug\Exceptions->errorHandler(8, 'Undefined prope...', 'C:\\xampp\\htdocs...', 102, Array)
#1 C:\xampp\htdocs\loginshwt\system\View\View.php(246): include('C:\\xampp\\htdocs...')
#2 C:\xampp\htdocs\loginshwt\system\View\View.php(525): CodeIgniter\View\View->render('home', NULL, true)
#3 C:\xampp\htdocs\loginshwt\app\Views\app.php(25): CodeIgniter\View\View->include('home')
#4 C:\xampp\htdocs\loginshwt\system\View\View.php(246): include('C:\\xampp\\htdocs...')
#5 C:\xampp\htdocs\loginshwt\system\Common.php(1087): CodeIgniter\View\View->render('app', Array, true)
#6 C:\xampp\htdocs\loginshwt\app\Controllers\TicketController.php(17): view('app', Array)
#7 C:\xampp\htdocs\loginshwt\system\CodeIgniter.php(917): App\Controllers\TicketController->indexUser()
#8 C:\xampp\htdocs\loginshwt\system\CodeIgniter.php(403): CodeIgniter\CodeIgniter->runController(Object(App\Controllers\TicketController))
#9 C:\xampp\htdocs\loginshwt\system\CodeIgniter.php(311): CodeIgniter\CodeIgniter->handleRequest(NULL, Object(Config\Cache), false)
#10 C:\xampp\htdocs\loginshwt\public\index.php(45): CodeIgniter\CodeIgniter->run()
#11 C:\xampp\htdocs\loginshwt\system\Commands\Server\rewrite.php(34): require_once('C:\\xampp\\htdocs...')
#12 {main}
CRITICAL - 2022-05-20 09:50:53 --> Undefined property: CodeIgniter\View\View::$ticket
#0 C:\xampp\htdocs\loginshwt\app\Views\home.php(102): CodeIgniter\Debug\Exceptions->errorHandler(8, 'Undefined prope...', 'C:\\xampp\\htdocs...', 102, Array)
#1 C:\xampp\htdocs\loginshwt\system\View\View.php(246): include('C:\\xampp\\htdocs...')
#2 C:\xampp\htdocs\loginshwt\system\Common.php(1087): CodeIgniter\View\View->render('home', Array, true)
#3 C:\xampp\htdocs\loginshwt\app\Controllers\TicketController.php(17): view('home', Array)
#4 C:\xampp\htdocs\loginshwt\system\CodeIgniter.php(917): App\Controllers\TicketController->indexUser()
#5 C:\xampp\htdocs\loginshwt\system\CodeIgniter.php(403): CodeIgniter\CodeIgniter->runController(Object(App\Controllers\TicketController))
#6 C:\xampp\htdocs\loginshwt\system\CodeIgniter.php(311): CodeIgniter\CodeIgniter->handleRequest(NULL, Object(Config\Cache), false)
#7 C:\xampp\htdocs\loginshwt\public\index.php(45): CodeIgniter\CodeIgniter->run()
#8 C:\xampp\htdocs\loginshwt\system\Commands\Server\rewrite.php(34): require_once('C:\\xampp\\htdocs...')
#9 {main}
CRITICAL - 2022-05-20 09:51:11 --> Undefined property: CodeIgniter\View\View::$ticket
#0 C:\xampp\htdocs\loginshwt\app\Views\home.php(102): CodeIgniter\Debug\Exceptions->errorHandler(8, 'Undefined prope...', 'C:\\xampp\\htdocs...', 102, Array)
#1 C:\xampp\htdocs\loginshwt\system\View\View.php(246): include('C:\\xampp\\htdocs...')
#2 C:\xampp\htdocs\loginshwt\system\View\View.php(525): CodeIgniter\View\View->render('home', NULL, true)
#3 C:\xampp\htdocs\loginshwt\app\Views\app.php(25): CodeIgniter\View\View->include('home')
#4 C:\xampp\htdocs\loginshwt\system\View\View.php(246): include('C:\\xampp\\htdocs...')
#5 C:\xampp\htdocs\loginshwt\system\Common.php(1087): CodeIgniter\View\View->render('app', Array, true)
#6 C:\xampp\htdocs\loginshwt\app\Controllers\TicketController.php(17): view('app', Array)
#7 C:\xampp\htdocs\loginshwt\system\CodeIgniter.php(917): App\Controllers\TicketController->indexUser()
#8 C:\xampp\htdocs\loginshwt\system\CodeIgniter.php(403): CodeIgniter\CodeIgniter->runController(Object(App\Controllers\TicketController))
#9 C:\xampp\htdocs\loginshwt\system\CodeIgniter.php(311): CodeIgniter\CodeIgniter->handleRequest(NULL, Object(Config\Cache), false)
#10 C:\xampp\htdocs\loginshwt\public\index.php(45): CodeIgniter\CodeIgniter->run()
#11 C:\xampp\htdocs\loginshwt\system\Commands\Server\rewrite.php(34): require_once('C:\\xampp\\htdocs...')
#12 {main}
CRITICAL - 2022-05-20 09:54:59 --> Undefined property: CodeIgniter\View\View::$ticket
#0 C:\xampp\htdocs\loginshwt\app\Views\home.php(102): CodeIgniter\Debug\Exceptions->errorHandler(8, 'Undefined prope...', 'C:\\xampp\\htdocs...', 102, Array)
#1 C:\xampp\htdocs\loginshwt\system\View\View.php(246): include('C:\\xampp\\htdocs...')
#2 C:\xampp\htdocs\loginshwt\system\View\View.php(525): CodeIgniter\View\View->render('home', NULL, true)
#3 C:\xampp\htdocs\loginshwt\app\Views\app.php(25): CodeIgniter\View\View->include('home')
#4 C:\xampp\htdocs\loginshwt\system\View\View.php(246): include('C:\\xampp\\htdocs...')
#5 C:\xampp\htdocs\loginshwt\system\Common.php(1087): CodeIgniter\View\View->render('app', Array, true)
#6 C:\xampp\htdocs\loginshwt\app\Controllers\TicketController.php(17): view('app', Array)
#7 C:\xampp\htdocs\loginshwt\system\CodeIgniter.php(917): App\Controllers\TicketController->indexUser()
#8 C:\xampp\htdocs\loginshwt\system\CodeIgniter.php(403): CodeIgniter\CodeIgniter->runController(Object(App\Controllers\TicketController))
#9 C:\xampp\htdocs\loginshwt\system\CodeIgniter.php(311): CodeIgniter\CodeIgniter->handleRequest(NULL, Object(Config\Cache), false)
#10 C:\xampp\htdocs\loginshwt\public\index.php(45): CodeIgniter\CodeIgniter->run()
#11 C:\xampp\htdocs\loginshwt\system\Commands\Server\rewrite.php(34): require_once('C:\\xampp\\htdocs...')
#12 {main}
CRITICAL - 2022-05-20 09:55:27 --> Undefined property: CodeIgniter\View\View::$ticket
#0 C:\xampp\htdocs\loginshwt\app\Views\home.php(102): CodeIgniter\Debug\Exceptions->errorHandler(8, 'Undefined prope...', 'C:\\xampp\\htdocs...', 102, Array)
#1 C:\xampp\htdocs\loginshwt\system\View\View.php(246): include('C:\\xampp\\htdocs...')
#2 C:\xampp\htdocs\loginshwt\system\View\View.php(525): CodeIgniter\View\View->render('home', NULL, true)
#3 C:\xampp\htdocs\loginshwt\app\Views\app.php(25): CodeIgniter\View\View->include('home')
#4 C:\xampp\htdocs\loginshwt\system\View\View.php(246): include('C:\\xampp\\htdocs...')
#5 C:\xampp\htdocs\loginshwt\system\Common.php(1087): CodeIgniter\View\View->render('app', Array, true)
#6 C:\xampp\htdocs\loginshwt\app\Controllers\TicketController.php(17): view('app', Array)
#7 C:\xampp\htdocs\loginshwt\system\CodeIgniter.php(917): App\Controllers\TicketController->indexUser()
#8 C:\xampp\htdocs\loginshwt\system\CodeIgniter.php(403): CodeIgniter\CodeIgniter->runController(Object(App\Controllers\TicketController))
#9 C:\xampp\htdocs\loginshwt\system\CodeIgniter.php(311): CodeIgniter\CodeIgniter->handleRequest(NULL, Object(Config\Cache), false)
#10 C:\xampp\htdocs\loginshwt\public\index.php(45): CodeIgniter\CodeIgniter->run()
#11 C:\xampp\htdocs\loginshwt\system\Commands\Server\rewrite.php(34): require_once('C:\\xampp\\htdocs...')
#12 {main}
CRITICAL - 2022-05-20 09:55:52 --> Undefined property: CodeIgniter\View\View::$ticket
#0 C:\xampp\htdocs\loginshwt\app\Views\home.php(102): CodeIgniter\Debug\Exceptions->errorHandler(8, 'Undefined prope...', 'C:\\xampp\\htdocs...', 102, Array)
#1 C:\xampp\htdocs\loginshwt\system\View\View.php(246): include('C:\\xampp\\htdocs...')
#2 C:\xampp\htdocs\loginshwt\system\View\View.php(525): CodeIgniter\View\View->render('home', NULL, true)
#3 C:\xampp\htdocs\loginshwt\app\Views\app.php(25): CodeIgniter\View\View->include('home')
#4 C:\xampp\htdocs\loginshwt\system\View\View.php(246): include('C:\\xampp\\htdocs...')
#5 C:\xampp\htdocs\loginshwt\system\Common.php(1087): CodeIgniter\View\View->render('app', Array, true)
#6 C:\xampp\htdocs\loginshwt\app\Controllers\TicketController.php(17): view('app', Array)
#7 C:\xampp\htdocs\loginshwt\system\CodeIgniter.php(917): App\Controllers\TicketController->indexUser()
#8 C:\xampp\htdocs\loginshwt\system\CodeIgniter.php(403): CodeIgniter\CodeIgniter->runController(Object(App\Controllers\TicketController))
#9 C:\xampp\htdocs\loginshwt\system\CodeIgniter.php(311): CodeIgniter\CodeIgniter->handleRequest(NULL, Object(Config\Cache), false)
#10 C:\xampp\htdocs\loginshwt\public\index.php(45): CodeIgniter\CodeIgniter->run()
#11 C:\xampp\htdocs\loginshwt\system\Commands\Server\rewrite.php(34): require_once('C:\\xampp\\htdocs...')
#12 {main}
CRITICAL - 2022-05-20 09:56:05 --> Undefined property: CodeIgniter\View\View::$ticket
#0 C:\xampp\htdocs\loginshwt\app\Views\home.php(102): CodeIgniter\Debug\Exceptions->errorHandler(8, 'Undefined prope...', 'C:\\xampp\\htdocs...', 102, Array)
#1 C:\xampp\htdocs\loginshwt\system\View\View.php(246): include('C:\\xampp\\htdocs...')
#2 C:\xampp\htdocs\loginshwt\system\View\View.php(525): CodeIgniter\View\View->render('home', NULL, true)
#3 C:\xampp\htdocs\loginshwt\app\Views\app.php(25): CodeIgniter\View\View->include('home')
#4 C:\xampp\htdocs\loginshwt\system\View\View.php(246): include('C:\\xampp\\htdocs...')
#5 C:\xampp\htdocs\loginshwt\system\Common.php(1087): CodeIgniter\View\View->render('app', Array, true)
#6 C:\xampp\htdocs\loginshwt\app\Controllers\TicketController.php(17): view('app', Array)
#7 C:\xampp\htdocs\loginshwt\system\CodeIgniter.php(917): App\Controllers\TicketController->indexUser()
#8 C:\xampp\htdocs\loginshwt\system\CodeIgniter.php(403): CodeIgniter\CodeIgniter->runController(Object(App\Controllers\TicketController))
#9 C:\xampp\htdocs\loginshwt\system\CodeIgniter.php(311): CodeIgniter\CodeIgniter->handleRequest(NULL, Object(Config\Cache), false)
#10 C:\xampp\htdocs\loginshwt\public\index.php(45): CodeIgniter\CodeIgniter->run()
#11 C:\xampp\htdocs\loginshwt\system\Commands\Server\rewrite.php(34): require_once('C:\\xampp\\htdocs...')
#12 {main}
CRITICAL - 2022-05-20 09:56:52 --> Undefined property: App\Controllers\TicketController::$TicketModel
#0 C:\xampp\htdocs\loginshwt\app\Controllers\TicketController.php(15): CodeIgniter\Debug\Exceptions->errorHandler(8, 'Undefined prope...', 'C:\\xampp\\htdocs...', 15, Array)
#1 C:\xampp\htdocs\loginshwt\system\CodeIgniter.php(917): App\Controllers\TicketController->indexUser()
#2 C:\xampp\htdocs\loginshwt\system\CodeIgniter.php(403): CodeIgniter\CodeIgniter->runController(Object(App\Controllers\TicketController))
#3 C:\xampp\htdocs\loginshwt\system\CodeIgniter.php(311): CodeIgniter\CodeIgniter->handleRequest(NULL, Object(Config\Cache), false)
#4 C:\xampp\htdocs\loginshwt\public\index.php(45): CodeIgniter\CodeIgniter->run()
#5 C:\xampp\htdocs\loginshwt\system\Commands\Server\rewrite.php(34): require_once('C:\\xampp\\htdocs...')
#6 {main}
CRITICAL - 2022-05-20 09:57:29 --> Call to a member function get_all_ticket() on null
#0 C:\xampp\htdocs\loginshwt\system\CodeIgniter.php(917): App\Controllers\TicketController->indexUser()
#1 C:\xampp\htdocs\loginshwt\system\CodeIgniter.php(403): CodeIgniter\CodeIgniter->runController(Object(App\Controllers\TicketController))
#2 C:\xampp\htdocs\loginshwt\system\CodeIgniter.php(311): CodeIgniter\CodeIgniter->handleRequest(NULL, Object(Config\Cache), false)
#3 C:\xampp\htdocs\loginshwt\public\index.php(45): CodeIgniter\CodeIgniter->run()
#4 C:\xampp\htdocs\loginshwt\system\Commands\Server\rewrite.php(34): require_once('C:\\xampp\\htdocs...')
#5 {main}
CRITICAL - 2022-05-20 09:57:57 --> Undefined property: App\Controllers\TicketController::$ticket_Model
#0 C:\xampp\htdocs\loginshwt\app\Controllers\TicketController.php(15): CodeIgniter\Debug\Exceptions->errorHandler(8, 'Undefined prope...', 'C:\\xampp\\htdocs...', 15, Array)
#1 C:\xampp\htdocs\loginshwt\system\CodeIgniter.php(917): App\Controllers\TicketController->indexUser()
#2 C:\xampp\htdocs\loginshwt\system\CodeIgniter.php(403): CodeIgniter\CodeIgniter->runController(Object(App\Controllers\TicketController))
#3 C:\xampp\htdocs\loginshwt\system\CodeIgniter.php(311): CodeIgniter\CodeIgniter->handleRequest(NULL, Object(Config\Cache), false)
#4 C:\xampp\htdocs\loginshwt\public\index.php(45): CodeIgniter\CodeIgniter->run()
#5 C:\xampp\htdocs\loginshwt\system\Commands\Server\rewrite.php(34): require_once('C:\\xampp\\htdocs...')
#6 {main}
CRITICAL - 2022-05-20 09:58:18 --> Undefined property: CodeIgniter\View\View::$ticket
#0 C:\xampp\htdocs\loginshwt\app\Views\home.php(102): CodeIgniter\Debug\Exceptions->errorHandler(8, 'Undefined prope...', 'C:\\xampp\\htdocs...', 102, Array)
#1 C:\xampp\htdocs\loginshwt\system\View\View.php(246): include('C:\\xampp\\htdocs...')
#2 C:\xampp\htdocs\loginshwt\system\View\View.php(525): CodeIgniter\View\View->render('home', NULL, true)
#3 C:\xampp\htdocs\loginshwt\app\Views\app.php(25): CodeIgniter\View\View->include('home')
#4 C:\xampp\htdocs\loginshwt\system\View\View.php(246): include('C:\\xampp\\htdocs...')
#5 C:\xampp\htdocs\loginshwt\system\Common.php(1087): CodeIgniter\View\View->render('app', Array, true)
#6 C:\xampp\htdocs\loginshwt\app\Controllers\TicketController.php(17): view('app', Array)
#7 C:\xampp\htdocs\loginshwt\system\CodeIgniter.php(917): App\Controllers\TicketController->indexUser()
#8 C:\xampp\htdocs\loginshwt\system\CodeIgniter.php(403): CodeIgniter\CodeIgniter->runController(Object(App\Controllers\TicketController))
#9 C:\xampp\htdocs\loginshwt\system\CodeIgniter.php(311): CodeIgniter\CodeIgniter->handleRequest(NULL, Object(Config\Cache), false)
#10 C:\xampp\htdocs\loginshwt\public\index.php(45): CodeIgniter\CodeIgniter->run()
#11 C:\xampp\htdocs\loginshwt\system\Commands\Server\rewrite.php(34): require_once('C:\\xampp\\htdocs...')
#12 {main}
CRITICAL - 2022-05-20 09:59:05 --> Undefined property: stdClass::$tid
#0 C:\xampp\htdocs\loginshwt\app\Views\home.php(102): CodeIgniter\Debug\Exceptions->errorHandler(8, 'Undefined prope...', 'C:\\xampp\\htdocs...', 102, Array)
#1 C:\xampp\htdocs\loginshwt\system\View\View.php(246): include('C:\\xampp\\htdocs...')
#2 C:\xampp\htdocs\loginshwt\system\View\View.php(525): CodeIgniter\View\View->render('home', NULL, true)
#3 C:\xampp\htdocs\loginshwt\app\Views\app.php(25): CodeIgniter\View\View->include('home')
#4 C:\xampp\htdocs\loginshwt\system\View\View.php(246): include('C:\\xampp\\htdocs...')
#5 C:\xampp\htdocs\loginshwt\system\Common.php(1087): CodeIgniter\View\View->render('app', Array, true)
#6 C:\xampp\htdocs\loginshwt\app\Controllers\TicketController.php(17): view('app', Array)
#7 C:\xampp\htdocs\loginshwt\system\CodeIgniter.php(917): App\Controllers\TicketController->indexUser()
#8 C:\xampp\htdocs\loginshwt\system\CodeIgniter.php(403): CodeIgniter\CodeIgniter->runController(Object(App\Controllers\TicketController))
#9 C:\xampp\htdocs\loginshwt\system\CodeIgniter.php(311): CodeIgniter\CodeIgniter->handleRequest(NULL, Object(Config\Cache), false)
#10 C:\xampp\htdocs\loginshwt\public\index.php(45): CodeIgniter\CodeIgniter->run()
#11 C:\xampp\htdocs\loginshwt\system\Commands\Server\rewrite.php(34): require_once('C:\\xampp\\htdocs...')
#12 {main}
CRITICAL - 2022-05-20 10:01:32 --> Undefined property: stdClass::$tid
#0 C:\xampp\htdocs\loginshwt\app\Views\home.php(102): CodeIgniter\Debug\Exceptions->errorHandler(8, 'Undefined prope...', 'C:\\xampp\\htdocs...', 102, Array)
#1 C:\xampp\htdocs\loginshwt\system\View\View.php(246): include('C:\\xampp\\htdocs...')
#2 C:\xampp\htdocs\loginshwt\system\View\View.php(525): CodeIgniter\View\View->render('home', NULL, true)
#3 C:\xampp\htdocs\loginshwt\app\Views\app.php(25): CodeIgniter\View\View->include('home')
#4 C:\xampp\htdocs\loginshwt\system\View\View.php(246): include('C:\\xampp\\htdocs...')
#5 C:\xampp\htdocs\loginshwt\system\Common.php(1087): CodeIgniter\View\View->render('app', Array, true)
#6 C:\xampp\htdocs\loginshwt\app\Controllers\TicketController.php(17): view('app', Array)
#7 C:\xampp\htdocs\loginshwt\system\CodeIgniter.php(917): App\Controllers\TicketController->indexUser()
#8 C:\xampp\htdocs\loginshwt\system\CodeIgniter.php(403): CodeIgniter\CodeIgniter->runController(Object(App\Controllers\TicketController))
#9 C:\xampp\htdocs\loginshwt\system\CodeIgniter.php(311): CodeIgniter\CodeIgniter->handleRequest(NULL, Object(Config\Cache), false)
#10 C:\xampp\htdocs\loginshwt\public\index.php(45): CodeIgniter\CodeIgniter->run()
#11 C:\xampp\htdocs\loginshwt\system\Commands\Server\rewrite.php(34): require_once('C:\\xampp\\htdocs...')
#12 {main}
CRITICAL - 2022-05-20 10:02:16 --> Undefined property: stdClass::$tid
#0 C:\xampp\htdocs\loginshwt\app\Views\home.php(102): CodeIgniter\Debug\Exceptions->errorHandler(8, 'Undefined prope...', 'C:\\xampp\\htdocs...', 102, Array)
#1 C:\xampp\htdocs\loginshwt\system\View\View.php(246): include('C:\\xampp\\htdocs...')
#2 C:\xampp\htdocs\loginshwt\system\View\View.php(525): CodeIgniter\View\View->render('home', NULL, true)
#3 C:\xampp\htdocs\loginshwt\app\Views\app.php(25): CodeIgniter\View\View->include('home')
#4 C:\xampp\htdocs\loginshwt\system\View\View.php(246): include('C:\\xampp\\htdocs...')
#5 C:\xampp\htdocs\loginshwt\system\Common.php(1087): CodeIgniter\View\View->render('app', Array, true)
#6 C:\xampp\htdocs\loginshwt\app\Controllers\TicketController.php(16): view('app', Array)
#7 C:\xampp\htdocs\loginshwt\system\CodeIgniter.php(917): App\Controllers\TicketController->indexUser()
#8 C:\xampp\htdocs\loginshwt\system\CodeIgniter.php(403): CodeIgniter\CodeIgniter->runController(Object(App\Controllers\TicketController))
#9 C:\xampp\htdocs\loginshwt\system\CodeIgniter.php(311): CodeIgniter\CodeIgniter->handleRequest(NULL, Object(Config\Cache), false)
#10 C:\xampp\htdocs\loginshwt\public\index.php(45): CodeIgniter\CodeIgniter->run()
#11 C:\xampp\htdocs\loginshwt\system\Commands\Server\rewrite.php(34): require_once('C:\\xampp\\htdocs...')
#12 {main}
CRITICAL - 2022-05-20 10:03:09 --> Undefined property: stdClass::$tid
#0 C:\xampp\htdocs\loginshwt\app\Views\home.php(102): CodeIgniter\Debug\Exceptions->errorHandler(8, 'Undefined prope...', 'C:\\xampp\\htdocs...', 102, Array)
#1 C:\xampp\htdocs\loginshwt\system\View\View.php(246): include('C:\\xampp\\htdocs...')
#2 C:\xampp\htdocs\loginshwt\system\View\View.php(525): CodeIgniter\View\View->render('home', NULL, true)
#3 C:\xampp\htdocs\loginshwt\app\Views\app.php(25): CodeIgniter\View\View->include('home')
#4 C:\xampp\htdocs\loginshwt\system\View\View.php(246): include('C:\\xampp\\htdocs...')
#5 C:\xampp\htdocs\loginshwt\system\Common.php(1087): CodeIgniter\View\View->render('app', Array, true)
#6 C:\xampp\htdocs\loginshwt\app\Controllers\TicketController.php(16): view('app', Array)
#7 C:\xampp\htdocs\loginshwt\system\CodeIgniter.php(917): App\Controllers\TicketController->indexUser()
#8 C:\xampp\htdocs\loginshwt\system\CodeIgniter.php(403): CodeIgniter\CodeIgniter->runController(Object(App\Controllers\TicketController))
#9 C:\xampp\htdocs\loginshwt\system\CodeIgniter.php(311): CodeIgniter\CodeIgniter->handleRequest(NULL, Object(Config\Cache), false)
#10 C:\xampp\htdocs\loginshwt\public\index.php(45): CodeIgniter\CodeIgniter->run()
#11 C:\xampp\htdocs\loginshwt\system\Commands\Server\rewrite.php(34): require_once('C:\\xampp\\htdocs...')
#12 {main}
CRITICAL - 2022-05-20 10:03:24 --> Undefined property: stdClass::$cid
#0 C:\xampp\htdocs\loginshwt\app\Views\home.php(102): CodeIgniter\Debug\Exceptions->errorHandler(8, 'Undefined prope...', 'C:\\xampp\\htdocs...', 102, Array)
#1 C:\xampp\htdocs\loginshwt\system\View\View.php(246): include('C:\\xampp\\htdocs...')
#2 C:\xampp\htdocs\loginshwt\system\View\View.php(525): CodeIgniter\View\View->render('home', NULL, true)
#3 C:\xampp\htdocs\loginshwt\app\Views\app.php(25): CodeIgniter\View\View->include('home')
#4 C:\xampp\htdocs\loginshwt\system\View\View.php(246): include('C:\\xampp\\htdocs...')
#5 C:\xampp\htdocs\loginshwt\system\Common.php(1087): CodeIgniter\View\View->render('app', Array, true)
#6 C:\xampp\htdocs\loginshwt\app\Controllers\TicketController.php(16): view('app', Array)
#7 C:\xampp\htdocs\loginshwt\system\CodeIgniter.php(917): App\Controllers\TicketController->indexUser()
#8 C:\xampp\htdocs\loginshwt\system\CodeIgniter.php(403): CodeIgniter\CodeIgniter->runController(Object(App\Controllers\TicketController))
#9 C:\xampp\htdocs\loginshwt\system\CodeIgniter.php(311): CodeIgniter\CodeIgniter->handleRequest(NULL, Object(Config\Cache), false)
#10 C:\xampp\htdocs\loginshwt\public\index.php(45): CodeIgniter\CodeIgniter->run()
#11 C:\xampp\htdocs\loginshwt\system\Commands\Server\rewrite.php(34): require_once('C:\\xampp\\htdocs...')
#12 {main}
CRITICAL - 2022-05-20 10:03:51 --> Object of class stdClass could not be converted to string
#0 C:\xampp\htdocs\loginshwt\app\Views\home.php(102): CodeIgniter\Debug\Exceptions->errorHandler(4096, 'Object of class...', 'C:\\xampp\\htdocs...', 102, Array)
#1 C:\xampp\htdocs\loginshwt\system\View\View.php(246): include('C:\\xampp\\htdocs...')
#2 C:\xampp\htdocs\loginshwt\system\View\View.php(525): CodeIgniter\View\View->render('home', NULL, true)
#3 C:\xampp\htdocs\loginshwt\app\Views\app.php(25): CodeIgniter\View\View->include('home')
#4 C:\xampp\htdocs\loginshwt\system\View\View.php(246): include('C:\\xampp\\htdocs...')
#5 C:\xampp\htdocs\loginshwt\system\Common.php(1087): CodeIgniter\View\View->render('app', Array, true)
#6 C:\xampp\htdocs\loginshwt\app\Controllers\TicketController.php(16): view('app', Array)
#7 C:\xampp\htdocs\loginshwt\system\CodeIgniter.php(917): App\Controllers\TicketController->indexUser()
#8 C:\xampp\htdocs\loginshwt\system\CodeIgniter.php(403): CodeIgniter\CodeIgniter->runController(Object(App\Controllers\TicketController))
#9 C:\xampp\htdocs\loginshwt\system\CodeIgniter.php(311): CodeIgniter\CodeIgniter->handleRequest(NULL, Object(Config\Cache), false)
#10 C:\xampp\htdocs\loginshwt\public\index.php(45): CodeIgniter\CodeIgniter->run()
#11 C:\xampp\htdocs\loginshwt\system\Commands\Server\rewrite.php(34): require_once('C:\\xampp\\htdocs...')
#12 {main}
CRITICAL - 2022-05-20 10:04:04 --> Object of class stdClass could not be converted to number
#0 C:\xampp\htdocs\loginshwt\app\Views\home.php(102): CodeIgniter\Debug\Exceptions->errorHandler(8, 'Object of class...', 'C:\\xampp\\htdocs...', 102, Array)
#1 C:\xampp\htdocs\loginshwt\system\View\View.php(246): include('C:\\xampp\\htdocs...')
#2 C:\xampp\htdocs\loginshwt\system\View\View.php(525): CodeIgniter\View\View->render('home', NULL, true)
#3 C:\xampp\htdocs\loginshwt\app\Views\app.php(25): CodeIgniter\View\View->include('home')
#4 C:\xampp\htdocs\loginshwt\system\View\View.php(246): include('C:\\xampp\\htdocs...')
#5 C:\xampp\htdocs\loginshwt\system\Common.php(1087): CodeIgniter\View\View->render('app', Array, true)
#6 C:\xampp\htdocs\loginshwt\app\Controllers\TicketController.php(16): view('app', Array)
#7 C:\xampp\htdocs\loginshwt\system\CodeIgniter.php(917): App\Controllers\TicketController->indexUser()
#8 C:\xampp\htdocs\loginshwt\system\CodeIgniter.php(403): CodeIgniter\CodeIgniter->runController(Object(App\Controllers\TicketController))
#9 C:\xampp\htdocs\loginshwt\system\CodeIgniter.php(311): CodeIgniter\CodeIgniter->handleRequest(NULL, Object(Config\Cache), false)
#10 C:\xampp\htdocs\loginshwt\public\index.php(45): CodeIgniter\CodeIgniter->run()
#11 C:\xampp\htdocs\loginshwt\system\Commands\Server\rewrite.php(34): require_once('C:\\xampp\\htdocs...')
#12 {main}
CRITICAL - 2022-05-20 10:06:43 --> Array to string conversion
#0 C:\xampp\htdocs\loginshwt\app\Views\home.php(104): CodeIgniter\Debug\Exceptions->errorHandler(8, 'Array to string...', 'C:\\xampp\\htdocs...', 104, Array)
#1 C:\xampp\htdocs\loginshwt\system\View\View.php(246): include('C:\\xampp\\htdocs...')
#2 C:\xampp\htdocs\loginshwt\system\View\View.php(525): CodeIgniter\View\View->render('home', NULL, true)
#3 C:\xampp\htdocs\loginshwt\app\Views\app.php(25): CodeIgniter\View\View->include('home')
#4 C:\xampp\htdocs\loginshwt\system\View\View.php(246): include('C:\\xampp\\htdocs...')
#5 C:\xampp\htdocs\loginshwt\system\Common.php(1087): CodeIgniter\View\View->render('app', Array, true)
#6 C:\xampp\htdocs\loginshwt\app\Controllers\TicketController.php(16): view('app', Array)
#7 C:\xampp\htdocs\loginshwt\system\CodeIgniter.php(917): App\Controllers\TicketController->indexUser()
#8 C:\xampp\htdocs\loginshwt\system\CodeIgniter.php(403): CodeIgniter\CodeIgniter->runController(Object(App\Controllers\TicketController))
#9 C:\xampp\htdocs\loginshwt\system\CodeIgniter.php(311): CodeIgniter\CodeIgniter->handleRequest(NULL, Object(Config\Cache), false)
#10 C:\xampp\htdocs\loginshwt\public\index.php(45): CodeIgniter\CodeIgniter->run()
#11 C:\xampp\htdocs\loginshwt\system\Commands\Server\rewrite.php(34): require_once('C:\\xampp\\htdocs...')
#12 {main}
CRITICAL - 2022-05-20 10:07:42 --> Object of class stdClass could not be converted to string
#0 C:\xampp\htdocs\loginshwt\app\Views\home.php(102): CodeIgniter\Debug\Exceptions->errorHandler(4096, 'Object of class...', 'C:\\xampp\\htdocs...', 102, Array)
#1 C:\xampp\htdocs\loginshwt\system\View\View.php(246): include('C:\\xampp\\htdocs...')
#2 C:\xampp\htdocs\loginshwt\system\View\View.php(525): CodeIgniter\View\View->render('home', NULL, true)
#3 C:\xampp\htdocs\loginshwt\app\Views\app.php(25): CodeIgniter\View\View->include('home')
#4 C:\xampp\htdocs\loginshwt\system\View\View.php(246): include('C:\\xampp\\htdocs...')
#5 C:\xampp\htdocs\loginshwt\system\Common.php(1087): CodeIgniter\View\View->render('app', Array, true)
#6 C:\xampp\htdocs\loginshwt\app\Controllers\TicketController.php(16): view('app', Array)
#7 C:\xampp\htdocs\loginshwt\system\CodeIgniter.php(917): App\Controllers\TicketController->indexUser()
#8 C:\xampp\htdocs\loginshwt\system\CodeIgniter.php(403): CodeIgniter\CodeIgniter->runController(Object(App\Controllers\TicketController))
#9 C:\xampp\htdocs\loginshwt\system\CodeIgniter.php(311): CodeIgniter\CodeIgniter->handleRequest(NULL, Object(Config\Cache), false)
#10 C:\xampp\htdocs\loginshwt\public\index.php(45): CodeIgniter\CodeIgniter->run()
#11 C:\xampp\htdocs\loginshwt\system\Commands\Server\rewrite.php(34): require_once('C:\\xampp\\htdocs...')
#12 {main}
CRITICAL - 2022-05-20 10:11:26 --> Undefined property: stdClass::$tid
#0 C:\xampp\htdocs\loginshwt\app\Views\home.php(105): CodeIgniter\Debug\Exceptions->errorHandler(8, 'Undefined prope...', 'C:\\xampp\\htdocs...', 105, Array)
#1 C:\xampp\htdocs\loginshwt\system\View\View.php(246): include('C:\\xampp\\htdocs...')
#2 C:\xampp\htdocs\loginshwt\system\View\View.php(525): CodeIgniter\View\View->render('home', NULL, true)
#3 C:\xampp\htdocs\loginshwt\app\Views\app.php(25): CodeIgniter\View\View->include('home')
#4 C:\xampp\htdocs\loginshwt\system\View\View.php(246): include('C:\\xampp\\htdocs...')
#5 C:\xampp\htdocs\loginshwt\system\Common.php(1087): CodeIgniter\View\View->render('app', Array, true)
#6 C:\xampp\htdocs\loginshwt\app\Controllers\TicketController.php(16): view('app', Array)
#7 C:\xampp\htdocs\loginshwt\system\CodeIgniter.php(917): App\Controllers\TicketController->indexUser()
#8 C:\xampp\htdocs\loginshwt\system\CodeIgniter.php(403): CodeIgniter\CodeIgniter->runController(Object(App\Controllers\TicketController))
#9 C:\xampp\htdocs\loginshwt\system\CodeIgniter.php(311): CodeIgniter\CodeIgniter->handleRequest(NULL, Object(Config\Cache), false)
#10 C:\xampp\htdocs\loginshwt\public\index.php(45): CodeIgniter\CodeIgniter->run()
#11 C:\xampp\htdocs\loginshwt\system\Commands\Server\rewrite.php(34): require_once('C:\\xampp\\htdocs...')
#12 {main}
CRITICAL - 2022-05-20 10:12:08 --> Undefined variable: id
#0 C:\xampp\htdocs\loginshwt\app\Views\home.php(105): CodeIgniter\Debug\Exceptions->errorHandler(8, 'Undefined varia...', 'C:\\xampp\\htdocs...', 105, Array)
#1 C:\xampp\htdocs\loginshwt\system\View\View.php(246): include('C:\\xampp\\htdocs...')
#2 C:\xampp\htdocs\loginshwt\system\View\View.php(525): CodeIgniter\View\View->render('home', NULL, true)
#3 C:\xampp\htdocs\loginshwt\app\Views\app.php(25): CodeIgniter\View\View->include('home')
#4 C:\xampp\htdocs\loginshwt\system\View\View.php(246): include('C:\\xampp\\htdocs...')
#5 C:\xampp\htdocs\loginshwt\system\Common.php(1087): CodeIgniter\View\View->render('app', Array, true)
#6 C:\xampp\htdocs\loginshwt\app\Controllers\TicketController.php(16): view('app', Array)
#7 C:\xampp\htdocs\loginshwt\system\CodeIgniter.php(917): App\Controllers\TicketController->indexUser()
#8 C:\xampp\htdocs\loginshwt\system\CodeIgniter.php(403): CodeIgniter\CodeIgniter->runController(Object(App\Controllers\TicketController))
#9 C:\xampp\htdocs\loginshwt\system\CodeIgniter.php(311): CodeIgniter\CodeIgniter->handleRequest(NULL, Object(Config\Cache), false)
#10 C:\xampp\htdocs\loginshwt\public\index.php(45): CodeIgniter\CodeIgniter->run()
#11 C:\xampp\htdocs\loginshwt\system\Commands\Server\rewrite.php(34): require_once('C:\\xampp\\htdocs...')
#12 {main}
CRITICAL - 2022-05-20 10:13:08 --> Undefined property: stdClass::$tid
#0 C:\xampp\htdocs\loginshwt\app\Views\home.php(106): CodeIgniter\Debug\Exceptions->errorHandler(8, 'Undefined prope...', 'C:\\xampp\\htdocs...', 106, Array)
#1 C:\xampp\htdocs\loginshwt\system\View\View.php(246): include('C:\\xampp\\htdocs...')
#2 C:\xampp\htdocs\loginshwt\system\View\View.php(525): CodeIgniter\View\View->render('home', NULL, true)
#3 C:\xampp\htdocs\loginshwt\app\Views\app.php(25): CodeIgniter\View\View->include('home')
#4 C:\xampp\htdocs\loginshwt\system\View\View.php(246): include('C:\\xampp\\htdocs...')
#5 C:\xampp\htdocs\loginshwt\system\Common.php(1087): CodeIgniter\View\View->render('app', Array, true)
#6 C:\xampp\htdocs\loginshwt\app\Controllers\TicketController.php(16): view('app', Array)
#7 C:\xampp\htdocs\loginshwt\system\CodeIgniter.php(917): App\Controllers\TicketController->indexUser()
#8 C:\xampp\htdocs\loginshwt\system\CodeIgniter.php(403): CodeIgniter\CodeIgniter->runController(Object(App\Controllers\TicketController))
#9 C:\xampp\htdocs\loginshwt\system\CodeIgniter.php(311): CodeIgniter\CodeIgniter->handleRequest(NULL, Object(Config\Cache), false)
#10 C:\xampp\htdocs\loginshwt\public\index.php(45): CodeIgniter\CodeIgniter->run()
#11 C:\xampp\htdocs\loginshwt\system\Commands\Server\rewrite.php(34): require_once('C:\\xampp\\htdocs...')
#12 {main}
CRITICAL - 2022-05-20 10:13:21 --> Undefined property: stdClass::$id
#0 C:\xampp\htdocs\loginshwt\app\Views\home.php(105): CodeIgniter\Debug\Exceptions->errorHandler(8, 'Undefined prope...', 'C:\\xampp\\htdocs...', 105, Array)
#1 C:\xampp\htdocs\loginshwt\system\View\View.php(246): include('C:\\xampp\\htdocs...')
#2 C:\xampp\htdocs\loginshwt\system\View\View.php(525): CodeIgniter\View\View->render('home', NULL, true)
#3 C:\xampp\htdocs\loginshwt\app\Views\app.php(25): CodeIgniter\View\View->include('home')
#4 C:\xampp\htdocs\loginshwt\system\View\View.php(246): include('C:\\xampp\\htdocs...')
#5 C:\xampp\htdocs\loginshwt\system\Common.php(1087): CodeIgniter\View\View->render('app', Array, true)
#6 C:\xampp\htdocs\loginshwt\app\Controllers\TicketController.php(16): view('app', Array)
#7 C:\xampp\htdocs\loginshwt\system\CodeIgniter.php(917): App\Controllers\TicketController->indexUser()
#8 C:\xampp\htdocs\loginshwt\system\CodeIgniter.php(403): CodeIgniter\CodeIgniter->runController(Object(App\Controllers\TicketController))
#9 C:\xampp\htdocs\loginshwt\system\CodeIgniter.php(311): CodeIgniter\CodeIgniter->handleRequest(NULL, Object(Config\Cache), false)
#10 C:\xampp\htdocs\loginshwt\public\index.php(45): CodeIgniter\CodeIgniter->run()
#11 C:\xampp\htdocs\loginshwt\system\Commands\Server\rewrite.php(34): require_once('C:\\xampp\\htdocs...')
#12 {main}
CRITICAL - 2022-05-20 10:14:17 --> Undefined property: stdClass::$tid
#0 C:\xampp\htdocs\loginshwt\app\Views\home.php(105): CodeIgniter\Debug\Exceptions->errorHandler(8, 'Undefined prope...', 'C:\\xampp\\htdocs...', 105, Array)
#1 C:\xampp\htdocs\loginshwt\system\View\View.php(246): include('C:\\xampp\\htdocs...')
#2 C:\xampp\htdocs\loginshwt\system\View\View.php(525): CodeIgniter\View\View->render('home', NULL, true)
#3 C:\xampp\htdocs\loginshwt\app\Views\app.php(25): CodeIgniter\View\View->include('home')
#4 C:\xampp\htdocs\loginshwt\system\View\View.php(246): include('C:\\xampp\\htdocs...')
#5 C:\xampp\htdocs\loginshwt\system\Common.php(1087): CodeIgniter\View\View->render('app', Array, true)
#6 C:\xampp\htdocs\loginshwt\app\Controllers\TicketController.php(16): view('app', Array)
#7 C:\xampp\htdocs\loginshwt\system\CodeIgniter.php(917): App\Controllers\TicketController->indexUser()
#8 C:\xampp\htdocs\loginshwt\system\CodeIgniter.php(403): CodeIgniter\CodeIgniter->runController(Object(App\Controllers\TicketController))
#9 C:\xampp\htdocs\loginshwt\system\CodeIgniter.php(311): CodeIgniter\CodeIgniter->handleRequest(NULL, Object(Config\Cache), false)
#10 C:\xampp\htdocs\loginshwt\public\index.php(45): CodeIgniter\CodeIgniter->run()
#11 C:\xampp\htdocs\loginshwt\system\Commands\Server\rewrite.php(34): require_once('C:\\xampp\\htdocs...')
#12 {main}
CRITICAL - 2022-05-20 10:16:28 --> Undefined property: stdClass::$tid
#0 C:\xampp\htdocs\loginshwt\app\Views\home.php(105): CodeIgniter\Debug\Exceptions->errorHandler(8, 'Undefined prope...', 'C:\\xampp\\htdocs...', 105, Array)
#1 C:\xampp\htdocs\loginshwt\system\View\View.php(246): include('C:\\xampp\\htdocs...')
#2 C:\xampp\htdocs\loginshwt\system\View\View.php(525): CodeIgniter\View\View->render('home', NULL, true)
#3 C:\xampp\htdocs\loginshwt\app\Views\app.php(25): CodeIgniter\View\View->include('home')
#4 C:\xampp\htdocs\loginshwt\system\View\View.php(246): include('C:\\xampp\\htdocs...')
#5 C:\xampp\htdocs\loginshwt\system\Common.php(1087): CodeIgniter\View\View->render('app', Array, true)
#6 C:\xampp\htdocs\loginshwt\app\Controllers\TicketController.php(16): view('app', Array)
#7 C:\xampp\htdocs\loginshwt\system\CodeIgniter.php(917): App\Controllers\TicketController->indexUser()
#8 C:\xampp\htdocs\loginshwt\system\CodeIgniter.php(403): CodeIgniter\CodeIgniter->runController(Object(App\Controllers\TicketController))
#9 C:\xampp\htdocs\loginshwt\system\CodeIgniter.php(311): CodeIgniter\CodeIgniter->handleRequest(NULL, Object(Config\Cache), false)
#10 C:\xampp\htdocs\loginshwt\public\index.php(45): CodeIgniter\CodeIgniter->run()
#11 C:\xampp\htdocs\loginshwt\system\Commands\Server\rewrite.php(34): require_once('C:\\xampp\\htdocs...')
#12 {main}
CRITICAL - 2022-05-20 10:31:32 --> Undefined property: stdClass::$tid
#0 C:\xampp\htdocs\loginshwt\app\Views\home.php(105): CodeIgniter\Debug\Exceptions->errorHandler(8, 'Undefined prope...', 'C:\\xampp\\htdocs...', 105, Array)
#1 C:\xampp\htdocs\loginshwt\system\View\View.php(246): include('C:\\xampp\\htdocs...')
#2 C:\xampp\htdocs\loginshwt\system\View\View.php(525): CodeIgniter\View\View->render('home', NULL, true)
#3 C:\xampp\htdocs\loginshwt\app\Views\app.php(25): CodeIgniter\View\View->include('home')
#4 C:\xampp\htdocs\loginshwt\system\View\View.php(246): include('C:\\xampp\\htdocs...')
#5 C:\xampp\htdocs\loginshwt\system\Common.php(1087): CodeIgniter\View\View->render('app', Array, true)
#6 C:\xampp\htdocs\loginshwt\app\Controllers\TicketController.php(16): view('app', Array)
#7 C:\xampp\htdocs\loginshwt\system\CodeIgniter.php(917): App\Controllers\TicketController->indexUser()
#8 C:\xampp\htdocs\loginshwt\system\CodeIgniter.php(403): CodeIgniter\CodeIgniter->runController(Object(App\Controllers\TicketController))
#9 C:\xampp\htdocs\loginshwt\system\CodeIgniter.php(311): CodeIgniter\CodeIgniter->handleRequest(NULL, Object(Config\Cache), false)
#10 C:\xampp\htdocs\loginshwt\public\index.php(45): CodeIgniter\CodeIgniter->run()
#11 C:\xampp\htdocs\loginshwt\system\Commands\Server\rewrite.php(34): require_once('C:\\xampp\\htdocs...')
#12 {main}
CRITICAL - 2022-05-20 10:33:33 --> Undefined property: stdClass::$tid
#0 C:\xampp\htdocs\loginshwt\app\Views\home.php(105): CodeIgniter\Debug\Exceptions->errorHandler(8, 'Undefined prope...', 'C:\\xampp\\htdocs...', 105, Array)
#1 C:\xampp\htdocs\loginshwt\system\View\View.php(246): include('C:\\xampp\\htdocs...')
#2 C:\xampp\htdocs\loginshwt\system\View\View.php(525): CodeIgniter\View\View->render('home', NULL, true)
#3 C:\xampp\htdocs\loginshwt\app\Views\app.php(25): CodeIgniter\View\View->include('home')
#4 C:\xampp\htdocs\loginshwt\system\View\View.php(246): include('C:\\xampp\\htdocs...')
#5 C:\xampp\htdocs\loginshwt\system\Common.php(1087): CodeIgniter\View\View->render('app', Array, true)
#6 C:\xampp\htdocs\loginshwt\app\Controllers\TicketController.php(16): view('app', Array)
#7 C:\xampp\htdocs\loginshwt\system\CodeIgniter.php(917): App\Controllers\TicketController->indexUser()
#8 C:\xampp\htdocs\loginshwt\system\CodeIgniter.php(403): CodeIgniter\CodeIgniter->runController(Object(App\Controllers\TicketController))
#9 C:\xampp\htdocs\loginshwt\system\CodeIgniter.php(311): CodeIgniter\CodeIgniter->handleRequest(NULL, Object(Config\Cache), false)
#10 C:\xampp\htdocs\loginshwt\public\index.php(45): CodeIgniter\CodeIgniter->run()
#11 C:\xampp\htdocs\loginshwt\system\Commands\Server\rewrite.php(34): require_once('C:\\xampp\\htdocs...')
#12 {main}
CRITICAL - 2022-05-20 10:37:28 --> You have an error in your SQL syntax; check the manual that corresponds to your MariaDB server version for the right syntax to use near '.firstName, customer.lastName , 
        users.firstNameUser,users.lastNameUser' at line 1
#0 C:\xampp\htdocs\loginshwt\system\Database\MySQLi\Connection.php(331): mysqli->query('SELECT ticket.t...')
#1 C:\xampp\htdocs\loginshwt\system\Database\BaseConnection.php(752): CodeIgniter\Database\MySQLi\Connection->execute('SELECT ticket.t...')
#2 C:\xampp\htdocs\loginshwt\system\Database\BaseConnection.php(680): CodeIgniter\Database\BaseConnection->simpleQuery('SELECT ticket.t...')
#3 C:\xampp\htdocs\loginshwt\app\Models\TicketModel.php(17): CodeIgniter\Database\BaseConnection->query('SELECT ticket.t...')
#4 C:\xampp\htdocs\loginshwt\app\Controllers\TicketController.php(14): App\Models\TicketModel->get_all_ticket()
#5 C:\xampp\htdocs\loginshwt\system\CodeIgniter.php(917): App\Controllers\TicketController->indexUser()
#6 C:\xampp\htdocs\loginshwt\system\CodeIgniter.php(403): CodeIgniter\CodeIgniter->runController(Object(App\Controllers\TicketController))
#7 C:\xampp\htdocs\loginshwt\system\CodeIgniter.php(311): CodeIgniter\CodeIgniter->handleRequest(NULL, Object(Config\Cache), false)
#8 C:\xampp\htdocs\loginshwt\public\index.php(45): CodeIgniter\CodeIgniter->run()
#9 C:\xampp\htdocs\loginshwt\system\Commands\Server\rewrite.php(34): require_once('C:\\xampp\\htdocs...')
#10 {main}
CRITICAL - 2022-05-20 10:37:36 --> You have an error in your SQL syntax; check the manual that corresponds to your MariaDB server version for the right syntax to use near '.firstName, customer.lastName , 
        users.firstNameUser,users.lastNameUser' at line 1
#0 C:\xampp\htdocs\loginshwt\system\Database\MySQLi\Connection.php(331): mysqli->query('SELECT ticket.t...')
#1 C:\xampp\htdocs\loginshwt\system\Database\BaseConnection.php(752): CodeIgniter\Database\MySQLi\Connection->execute('SELECT ticket.t...')
#2 C:\xampp\htdocs\loginshwt\system\Database\BaseConnection.php(680): CodeIgniter\Database\BaseConnection->simpleQuery('SELECT ticket.t...')
#3 C:\xampp\htdocs\loginshwt\app\Models\TicketModel.php(17): CodeIgniter\Database\BaseConnection->query('SELECT ticket.t...')
#4 C:\xampp\htdocs\loginshwt\app\Controllers\TicketController.php(14): App\Models\TicketModel->get_all_ticket()
#5 C:\xampp\htdocs\loginshwt\system\CodeIgniter.php(917): App\Controllers\TicketController->indexUser()
#6 C:\xampp\htdocs\loginshwt\system\CodeIgniter.php(403): CodeIgniter\CodeIgniter->runController(Object(App\Controllers\TicketController))
#7 C:\xampp\htdocs\loginshwt\system\CodeIgniter.php(311): CodeIgniter\CodeIgniter->handleRequest(NULL, Object(Config\Cache), false)
#8 C:\xampp\htdocs\loginshwt\public\index.php(45): CodeIgniter\CodeIgniter->run()
#9 C:\xampp\htdocs\loginshwt\system\Commands\Server\rewrite.php(34): require_once('C:\\xampp\\htdocs...')
#10 {main}
CRITICAL - 2022-05-20 11:00:25 --> Object of class stdClass could not be converted to string
#0 C:\xampp\htdocs\loginshwt\app\Views\home.php(102): CodeIgniter\Debug\Exceptions->errorHandler(4096, 'Object of class...', 'C:\\xampp\\htdocs...', 102, Array)
#1 C:\xampp\htdocs\loginshwt\system\View\View.php(246): include('C:\\xampp\\htdocs...')
#2 C:\xampp\htdocs\loginshwt\system\View\View.php(525): CodeIgniter\View\View->render('home', NULL, true)
#3 C:\xampp\htdocs\loginshwt\app\Views\app.php(25): CodeIgniter\View\View->include('home')
#4 C:\xampp\htdocs\loginshwt\system\View\View.php(246): include('C:\\xampp\\htdocs...')
#5 C:\xampp\htdocs\loginshwt\system\Common.php(1087): CodeIgniter\View\View->render('app', Array, true)
#6 C:\xampp\htdocs\loginshwt\app\Controllers\TicketController.php(16): view('app', Array)
#7 C:\xampp\htdocs\loginshwt\system\CodeIgniter.php(917): App\Controllers\TicketController->indexUser()
#8 C:\xampp\htdocs\loginshwt\system\CodeIgniter.php(403): CodeIgniter\CodeIgniter->runController(Object(App\Controllers\TicketController))
#9 C:\xampp\htdocs\loginshwt\system\CodeIgniter.php(311): CodeIgniter\CodeIgniter->handleRequest(NULL, Object(Config\Cache), false)
#10 C:\xampp\htdocs\loginshwt\public\index.php(45): CodeIgniter\CodeIgniter->run()
#11 C:\xampp\htdocs\loginshwt\system\Commands\Server\rewrite.php(34): require_once('C:\\xampp\\htdocs...')
#12 {main}
CRITICAL - 2022-05-20 11:24:45 --> You have an error in your SQL syntax; check the manual that corresponds to your MariaDB server version for the right syntax to use near 'where id=142' at line 1
#0 C:\xampp\htdocs\loginshwt\system\Database\MySQLi\Connection.php(331): mysqli->query('select * from t...')
#1 C:\xampp\htdocs\loginshwt\system\Database\BaseConnection.php(752): CodeIgniter\Database\MySQLi\Connection->execute('select * from t...')
#2 C:\xampp\htdocs\loginshwt\system\Database\BaseConnection.php(680): CodeIgniter\Database\BaseConnection->simpleQuery('select * from t...')
#3 C:\xampp\htdocs\loginshwt\app\Models\TicketModel.php(27): CodeIgniter\Database\BaseConnection->query('select * from t...')
#4 C:\xampp\htdocs\loginshwt\app\Controllers\TicketController.php(31): App\Models\TicketModel->get_by_id('142')
#5 C:\xampp\htdocs\loginshwt\system\CodeIgniter.php(917): App\Controllers\TicketController->editTicket('142')
#6 C:\xampp\htdocs\loginshwt\system\CodeIgniter.php(403): CodeIgniter\CodeIgniter->runController(Object(App\Controllers\TicketController))
#7 C:\xampp\htdocs\loginshwt\system\CodeIgniter.php(311): CodeIgniter\CodeIgniter->handleRequest(NULL, Object(Config\Cache), false)
#8 C:\xampp\htdocs\loginshwt\public\index.php(45): CodeIgniter\CodeIgniter->run()
#9 C:\xampp\htdocs\loginshwt\system\Commands\Server\rewrite.php(34): require_once('C:\\xampp\\htdocs...')
#10 {main}
CRITICAL - 2022-05-20 11:24:50 --> You have an error in your SQL syntax; check the manual that corresponds to your MariaDB server version for the right syntax to use near 'where id=142' at line 1
#0 C:\xampp\htdocs\loginshwt\system\Database\MySQLi\Connection.php(331): mysqli->query('select * from t...')
#1 C:\xampp\htdocs\loginshwt\system\Database\BaseConnection.php(752): CodeIgniter\Database\MySQLi\Connection->execute('select * from t...')
#2 C:\xampp\htdocs\loginshwt\system\Database\BaseConnection.php(680): CodeIgniter\Database\BaseConnection->simpleQuery('select * from t...')
#3 C:\xampp\htdocs\loginshwt\app\Models\TicketModel.php(27): CodeIgniter\Database\BaseConnection->query('select * from t...')
#4 C:\xampp\htdocs\loginshwt\app\Controllers\TicketController.php(31): App\Models\TicketModel->get_by_id('142')
#5 C:\xampp\htdocs\loginshwt\system\CodeIgniter.php(917): App\Controllers\TicketController->editTicket('142')
#6 C:\xampp\htdocs\loginshwt\system\CodeIgniter.php(403): CodeIgniter\CodeIgniter->runController(Object(App\Controllers\TicketController))
#7 C:\xampp\htdocs\loginshwt\system\CodeIgniter.php(311): CodeIgniter\CodeIgniter->handleRequest(NULL, Object(Config\Cache), false)
#8 C:\xampp\htdocs\loginshwt\public\index.php(45): CodeIgniter\CodeIgniter->run()
#9 C:\xampp\htdocs\loginshwt\system\Commands\Server\rewrite.php(34): require_once('C:\\xampp\\htdocs...')
#10 {main}
CRITICAL - 2022-05-20 11:25:48 --> You have an error in your SQL syntax; check the manual that corresponds to your MariaDB server version for the right syntax to use near 'where id=id' at line 1
#0 C:\xampp\htdocs\loginshwt\system\Database\MySQLi\Connection.php(331): mysqli->query('select * from t...')
#1 C:\xampp\htdocs\loginshwt\system\Database\BaseConnection.php(752): CodeIgniter\Database\MySQLi\Connection->execute('select * from t...')
#2 C:\xampp\htdocs\loginshwt\system\Database\BaseConnection.php(680): CodeIgniter\Database\BaseConnection->simpleQuery('select * from t...')
#3 C:\xampp\htdocs\loginshwt\app\Models\TicketModel.php(27): CodeIgniter\Database\BaseConnection->query('select * from t...')
#4 C:\xampp\htdocs\loginshwt\app\Controllers\TicketController.php(31): App\Models\TicketModel->get_by_id('id')
#5 C:\xampp\htdocs\loginshwt\system\CodeIgniter.php(917): App\Controllers\TicketController->editTicket('id')
#6 C:\xampp\htdocs\loginshwt\system\CodeIgniter.php(403): CodeIgniter\CodeIgniter->runController(Object(App\Controllers\TicketController))
#7 C:\xampp\htdocs\loginshwt\system\CodeIgniter.php(311): CodeIgniter\CodeIgniter->handleRequest(NULL, Object(Config\Cache), false)
#8 C:\xampp\htdocs\loginshwt\public\index.php(45): CodeIgniter\CodeIgniter->run()
#9 C:\xampp\htdocs\loginshwt\system\Commands\Server\rewrite.php(34): require_once('C:\\xampp\\htdocs...')
#10 {main}
CRITICAL - 2022-05-20 11:26:24 --> You have an error in your SQL syntax; check the manual that corresponds to your MariaDB server version for the right syntax to use near 'where tid=id' at line 1
#0 C:\xampp\htdocs\loginshwt\system\Database\MySQLi\Connection.php(331): mysqli->query('select * from t...')
#1 C:\xampp\htdocs\loginshwt\system\Database\BaseConnection.php(752): CodeIgniter\Database\MySQLi\Connection->execute('select * from t...')
#2 C:\xampp\htdocs\loginshwt\system\Database\BaseConnection.php(680): CodeIgniter\Database\BaseConnection->simpleQuery('select * from t...')
#3 C:\xampp\htdocs\loginshwt\app\Models\TicketModel.php(27): CodeIgniter\Database\BaseConnection->query('select * from t...')
#4 C:\xampp\htdocs\loginshwt\app\Controllers\TicketController.php(31): App\Models\TicketModel->get_by_id('id')
#5 C:\xampp\htdocs\loginshwt\system\CodeIgniter.php(917): App\Controllers\TicketController->editTicket('id')
#6 C:\xampp\htdocs\loginshwt\system\CodeIgniter.php(403): CodeIgniter\CodeIgniter->runController(Object(App\Controllers\TicketController))
#7 C:\xampp\htdocs\loginshwt\system\CodeIgniter.php(311): CodeIgniter\CodeIgniter->handleRequest(NULL, Object(Config\Cache), false)
#8 C:\xampp\htdocs\loginshwt\public\index.php(45): CodeIgniter\CodeIgniter->run()
#9 C:\xampp\htdocs\loginshwt\system\Commands\Server\rewrite.php(34): require_once('C:\\xampp\\htdocs...')
#10 {main}
CRITICAL - 2022-05-20 11:26:41 --> Unknown column 'id' in 'where clause'
#0 C:\xampp\htdocs\loginshwt\system\Database\MySQLi\Connection.php(331): mysqli->query('select * from t...')
#1 C:\xampp\htdocs\loginshwt\system\Database\BaseConnection.php(752): CodeIgniter\Database\MySQLi\Connection->execute('select * from t...')
#2 C:\xampp\htdocs\loginshwt\system\Database\BaseConnection.php(680): CodeIgniter\Database\BaseConnection->simpleQuery('select * from t...')
#3 C:\xampp\htdocs\loginshwt\app\Models\TicketModel.php(27): CodeIgniter\Database\BaseConnection->query('select * from t...')
#4 C:\xampp\htdocs\loginshwt\app\Controllers\TicketController.php(31): App\Models\TicketModel->get_by_id('id')
#5 C:\xampp\htdocs\loginshwt\system\CodeIgniter.php(917): App\Controllers\TicketController->editTicket('id')
#6 C:\xampp\htdocs\loginshwt\system\CodeIgniter.php(403): CodeIgniter\CodeIgniter->runController(Object(App\Controllers\TicketController))
#7 C:\xampp\htdocs\loginshwt\system\CodeIgniter.php(311): CodeIgniter\CodeIgniter->handleRequest(NULL, Object(Config\Cache), false)
#8 C:\xampp\htdocs\loginshwt\public\index.php(45): CodeIgniter\CodeIgniter->run()
#9 C:\xampp\htdocs\loginshwt\system\Commands\Server\rewrite.php(34): require_once('C:\\xampp\\htdocs...')
#10 {main}
CRITICAL - 2022-05-20 11:27:09 --> Unknown column 'id' in 'where clause'
#0 C:\xampp\htdocs\loginshwt\system\Database\MySQLi\Connection.php(331): mysqli->query('select * from t...')
#1 C:\xampp\htdocs\loginshwt\system\Database\BaseConnection.php(752): CodeIgniter\Database\MySQLi\Connection->execute('select * from t...')
#2 C:\xampp\htdocs\loginshwt\system\Database\BaseConnection.php(680): CodeIgniter\Database\BaseConnection->simpleQuery('select * from t...')
#3 C:\xampp\htdocs\loginshwt\app\Models\TicketModel.php(27): CodeIgniter\Database\BaseConnection->query('select * from t...')
#4 C:\xampp\htdocs\loginshwt\app\Controllers\TicketController.php(31): App\Models\TicketModel->get_by_id('id')
#5 C:\xampp\htdocs\loginshwt\system\CodeIgniter.php(917): App\Controllers\TicketController->editTicket('id')
#6 C:\xampp\htdocs\loginshwt\system\CodeIgniter.php(403): CodeIgniter\CodeIgniter->runController(Object(App\Controllers\TicketController))
#7 C:\xampp\htdocs\loginshwt\system\CodeIgniter.php(311): CodeIgniter\CodeIgniter->handleRequest(NULL, Object(Config\Cache), false)
#8 C:\xampp\htdocs\loginshwt\public\index.php(45): CodeIgniter\CodeIgniter->run()
#9 C:\xampp\htdocs\loginshwt\system\Commands\Server\rewrite.php(34): require_once('C:\\xampp\\htdocs...')
#10 {main}
CRITICAL - 2022-05-20 11:28:59 --> Unknown column 'id' in 'where clause'
#0 C:\xampp\htdocs\loginshwt\system\Database\MySQLi\Connection.php(331): mysqli->query('select * from t...')
#1 C:\xampp\htdocs\loginshwt\system\Database\BaseConnection.php(752): CodeIgniter\Database\MySQLi\Connection->execute('select * from t...')
#2 C:\xampp\htdocs\loginshwt\system\Database\BaseConnection.php(680): CodeIgniter\Database\BaseConnection->simpleQuery('select * from t...')
#3 C:\xampp\htdocs\loginshwt\app\Models\TicketModel.php(27): CodeIgniter\Database\BaseConnection->query('select * from t...')
#4 C:\xampp\htdocs\loginshwt\app\Controllers\TicketController.php(31): App\Models\TicketModel->get_by_id('id')
#5 C:\xampp\htdocs\loginshwt\system\CodeIgniter.php(917): App\Controllers\TicketController->editTicket('id')
#6 C:\xampp\htdocs\loginshwt\system\CodeIgniter.php(403): CodeIgniter\CodeIgniter->runController(Object(App\Controllers\TicketController))
#7 C:\xampp\htdocs\loginshwt\system\CodeIgniter.php(311): CodeIgniter\CodeIgniter->handleRequest(NULL, Object(Config\Cache), false)
#8 C:\xampp\htdocs\loginshwt\public\index.php(45): CodeIgniter\CodeIgniter->run()
#9 C:\xampp\htdocs\loginshwt\system\Commands\Server\rewrite.php(34): require_once('C:\\xampp\\htdocs...')
#10 {main}
CRITICAL - 2022-05-20 11:29:14 --> Unknown column 'id' in 'where clause'
#0 C:\xampp\htdocs\loginshwt\system\Database\MySQLi\Connection.php(331): mysqli->query('select * from t...')
#1 C:\xampp\htdocs\loginshwt\system\Database\BaseConnection.php(752): CodeIgniter\Database\MySQLi\Connection->execute('select * from t...')
#2 C:\xampp\htdocs\loginshwt\system\Database\BaseConnection.php(680): CodeIgniter\Database\BaseConnection->simpleQuery('select * from t...')
#3 C:\xampp\htdocs\loginshwt\app\Models\TicketModel.php(27): CodeIgniter\Database\BaseConnection->query('select * from t...')
#4 C:\xampp\htdocs\loginshwt\app\Controllers\TicketController.php(31): App\Models\TicketModel->get_by_id('id')
#5 C:\xampp\htdocs\loginshwt\system\CodeIgniter.php(917): App\Controllers\TicketController->editTicket('id')
#6 C:\xampp\htdocs\loginshwt\system\CodeIgniter.php(403): CodeIgniter\CodeIgniter->runController(Object(App\Controllers\TicketController))
#7 C:\xampp\htdocs\loginshwt\system\CodeIgniter.php(311): CodeIgniter\CodeIgniter->handleRequest(NULL, Object(Config\Cache), false)
#8 C:\xampp\htdocs\loginshwt\public\index.php(45): CodeIgniter\CodeIgniter->run()
#9 C:\xampp\htdocs\loginshwt\system\Commands\Server\rewrite.php(34): require_once('C:\\xampp\\htdocs...')
#10 {main}
CRITICAL - 2022-05-20 11:33:34 --> Unknown column 'id' in 'where clause'
#0 C:\xampp\htdocs\loginshwt\system\Database\MySQLi\Connection.php(331): mysqli->query('select * from t...')
#1 C:\xampp\htdocs\loginshwt\system\Database\BaseConnection.php(752): CodeIgniter\Database\MySQLi\Connection->execute('select * from t...')
#2 C:\xampp\htdocs\loginshwt\system\Database\BaseConnection.php(680): CodeIgniter\Database\BaseConnection->simpleQuery('select * from t...')
#3 C:\xampp\htdocs\loginshwt\app\Models\TicketModel.php(27): CodeIgniter\Database\BaseConnection->query('select * from t...')
#4 C:\xampp\htdocs\loginshwt\app\Controllers\TicketController.php(31): App\Models\TicketModel->get_by_id('id')
#5 C:\xampp\htdocs\loginshwt\system\CodeIgniter.php(917): App\Controllers\TicketController->editTicket('id')
#6 C:\xampp\htdocs\loginshwt\system\CodeIgniter.php(403): CodeIgniter\CodeIgniter->runController(Object(App\Controllers\TicketController))
#7 C:\xampp\htdocs\loginshwt\system\CodeIgniter.php(311): CodeIgniter\CodeIgniter->handleRequest(NULL, Object(Config\Cache), false)
#8 C:\xampp\htdocs\loginshwt\public\index.php(45): CodeIgniter\CodeIgniter->run()
#9 C:\xampp\htdocs\loginshwt\system\Commands\Server\rewrite.php(34): require_once('C:\\xampp\\htdocs...')
#10 {main}
CRITICAL - 2022-05-20 11:42:37 --> Object of class App\Controllers\TicketController could not be converted to string
#0 C:\xampp\htdocs\loginshwt\app\Controllers\TicketController.php(31): CodeIgniter\Debug\Exceptions->errorHandler(4096, 'Object of class...', 'C:\\xampp\\htdocs...', 31, Array)
#1 C:\xampp\htdocs\loginshwt\system\CodeIgniter.php(917): App\Controllers\TicketController->editTicket('142')
#2 C:\xampp\htdocs\loginshwt\system\CodeIgniter.php(403): CodeIgniter\CodeIgniter->runController(Object(App\Controllers\TicketController))
#3 C:\xampp\htdocs\loginshwt\system\CodeIgniter.php(311): CodeIgniter\CodeIgniter->handleRequest(NULL, Object(Config\Cache), false)
#4 C:\xampp\htdocs\loginshwt\public\index.php(45): CodeIgniter\CodeIgniter->run()
#5 C:\xampp\htdocs\loginshwt\system\Commands\Server\rewrite.php(34): require_once('C:\\xampp\\htdocs...')
#6 {main}
CRITICAL - 2022-05-20 11:42:54 --> Undefined property: App\Controllers\TicketController::$thisTicketModel
#0 C:\xampp\htdocs\loginshwt\app\Controllers\TicketController.php(31): CodeIgniter\Debug\Exceptions->errorHandler(8, 'Undefined prope...', 'C:\\xampp\\htdocs...', 31, Array)
#1 C:\xampp\htdocs\loginshwt\system\CodeIgniter.php(917): App\Controllers\TicketController->editTicket('1')
#2 C:\xampp\htdocs\loginshwt\system\CodeIgniter.php(403): CodeIgniter\CodeIgniter->runController(Object(App\Controllers\TicketController))
#3 C:\xampp\htdocs\loginshwt\system\CodeIgniter.php(311): CodeIgniter\CodeIgniter->handleRequest(NULL, Object(Config\Cache), false)
#4 C:\xampp\htdocs\loginshwt\public\index.php(45): CodeIgniter\CodeIgniter->run()
#5 C:\xampp\htdocs\loginshwt\system\Commands\Server\rewrite.php(34): require_once('C:\\xampp\\htdocs...')
#6 {main}
CRITICAL - 2022-05-20 11:42:56 --> Undefined property: App\Controllers\TicketController::$thisTicketModel
#0 C:\xampp\htdocs\loginshwt\app\Controllers\TicketController.php(31): CodeIgniter\Debug\Exceptions->errorHandler(8, 'Undefined prope...', 'C:\\xampp\\htdocs...', 31, Array)
#1 C:\xampp\htdocs\loginshwt\system\CodeIgniter.php(917): App\Controllers\TicketController->editTicket('1')
#2 C:\xampp\htdocs\loginshwt\system\CodeIgniter.php(403): CodeIgniter\CodeIgniter->runController(Object(App\Controllers\TicketController))
#3 C:\xampp\htdocs\loginshwt\system\CodeIgniter.php(311): CodeIgniter\CodeIgniter->handleRequest(NULL, Object(Config\Cache), false)
#4 C:\xampp\htdocs\loginshwt\public\index.php(45): CodeIgniter\CodeIgniter->run()
#5 C:\xampp\htdocs\loginshwt\system\Commands\Server\rewrite.php(34): require_once('C:\\xampp\\htdocs...')
#6 {main}
CRITICAL - 2022-05-20 12:45:55 --> Undefined property: stdClass::$id
#0 C:\xampp\htdocs\loginshwt\app\Views\home.php(102): CodeIgniter\Debug\Exceptions->errorHandler(8, 'Undefined prope...', 'C:\\xampp\\htdocs...', 102, Array)
#1 C:\xampp\htdocs\loginshwt\system\View\View.php(246): include('C:\\xampp\\htdocs...')
#2 C:\xampp\htdocs\loginshwt\system\View\View.php(525): CodeIgniter\View\View->render('home', NULL, true)
#3 C:\xampp\htdocs\loginshwt\app\Views\app.php(25): CodeIgniter\View\View->include('home')
#4 C:\xampp\htdocs\loginshwt\system\View\View.php(246): include('C:\\xampp\\htdocs...')
#5 C:\xampp\htdocs\loginshwt\system\Common.php(1087): CodeIgniter\View\View->render('app', Array, true)
#6 C:\xampp\htdocs\loginshwt\app\Controllers\TicketController.php(16): view('app', Array)
#7 C:\xampp\htdocs\loginshwt\system\CodeIgniter.php(917): App\Controllers\TicketController->indexUser()
#8 C:\xampp\htdocs\loginshwt\system\CodeIgniter.php(403): CodeIgniter\CodeIgniter->runController(Object(App\Controllers\TicketController))
#9 C:\xampp\htdocs\loginshwt\system\CodeIgniter.php(311): CodeIgniter\CodeIgniter->handleRequest(NULL, Object(Config\Cache), false)
#10 C:\xampp\htdocs\loginshwt\public\index.php(45): CodeIgniter\CodeIgniter->run()
#11 C:\xampp\htdocs\loginshwt\system\Commands\Server\rewrite.php(34): require_once('C:\\xampp\\htdocs...')
#12 {main}
CRITICAL - 2022-05-20 21:56:19 --> Unable to connect to the database.
#0 C:\xampp\htdocs\callcenter\system\Database\BaseConnection.php(657): CodeIgniter\Database\BaseConnection->initialize()
#1 C:\xampp\htdocs\callcenter\app\Models\TicketModel.php(17): CodeIgniter\Database\BaseConnection->query('SELECT ticket.t...')
#2 C:\xampp\htdocs\callcenter\app\Controllers\TicketController.php(14): App\Models\TicketModel->get_all_ticket()
#3 C:\xampp\htdocs\callcenter\system\CodeIgniter.php(917): App\Controllers\TicketController->indexUser()
#4 C:\xampp\htdocs\callcenter\system\CodeIgniter.php(403): CodeIgniter\CodeIgniter->runController(Object(App\Controllers\TicketController))
#5 C:\xampp\htdocs\callcenter\system\CodeIgniter.php(311): CodeIgniter\CodeIgniter->handleRequest(NULL, Object(Config\Cache), false)
#6 C:\xampp\htdocs\callcenter\public\index.php(45): CodeIgniter\CodeIgniter->run()
#7 C:\xampp\htdocs\callcenter\system\Commands\Server\rewrite.php(34): require_once('C:\\xampp\\htdocs...')
#8 {main}
CRITICAL - 2022-05-20 22:49:11 --> Cannot use object of type stdClass as array
#0 C:\xampp\htdocs\loginshwt\system\View\View.php(246): include()
#1 C:\xampp\htdocs\loginshwt\system\View\View.php(525): CodeIgniter\View\View->render('home', NULL, true)
#2 C:\xampp\htdocs\loginshwt\app\Views\app.php(25): CodeIgniter\View\View->include('home')
#3 C:\xampp\htdocs\loginshwt\system\View\View.php(246): include('C:\\xampp\\htdocs...')
#4 C:\xampp\htdocs\loginshwt\system\Common.php(1087): CodeIgniter\View\View->render('app', Array, true)
#5 C:\xampp\htdocs\loginshwt\app\Controllers\TicketController.php(16): view('app', Array)
#6 C:\xampp\htdocs\loginshwt\system\CodeIgniter.php(917): App\Controllers\TicketController->indexUser()
#7 C:\xampp\htdocs\loginshwt\system\CodeIgniter.php(403): CodeIgniter\CodeIgniter->runController(Object(App\Controllers\TicketController))
#8 C:\xampp\htdocs\loginshwt\system\CodeIgniter.php(311): CodeIgniter\CodeIgniter->handleRequest(NULL, Object(Config\Cache), false)
#9 C:\xampp\htdocs\loginshwt\public\index.php(45): CodeIgniter\CodeIgniter->run()
#10 C:\xampp\htdocs\loginshwt\system\Commands\Server\rewrite.php(34): require_once('C:\\xampp\\htdocs...')
#11 {main}
CRITICAL - 2022-05-20 22:50:17 --> Cannot use object of type stdClass as array
#0 C:\xampp\htdocs\loginshwt\system\View\View.php(246): include()
#1 C:\xampp\htdocs\loginshwt\system\View\View.php(525): CodeIgniter\View\View->render('home', NULL, true)
#2 C:\xampp\htdocs\loginshwt\app\Views\app.php(25): CodeIgniter\View\View->include('home')
#3 C:\xampp\htdocs\loginshwt\system\View\View.php(246): include('C:\\xampp\\htdocs...')
#4 C:\xampp\htdocs\loginshwt\system\Common.php(1087): CodeIgniter\View\View->render('app', Array, true)
#5 C:\xampp\htdocs\loginshwt\app\Controllers\TicketController.php(16): view('app', Array)
#6 C:\xampp\htdocs\loginshwt\system\CodeIgniter.php(917): App\Controllers\TicketController->indexUser()
#7 C:\xampp\htdocs\loginshwt\system\CodeIgniter.php(403): CodeIgniter\CodeIgniter->runController(Object(App\Controllers\TicketController))
#8 C:\xampp\htdocs\loginshwt\system\CodeIgniter.php(311): CodeIgniter\CodeIgniter->handleRequest(NULL, Object(Config\Cache), false)
#9 C:\xampp\htdocs\loginshwt\public\index.php(45): CodeIgniter\CodeIgniter->run()
#10 C:\xampp\htdocs\loginshwt\system\Commands\Server\rewrite.php(34): require_once('C:\\xampp\\htdocs...')
#11 {main}
CRITICAL - 2022-05-20 22:52:25 --> Undefined variable: country
#0 C:\xampp\htdocs\loginshwt\app\Views\home.php(174): CodeIgniter\Debug\Exceptions->errorHandler(8, 'Undefined varia...', 'C:\\xampp\\htdocs...', 174, Array)
#1 C:\xampp\htdocs\loginshwt\system\View\View.php(246): include('C:\\xampp\\htdocs...')
#2 C:\xampp\htdocs\loginshwt\system\View\View.php(525): CodeIgniter\View\View->render('home', NULL, true)
#3 C:\xampp\htdocs\loginshwt\app\Views\app.php(25): CodeIgniter\View\View->include('home')
#4 C:\xampp\htdocs\loginshwt\system\View\View.php(246): include('C:\\xampp\\htdocs...')
#5 C:\xampp\htdocs\loginshwt\system\Common.php(1087): CodeIgniter\View\View->render('app', Array, true)
#6 C:\xampp\htdocs\loginshwt\app\Controllers\TicketController.php(16): view('app', Array)
#7 C:\xampp\htdocs\loginshwt\system\CodeIgniter.php(917): App\Controllers\TicketController->indexUser()
#8 C:\xampp\htdocs\loginshwt\system\CodeIgniter.php(403): CodeIgniter\CodeIgniter->runController(Object(App\Controllers\TicketController))
#9 C:\xampp\htdocs\loginshwt\system\CodeIgniter.php(311): CodeIgniter\CodeIgniter->handleRequest(NULL, Object(Config\Cache), false)
#10 C:\xampp\htdocs\loginshwt\public\index.php(45): CodeIgniter\CodeIgniter->run()
#11 C:\xampp\htdocs\loginshwt\system\Commands\Server\rewrite.php(34): require_once('C:\\xampp\\htdocs...')
#12 {main}
CRITICAL - 2022-05-20 22:52:51 --> Cannot use object of type stdClass as array
#0 C:\xampp\htdocs\loginshwt\system\View\View.php(246): include()
#1 C:\xampp\htdocs\loginshwt\system\View\View.php(525): CodeIgniter\View\View->render('home', NULL, true)
#2 C:\xampp\htdocs\loginshwt\app\Views\app.php(25): CodeIgniter\View\View->include('home')
#3 C:\xampp\htdocs\loginshwt\system\View\View.php(246): include('C:\\xampp\\htdocs...')
#4 C:\xampp\htdocs\loginshwt\system\Common.php(1087): CodeIgniter\View\View->render('app', Array, true)
#5 C:\xampp\htdocs\loginshwt\app\Controllers\TicketController.php(16): view('app', Array)
#6 C:\xampp\htdocs\loginshwt\system\CodeIgniter.php(917): App\Controllers\TicketController->indexUser()
#7 C:\xampp\htdocs\loginshwt\system\CodeIgniter.php(403): CodeIgniter\CodeIgniter->runController(Object(App\Controllers\TicketController))
#8 C:\xampp\htdocs\loginshwt\system\CodeIgniter.php(311): CodeIgniter\CodeIgniter->handleRequest(NULL, Object(Config\Cache), false)
#9 C:\xampp\htdocs\loginshwt\public\index.php(45): CodeIgniter\CodeIgniter->run()
#10 C:\xampp\htdocs\loginshwt\system\Commands\Server\rewrite.php(34): require_once('C:\\xampp\\htdocs...')
#11 {main}
CRITICAL - 2022-05-20 22:53:03 --> Cannot use object of type stdClass as array
#0 C:\xampp\htdocs\loginshwt\system\View\View.php(246): include()
#1 C:\xampp\htdocs\loginshwt\system\View\View.php(525): CodeIgniter\View\View->render('home', NULL, true)
#2 C:\xampp\htdocs\loginshwt\app\Views\app.php(25): CodeIgniter\View\View->include('home')
#3 C:\xampp\htdocs\loginshwt\system\View\View.php(246): include('C:\\xampp\\htdocs...')
#4 C:\xampp\htdocs\loginshwt\system\Common.php(1087): CodeIgniter\View\View->render('app', Array, true)
#5 C:\xampp\htdocs\loginshwt\app\Controllers\TicketController.php(16): view('app', Array)
#6 C:\xampp\htdocs\loginshwt\system\CodeIgniter.php(917): App\Controllers\TicketController->indexUser()
#7 C:\xampp\htdocs\loginshwt\system\CodeIgniter.php(403): CodeIgniter\CodeIgniter->runController(Object(App\Controllers\TicketController))
#8 C:\xampp\htdocs\loginshwt\system\CodeIgniter.php(311): CodeIgniter\CodeIgniter->handleRequest(NULL, Object(Config\Cache), false)
#9 C:\xampp\htdocs\loginshwt\public\index.php(45): CodeIgniter\CodeIgniter->run()
#10 C:\xampp\htdocs\loginshwt\system\Commands\Server\rewrite.php(34): require_once('C:\\xampp\\htdocs...')
#11 {main}
CRITICAL - 2022-05-20 22:53:25 --> Cannot use object of type stdClass as array
#0 C:\xampp\htdocs\loginshwt\system\View\View.php(246): include()
#1 C:\xampp\htdocs\loginshwt\system\View\View.php(525): CodeIgniter\View\View->render('home', NULL, true)
#2 C:\xampp\htdocs\loginshwt\app\Views\app.php(25): CodeIgniter\View\View->include('home')
#3 C:\xampp\htdocs\loginshwt\system\View\View.php(246): include('C:\\xampp\\htdocs...')
#4 C:\xampp\htdocs\loginshwt\system\Common.php(1087): CodeIgniter\View\View->render('app', Array, true)
#5 C:\xampp\htdocs\loginshwt\app\Controllers\TicketController.php(16): view('app', Array)
#6 C:\xampp\htdocs\loginshwt\system\CodeIgniter.php(917): App\Controllers\TicketController->indexUser()
#7 C:\xampp\htdocs\loginshwt\system\CodeIgniter.php(403): CodeIgniter\CodeIgniter->runController(Object(App\Controllers\TicketController))
#8 C:\xampp\htdocs\loginshwt\system\CodeIgniter.php(311): CodeIgniter\CodeIgniter->handleRequest(NULL, Object(Config\Cache), false)
#9 C:\xampp\htdocs\loginshwt\public\index.php(45): CodeIgniter\CodeIgniter->run()
#10 C:\xampp\htdocs\loginshwt\system\Commands\Server\rewrite.php(34): require_once('C:\\xampp\\htdocs...')
#11 {main}
CRITICAL - 2022-05-20 22:57:51 --> You have an error in your SQL syntax; check the manual that corresponds to your MariaDB server version for the right syntax to use near 'statuss.name,department.departmentName ,
        prority.prorityName,openticket' at line 2
#0 C:\xampp\htdocs\loginshwt\system\Database\MySQLi\Connection.php(331): mysqli->query('SELECT ticket.t...')
#1 C:\xampp\htdocs\loginshwt\system\Database\BaseConnection.php(752): CodeIgniter\Database\MySQLi\Connection->execute('SELECT ticket.t...')
#2 C:\xampp\htdocs\loginshwt\system\Database\BaseConnection.php(680): CodeIgniter\Database\BaseConnection->simpleQuery('SELECT ticket.t...')
#3 C:\xampp\htdocs\loginshwt\app\Models\TicketModel.php(17): CodeIgniter\Database\BaseConnection->query('SELECT ticket.t...')
#4 C:\xampp\htdocs\loginshwt\app\Controllers\TicketController.php(14): App\Models\TicketModel->get_all_ticket()
#5 C:\xampp\htdocs\loginshwt\system\CodeIgniter.php(917): App\Controllers\TicketController->indexUser()
#6 C:\xampp\htdocs\loginshwt\system\CodeIgniter.php(403): CodeIgniter\CodeIgniter->runController(Object(App\Controllers\TicketController))
#7 C:\xampp\htdocs\loginshwt\system\CodeIgniter.php(311): CodeIgniter\CodeIgniter->handleRequest(NULL, Object(Config\Cache), false)
#8 C:\xampp\htdocs\loginshwt\public\index.php(45): CodeIgniter\CodeIgniter->run()
#9 C:\xampp\htdocs\loginshwt\system\Commands\Server\rewrite.php(34): require_once('C:\\xampp\\htdocs...')
#10 {main}
CRITICAL - 2022-05-20 23:00:57 --> Undefined variable: name
#0 C:\xampp\htdocs\loginshwt\app\Views\home.php(174): CodeIgniter\Debug\Exceptions->errorHandler(8, 'Undefined varia...', 'C:\\xampp\\htdocs...', 174, Array)
#1 C:\xampp\htdocs\loginshwt\system\View\View.php(246): include('C:\\xampp\\htdocs...')
#2 C:\xampp\htdocs\loginshwt\system\View\View.php(525): CodeIgniter\View\View->render('home', NULL, true)
#3 C:\xampp\htdocs\loginshwt\app\Views\app.php(25): CodeIgniter\View\View->include('home')
#4 C:\xampp\htdocs\loginshwt\system\View\View.php(246): include('C:\\xampp\\htdocs...')
#5 C:\xampp\htdocs\loginshwt\system\Common.php(1087): CodeIgniter\View\View->render('app', Array, true)
#6 C:\xampp\htdocs\loginshwt\app\Controllers\TicketController.php(16): view('app', Array)
#7 C:\xampp\htdocs\loginshwt\system\CodeIgniter.php(917): App\Controllers\TicketController->indexUser()
#8 C:\xampp\htdocs\loginshwt\system\CodeIgniter.php(403): CodeIgniter\CodeIgniter->runController(Object(App\Controllers\TicketController))
#9 C:\xampp\htdocs\loginshwt\system\CodeIgniter.php(311): CodeIgniter\CodeIgniter->handleRequest(NULL, Object(Config\Cache), false)
#10 C:\xampp\htdocs\loginshwt\public\index.php(45): CodeIgniter\CodeIgniter->run()
#11 C:\xampp\htdocs\loginshwt\system\Commands\Server\rewrite.php(34): require_once('C:\\xampp\\htdocs...')
#12 {main}
