CRITICAL - 2022-05-19 03:21:50 --> Unknown column 'password' in 'where clause'
#0 C:\xampp\htdocs\loginshwt\system\Database\MySQLi\Connection.php(331): mysqli->query('SELECT *\nFROM `...')
#1 C:\xampp\htdocs\loginshwt\system\Database\BaseConnection.php(752): CodeIgniter\Database\MySQLi\Connection->execute('SELECT *\nFROM `...')
#2 C:\xampp\htdocs\loginshwt\system\Database\BaseConnection.php(680): CodeIgniter\Database\BaseConnection->simpleQuery('SELECT *\nFROM `...')
#3 C:\xampp\htdocs\loginshwt\system\Database\BaseBuilder.php(1859): CodeIgniter\Database\BaseConnection->query('SELECT *\nFROM `...', Array, false)
#4 C:\xampp\htdocs\loginshwt\system\Model.php(445): CodeIgniter\Database\BaseBuilder->get()
#5 C:\xampp\htdocs\loginshwt\app\Controllers\Auth.php(32): CodeIgniter\Model->findAll()
#6 C:\xampp\htdocs\loginshwt\system\CodeIgniter.php(917): App\Controllers\Auth->loginUser()
#7 C:\xampp\htdocs\loginshwt\system\CodeIgniter.php(403): CodeIgniter\CodeIgniter->runController(Object(App\Controllers\Auth))
#8 C:\xampp\htdocs\loginshwt\system\CodeIgniter.php(311): CodeIgniter\CodeIgniter->handleRequest(NULL, Object(Config\Cache), false)
#9 C:\xampp\htdocs\loginshwt\public\index.php(45): CodeIgniter\CodeIgniter->run()
#10 C:\xampp\htdocs\loginshwt\system\Commands\Server\rewrite.php(34): require_once('C:\\xampp\\htdocs...')
#11 {main}
CRITICAL - 2022-05-19 03:22:11 --> Unknown column 'password' in 'where clause'
#0 C:\xampp\htdocs\loginshwt\system\Database\MySQLi\Connection.php(331): mysqli->query('SELECT *\nFROM `...')
#1 C:\xampp\htdocs\loginshwt\system\Database\BaseConnection.php(752): CodeIgniter\Database\MySQLi\Connection->execute('SELECT *\nFROM `...')
#2 C:\xampp\htdocs\loginshwt\system\Database\BaseConnection.php(680): CodeIgniter\Database\BaseConnection->simpleQuery('SELECT *\nFROM `...')
#3 C:\xampp\htdocs\loginshwt\system\Database\BaseBuilder.php(1859): CodeIgniter\Database\BaseConnection->query('SELECT *\nFROM `...', Array, false)
#4 C:\xampp\htdocs\loginshwt\system\Model.php(445): CodeIgniter\Database\BaseBuilder->get()
#5 C:\xampp\htdocs\loginshwt\app\Controllers\Auth.php(32): CodeIgniter\Model->findAll()
#6 C:\xampp\htdocs\loginshwt\system\CodeIgniter.php(917): App\Controllers\Auth->loginUser()
#7 C:\xampp\htdocs\loginshwt\system\CodeIgniter.php(403): CodeIgniter\CodeIgniter->runController(Object(App\Controllers\Auth))
#8 C:\xampp\htdocs\loginshwt\system\CodeIgniter.php(311): CodeIgniter\CodeIgniter->handleRequest(NULL, Object(Config\Cache), false)
#9 C:\xampp\htdocs\loginshwt\public\index.php(45): CodeIgniter\CodeIgniter->run()
#10 C:\xampp\htdocs\loginshwt\system\Commands\Server\rewrite.php(34): require_once('C:\\xampp\\htdocs...')
#11 {main}
CRITICAL - 2022-05-19 03:22:17 --> Unknown column 'password' in 'where clause'
#0 C:\xampp\htdocs\loginshwt\system\Database\MySQLi\Connection.php(331): mysqli->query('SELECT *\nFROM `...')
#1 C:\xampp\htdocs\loginshwt\system\Database\BaseConnection.php(752): CodeIgniter\Database\MySQLi\Connection->execute('SELECT *\nFROM `...')
#2 C:\xampp\htdocs\loginshwt\system\Database\BaseConnection.php(680): CodeIgniter\Database\BaseConnection->simpleQuery('SELECT *\nFROM `...')
#3 C:\xampp\htdocs\loginshwt\system\Database\BaseBuilder.php(1859): CodeIgniter\Database\BaseConnection->query('SELECT *\nFROM `...', Array, false)
#4 C:\xampp\htdocs\loginshwt\system\Model.php(445): CodeIgniter\Database\BaseBuilder->get()
#5 C:\xampp\htdocs\loginshwt\app\Controllers\Auth.php(32): CodeIgniter\Model->findAll()
#6 C:\xampp\htdocs\loginshwt\system\CodeIgniter.php(917): App\Controllers\Auth->loginUser()
#7 C:\xampp\htdocs\loginshwt\system\CodeIgniter.php(403): CodeIgniter\CodeIgniter->runController(Object(App\Controllers\Auth))
#8 C:\xampp\htdocs\loginshwt\system\CodeIgniter.php(311): CodeIgniter\CodeIgniter->handleRequest(NULL, Object(Config\Cache), false)
#9 C:\xampp\htdocs\loginshwt\public\index.php(45): CodeIgniter\CodeIgniter->run()
#10 C:\xampp\htdocs\loginshwt\system\Commands\Server\rewrite.php(34): require_once('C:\\xampp\\htdocs...')
#11 {main}
CRITICAL - 2022-05-19 03:22:42 --> Unknown column 'password' in 'where clause'
#0 C:\xampp\htdocs\loginshwt\system\Database\MySQLi\Connection.php(331): mysqli->query('SELECT *\nFROM `...')
#1 C:\xampp\htdocs\loginshwt\system\Database\BaseConnection.php(752): CodeIgniter\Database\MySQLi\Connection->execute('SELECT *\nFROM `...')
#2 C:\xampp\htdocs\loginshwt\system\Database\BaseConnection.php(680): CodeIgniter\Database\BaseConnection->simpleQuery('SELECT *\nFROM `...')
#3 C:\xampp\htdocs\loginshwt\system\Database\BaseBuilder.php(1859): CodeIgniter\Database\BaseConnection->query('SELECT *\nFROM `...', Array, false)
#4 C:\xampp\htdocs\loginshwt\system\Model.php(445): CodeIgniter\Database\BaseBuilder->get()
#5 C:\xampp\htdocs\loginshwt\app\Controllers\Auth.php(32): CodeIgniter\Model->findAll()
#6 C:\xampp\htdocs\loginshwt\system\CodeIgniter.php(917): App\Controllers\Auth->loginUser()
#7 C:\xampp\htdocs\loginshwt\system\CodeIgniter.php(403): CodeIgniter\CodeIgniter->runController(Object(App\Controllers\Auth))
#8 C:\xampp\htdocs\loginshwt\system\CodeIgniter.php(311): CodeIgniter\CodeIgniter->handleRequest(NULL, Object(Config\Cache), false)
#9 C:\xampp\htdocs\loginshwt\public\index.php(45): CodeIgniter\CodeIgniter->run()
#10 C:\xampp\htdocs\loginshwt\system\Commands\Server\rewrite.php(34): require_once('C:\\xampp\\htdocs...')
#11 {main}
CRITICAL - 2022-05-19 03:49:53 --> Cannot use object of type stdClass as array
#0 C:\xampp\htdocs\loginshwt\system\CodeIgniter.php(917): App\Controllers\Auth->loginUser()
#1 C:\xampp\htdocs\loginshwt\system\CodeIgniter.php(403): CodeIgniter\CodeIgniter->runController(Object(App\Controllers\Auth))
#2 C:\xampp\htdocs\loginshwt\system\CodeIgniter.php(311): CodeIgniter\CodeIgniter->handleRequest(NULL, Object(Config\Cache), false)
#3 C:\xampp\htdocs\loginshwt\public\index.php(45): CodeIgniter\CodeIgniter->run()
#4 C:\xampp\htdocs\loginshwt\system\Commands\Server\rewrite.php(34): require_once('C:\\xampp\\htdocs...')
#5 {main}
CRITICAL - 2022-05-19 03:50:29 --> Cannot use object of type stdClass as array
#0 C:\xampp\htdocs\loginshwt\system\CodeIgniter.php(917): App\Controllers\Auth->loginUser()
#1 C:\xampp\htdocs\loginshwt\system\CodeIgniter.php(403): CodeIgniter\CodeIgniter->runController(Object(App\Controllers\Auth))
#2 C:\xampp\htdocs\loginshwt\system\CodeIgniter.php(311): CodeIgniter\CodeIgniter->handleRequest(NULL, Object(Config\Cache), false)
#3 C:\xampp\htdocs\loginshwt\public\index.php(45): CodeIgniter\CodeIgniter->run()
#4 C:\xampp\htdocs\loginshwt\system\Commands\Server\rewrite.php(34): require_once('C:\\xampp\\htdocs...')
#5 {main}
CRITICAL - 2022-05-19 03:51:10 --> Cannot use object of type stdClass as array
#0 C:\xampp\htdocs\loginshwt\system\CodeIgniter.php(917): App\Controllers\Auth->loginUser()
#1 C:\xampp\htdocs\loginshwt\system\CodeIgniter.php(403): CodeIgniter\CodeIgniter->runController(Object(App\Controllers\Auth))
#2 C:\xampp\htdocs\loginshwt\system\CodeIgniter.php(311): CodeIgniter\CodeIgniter->handleRequest(NULL, Object(Config\Cache), false)
#3 C:\xampp\htdocs\loginshwt\public\index.php(45): CodeIgniter\CodeIgniter->run()
#4 C:\xampp\htdocs\loginshwt\system\Commands\Server\rewrite.php(34): require_once('C:\\xampp\\htdocs...')
#5 {main}
CRITICAL - 2022-05-19 04:12:48 --> Undefined property: CodeIgniter\HTTP\IncomingRequest::$request
#0 C:\xampp\htdocs\loginshwt\app\Controllers\TicketController.php(15): CodeIgniter\Debug\Exceptions->errorHandler(8, 'Undefined prope...', 'C:\\xampp\\htdocs...', 15, Array)
#1 C:\xampp\htdocs\loginshwt\system\CodeIgniter.php(917): App\Controllers\TicketController->indexUser()
#2 C:\xampp\htdocs\loginshwt\system\CodeIgniter.php(403): CodeIgniter\CodeIgniter->runController(Object(App\Controllers\TicketController))
#3 C:\xampp\htdocs\loginshwt\system\CodeIgniter.php(311): CodeIgniter\CodeIgniter->handleRequest(NULL, Object(Config\Cache), false)
#4 C:\xampp\htdocs\loginshwt\public\index.php(45): CodeIgniter\CodeIgniter->run()
#5 C:\xampp\htdocs\loginshwt\system\Commands\Server\rewrite.php(34): require_once('C:\\xampp\\htdocs...')
#6 {main}
CRITICAL - 2022-05-19 04:14:25 --> Undefined property: CodeIgniter\HTTP\IncomingRequest::$request
#0 C:\xampp\htdocs\loginshwt\app\Controllers\TicketController.php(15): CodeIgniter\Debug\Exceptions->errorHandler(8, 'Undefined prope...', 'C:\\xampp\\htdocs...', 15, Array)
#1 C:\xampp\htdocs\loginshwt\system\CodeIgniter.php(917): App\Controllers\TicketController->indexUser()
#2 C:\xampp\htdocs\loginshwt\system\CodeIgniter.php(403): CodeIgniter\CodeIgniter->runController(Object(App\Controllers\TicketController))
#3 C:\xampp\htdocs\loginshwt\system\CodeIgniter.php(311): CodeIgniter\CodeIgniter->handleRequest(NULL, Object(Config\Cache), false)
#4 C:\xampp\htdocs\loginshwt\public\index.php(45): CodeIgniter\CodeIgniter->run()
#5 C:\xampp\htdocs\loginshwt\system\Commands\Server\rewrite.php(34): require_once('C:\\xampp\\htdocs...')
#6 {main}
CRITICAL - 2022-05-19 04:14:47 --> Undefined property: CodeIgniter\HTTP\IncomingRequest::$request
#0 C:\xampp\htdocs\loginshwt\app\Controllers\TicketController.php(15): CodeIgniter\Debug\Exceptions->errorHandler(8, 'Undefined prope...', 'C:\\xampp\\htdocs...', 15, Array)
#1 C:\xampp\htdocs\loginshwt\system\CodeIgniter.php(917): App\Controllers\TicketController->indexUser()
#2 C:\xampp\htdocs\loginshwt\system\CodeIgniter.php(403): CodeIgniter\CodeIgniter->runController(Object(App\Controllers\TicketController))
#3 C:\xampp\htdocs\loginshwt\system\CodeIgniter.php(311): CodeIgniter\CodeIgniter->handleRequest(NULL, Object(Config\Cache), false)
#4 C:\xampp\htdocs\loginshwt\public\index.php(45): CodeIgniter\CodeIgniter->run()
#5 C:\xampp\htdocs\loginshwt\system\Commands\Server\rewrite.php(34): require_once('C:\\xampp\\htdocs...')
#6 {main}
CRITICAL - 2022-05-19 04:20:31 --> Trying to get property 'firstName' of non-object
#0 C:\xampp\htdocs\loginshwt\app\Controllers\Auth.php(53): CodeIgniter\Debug\Exceptions->errorHandler(8, 'Trying to get p...', 'C:\\xampp\\htdocs...', 53, Array)
#1 C:\xampp\htdocs\loginshwt\system\CodeIgniter.php(917): App\Controllers\Auth->loginUser()
#2 C:\xampp\htdocs\loginshwt\system\CodeIgniter.php(403): CodeIgniter\CodeIgniter->runController(Object(App\Controllers\Auth))
#3 C:\xampp\htdocs\loginshwt\system\CodeIgniter.php(311): CodeIgniter\CodeIgniter->handleRequest(NULL, Object(Config\Cache), false)
#4 C:\xampp\htdocs\loginshwt\public\index.php(45): CodeIgniter\CodeIgniter->run()
#5 C:\xampp\htdocs\loginshwt\system\Commands\Server\rewrite.php(34): require_once('C:\\xampp\\htdocs...')
#6 {main}
CRITICAL - 2022-05-19 06:01:01 --> Invalid file: home.php
#0 C:\xampp\htdocs\loginshwt\system\View\View.php(228): CodeIgniter\Exceptions\FrameworkException::forInvalidFile('home.php')
#1 C:\xampp\htdocs\loginshwt\system\Common.php(1087): CodeIgniter\View\View->render('home', Array, true)
#2 C:\xampp\htdocs\loginshwt\app\Controllers\Auth.php(56): view('home')
#3 C:\xampp\htdocs\loginshwt\system\CodeIgniter.php(917): App\Controllers\Auth->loginUser()
#4 C:\xampp\htdocs\loginshwt\system\CodeIgniter.php(403): CodeIgniter\CodeIgniter->runController(Object(App\Controllers\Auth))
#5 C:\xampp\htdocs\loginshwt\system\CodeIgniter.php(311): CodeIgniter\CodeIgniter->handleRequest(NULL, Object(Config\Cache), false)
#6 C:\xampp\htdocs\loginshwt\public\index.php(45): CodeIgniter\CodeIgniter->run()
#7 C:\xampp\htdocs\loginshwt\system\Commands\Server\rewrite.php(34): require_once('C:\\xampp\\htdocs...')
#8 {main}
CRITICAL - 2022-05-19 06:02:17 --> Undefined property: CodeIgniter\View\View::$load
#0 C:\xampp\htdocs\loginshwt\app\Views\app.php(9): CodeIgniter\Debug\Exceptions->errorHandler(8, 'Undefined prope...', 'C:\\xampp\\htdocs...', 9, Array)
#1 C:\xampp\htdocs\loginshwt\system\View\View.php(246): include('C:\\xampp\\htdocs...')
#2 C:\xampp\htdocs\loginshwt\system\Common.php(1087): CodeIgniter\View\View->render('app', Array, true)
#3 C:\xampp\htdocs\loginshwt\app\Controllers\Auth.php(56): view('app')
#4 C:\xampp\htdocs\loginshwt\system\CodeIgniter.php(917): App\Controllers\Auth->loginUser()
#5 C:\xampp\htdocs\loginshwt\system\CodeIgniter.php(403): CodeIgniter\CodeIgniter->runController(Object(App\Controllers\Auth))
#6 C:\xampp\htdocs\loginshwt\system\CodeIgniter.php(311): CodeIgniter\CodeIgniter->handleRequest(NULL, Object(Config\Cache), false)
#7 C:\xampp\htdocs\loginshwt\public\index.php(45): CodeIgniter\CodeIgniter->run()
#8 C:\xampp\htdocs\loginshwt\system\Commands\Server\rewrite.php(34): require_once('C:\\xampp\\htdocs...')
#9 {main}
CRITICAL - 2022-05-19 06:04:59 --> Undefined property: App\Controllers\Auth::$load
#0 C:\xampp\htdocs\loginshwt\app\Controllers\Auth.php(56): CodeIgniter\Debug\Exceptions->errorHandler(8, 'Undefined prope...', 'C:\\xampp\\htdocs...', 56, Array)
#1 C:\xampp\htdocs\loginshwt\system\CodeIgniter.php(917): App\Controllers\Auth->loginUser()
#2 C:\xampp\htdocs\loginshwt\system\CodeIgniter.php(403): CodeIgniter\CodeIgniter->runController(Object(App\Controllers\Auth))
#3 C:\xampp\htdocs\loginshwt\system\CodeIgniter.php(311): CodeIgniter\CodeIgniter->handleRequest(NULL, Object(Config\Cache), false)
#4 C:\xampp\htdocs\loginshwt\public\index.php(45): CodeIgniter\CodeIgniter->run()
#5 C:\xampp\htdocs\loginshwt\system\Commands\Server\rewrite.php(34): require_once('C:\\xampp\\htdocs...')
#6 {main}
CRITICAL - 2022-05-19 06:06:30 --> Undefined property: App\Controllers\Auth::$load
#0 C:\xampp\htdocs\loginshwt\app\Controllers\Auth.php(56): CodeIgniter\Debug\Exceptions->errorHandler(8, 'Undefined prope...', 'C:\\xampp\\htdocs...', 56, Array)
#1 C:\xampp\htdocs\loginshwt\system\CodeIgniter.php(917): App\Controllers\Auth->loginUser()
#2 C:\xampp\htdocs\loginshwt\system\CodeIgniter.php(403): CodeIgniter\CodeIgniter->runController(Object(App\Controllers\Auth))
#3 C:\xampp\htdocs\loginshwt\system\CodeIgniter.php(311): CodeIgniter\CodeIgniter->handleRequest(NULL, Object(Config\Cache), false)
#4 C:\xampp\htdocs\loginshwt\public\index.php(45): CodeIgniter\CodeIgniter->run()
#5 C:\xampp\htdocs\loginshwt\system\Commands\Server\rewrite.php(34): require_once('C:\\xampp\\htdocs...')
#6 {main}
CRITICAL - 2022-05-19 06:06:49 --> Undefined property: App\Controllers\Auth::$load
#0 C:\xampp\htdocs\loginshwt\app\Controllers\Auth.php(56): CodeIgniter\Debug\Exceptions->errorHandler(8, 'Undefined prope...', 'C:\\xampp\\htdocs...', 56, Array)
#1 C:\xampp\htdocs\loginshwt\system\CodeIgniter.php(917): App\Controllers\Auth->loginUser()
#2 C:\xampp\htdocs\loginshwt\system\CodeIgniter.php(403): CodeIgniter\CodeIgniter->runController(Object(App\Controllers\Auth))
#3 C:\xampp\htdocs\loginshwt\system\CodeIgniter.php(311): CodeIgniter\CodeIgniter->handleRequest(NULL, Object(Config\Cache), false)
#4 C:\xampp\htdocs\loginshwt\public\index.php(45): CodeIgniter\CodeIgniter->run()
#5 C:\xampp\htdocs\loginshwt\system\Commands\Server\rewrite.php(34): require_once('C:\\xampp\\htdocs...')
#6 {main}
CRITICAL - 2022-05-19 06:08:15 --> Undefined property: CodeIgniter\View\View::$load
#0 C:\xampp\htdocs\loginshwt\app\Views\app.php(9): CodeIgniter\Debug\Exceptions->errorHandler(8, 'Undefined prope...', 'C:\\xampp\\htdocs...', 9, Array)
#1 C:\xampp\htdocs\loginshwt\system\View\View.php(246): include('C:\\xampp\\htdocs...')
#2 C:\xampp\htdocs\loginshwt\system\Common.php(1087): CodeIgniter\View\View->render('app', Array, true)
#3 C:\xampp\htdocs\loginshwt\app\Controllers\Auth.php(56): view('app')
#4 C:\xampp\htdocs\loginshwt\system\CodeIgniter.php(917): App\Controllers\Auth->loginUser()
#5 C:\xampp\htdocs\loginshwt\system\CodeIgniter.php(403): CodeIgniter\CodeIgniter->runController(Object(App\Controllers\Auth))
#6 C:\xampp\htdocs\loginshwt\system\CodeIgniter.php(311): CodeIgniter\CodeIgniter->handleRequest(NULL, Object(Config\Cache), false)
#7 C:\xampp\htdocs\loginshwt\public\index.php(45): CodeIgniter\CodeIgniter->run()
#8 C:\xampp\htdocs\loginshwt\system\Commands\Server\rewrite.php(34): require_once('C:\\xampp\\htdocs...')
#9 {main}
CRITICAL - 2022-05-19 06:09:54 --> include(include/head): failed to open stream: No such file or directory
#0 C:\xampp\htdocs\loginshwt\app\Views\app.php(9): CodeIgniter\Debug\Exceptions->errorHandler(2, 'include(include...', 'C:\\xampp\\htdocs...', 9, Array)
#1 C:\xampp\htdocs\loginshwt\app\Views\app.php(9): include()
#2 C:\xampp\htdocs\loginshwt\system\View\View.php(246): include('C:\\xampp\\htdocs...')
#3 C:\xampp\htdocs\loginshwt\system\Common.php(1087): CodeIgniter\View\View->render('app', Array, true)
#4 C:\xampp\htdocs\loginshwt\app\Controllers\Auth.php(56): view('app')
#5 C:\xampp\htdocs\loginshwt\system\CodeIgniter.php(917): App\Controllers\Auth->loginUser()
#6 C:\xampp\htdocs\loginshwt\system\CodeIgniter.php(403): CodeIgniter\CodeIgniter->runController(Object(App\Controllers\Auth))
#7 C:\xampp\htdocs\loginshwt\system\CodeIgniter.php(311): CodeIgniter\CodeIgniter->handleRequest(NULL, Object(Config\Cache), false)
#8 C:\xampp\htdocs\loginshwt\public\index.php(45): CodeIgniter\CodeIgniter->run()
#9 C:\xampp\htdocs\loginshwt\system\Commands\Server\rewrite.php(34): require_once('C:\\xampp\\htdocs...')
#10 {main}
CRITICAL - 2022-05-19 06:11:18 --> include(include/header): failed to open stream: No such file or directory
#0 C:\xampp\htdocs\loginshwt\app\Views\app.php(18): CodeIgniter\Debug\Exceptions->errorHandler(2, 'include(include...', 'C:\\xampp\\htdocs...', 18, Array)
#1 C:\xampp\htdocs\loginshwt\app\Views\app.php(18): include()
#2 C:\xampp\htdocs\loginshwt\system\View\View.php(246): include('C:\\xampp\\htdocs...')
#3 C:\xampp\htdocs\loginshwt\system\Common.php(1087): CodeIgniter\View\View->render('app', Array, true)
#4 C:\xampp\htdocs\loginshwt\app\Controllers\Auth.php(56): view('app')
#5 C:\xampp\htdocs\loginshwt\system\CodeIgniter.php(917): App\Controllers\Auth->loginUser()
#6 C:\xampp\htdocs\loginshwt\system\CodeIgniter.php(403): CodeIgniter\CodeIgniter->runController(Object(App\Controllers\Auth))
#7 C:\xampp\htdocs\loginshwt\system\CodeIgniter.php(311): CodeIgniter\CodeIgniter->handleRequest(NULL, Object(Config\Cache), false)
#8 C:\xampp\htdocs\loginshwt\public\index.php(45): CodeIgniter\CodeIgniter->run()
#9 C:\xampp\htdocs\loginshwt\system\Commands\Server\rewrite.php(34): require_once('C:\\xampp\\htdocs...')
#10 {main}
CRITICAL - 2022-05-19 07:04:28 --> Call to undefined function link_tag()
#0 C:\xampp\htdocs\loginshwt\system\View\View.php(246): include()
#1 C:\xampp\htdocs\loginshwt\system\View\View.php(525): CodeIgniter\View\View->render('include/head', NULL, true)
#2 C:\xampp\htdocs\loginshwt\app\Views\app.php(8): CodeIgniter\View\View->include('include/head')
#3 C:\xampp\htdocs\loginshwt\system\View\View.php(246): include('C:\\xampp\\htdocs...')
#4 C:\xampp\htdocs\loginshwt\system\Common.php(1087): CodeIgniter\View\View->render('app', Array, true)
#5 C:\xampp\htdocs\loginshwt\app\Controllers\Auth.php(56): view('app')
#6 C:\xampp\htdocs\loginshwt\system\CodeIgniter.php(917): App\Controllers\Auth->loginUser()
#7 C:\xampp\htdocs\loginshwt\system\CodeIgniter.php(403): CodeIgniter\CodeIgniter->runController(Object(App\Controllers\Auth))
#8 C:\xampp\htdocs\loginshwt\system\CodeIgniter.php(311): CodeIgniter\CodeIgniter->handleRequest(NULL, Object(Config\Cache), false)
#9 C:\xampp\htdocs\loginshwt\public\index.php(45): CodeIgniter\CodeIgniter->run()
#10 C:\xampp\htdocs\loginshwt\system\Commands\Server\rewrite.php(34): require_once('C:\\xampp\\htdocs...')
#11 {main}
CRITICAL - 2022-05-19 07:05:39 --> Call to undefined function link_tag()
#0 C:\xampp\htdocs\loginshwt\system\View\View.php(246): include()
#1 C:\xampp\htdocs\loginshwt\system\View\View.php(525): CodeIgniter\View\View->render('include/head', NULL, true)
#2 C:\xampp\htdocs\loginshwt\app\Views\app.php(8): CodeIgniter\View\View->include('include/head')
#3 C:\xampp\htdocs\loginshwt\system\View\View.php(246): include('C:\\xampp\\htdocs...')
#4 C:\xampp\htdocs\loginshwt\system\Common.php(1087): CodeIgniter\View\View->render('app', Array, true)
#5 C:\xampp\htdocs\loginshwt\app\Controllers\Auth.php(56): view('app')
#6 C:\xampp\htdocs\loginshwt\system\CodeIgniter.php(917): App\Controllers\Auth->loginUser()
#7 C:\xampp\htdocs\loginshwt\system\CodeIgniter.php(403): CodeIgniter\CodeIgniter->runController(Object(App\Controllers\Auth))
#8 C:\xampp\htdocs\loginshwt\system\CodeIgniter.php(311): CodeIgniter\CodeIgniter->handleRequest(NULL, Object(Config\Cache), false)
#9 C:\xampp\htdocs\loginshwt\public\index.php(45): CodeIgniter\CodeIgniter->run()
#10 C:\xampp\htdocs\loginshwt\system\Commands\Server\rewrite.php(34): require_once('C:\\xampp\\htdocs...')
#11 {main}
CRITICAL - 2022-05-19 07:06:17 --> Call to undefined function link_tag()
#0 C:\xampp\htdocs\loginshwt\system\View\View.php(246): include()
#1 C:\xampp\htdocs\loginshwt\system\View\View.php(525): CodeIgniter\View\View->render('include/head', NULL, true)
#2 C:\xampp\htdocs\loginshwt\app\Views\app.php(8): CodeIgniter\View\View->include('include/head')
#3 C:\xampp\htdocs\loginshwt\system\View\View.php(246): include('C:\\xampp\\htdocs...')
#4 C:\xampp\htdocs\loginshwt\system\Common.php(1087): CodeIgniter\View\View->render('app', Array, true)
#5 C:\xampp\htdocs\loginshwt\app\Controllers\Auth.php(56): view('app')
#6 C:\xampp\htdocs\loginshwt\system\CodeIgniter.php(917): App\Controllers\Auth->loginUser()
#7 C:\xampp\htdocs\loginshwt\system\CodeIgniter.php(403): CodeIgniter\CodeIgniter->runController(Object(App\Controllers\Auth))
#8 C:\xampp\htdocs\loginshwt\system\CodeIgniter.php(311): CodeIgniter\CodeIgniter->handleRequest(NULL, Object(Config\Cache), false)
#9 C:\xampp\htdocs\loginshwt\public\index.php(45): CodeIgniter\CodeIgniter->run()
#10 C:\xampp\htdocs\loginshwt\system\Commands\Server\rewrite.php(34): require_once('C:\\xampp\\htdocs...')
#11 {main}
CRITICAL - 2022-05-19 07:11:25 --> Call to undefined function link_tag()
#0 C:\xampp\htdocs\loginshwt\system\View\View.php(246): include()
#1 C:\xampp\htdocs\loginshwt\system\View\View.php(525): CodeIgniter\View\View->render('include/head', NULL, true)
#2 C:\xampp\htdocs\loginshwt\app\Views\app.php(8): CodeIgniter\View\View->include('include/head')
#3 C:\xampp\htdocs\loginshwt\system\View\View.php(246): include('C:\\xampp\\htdocs...')
#4 C:\xampp\htdocs\loginshwt\system\Common.php(1087): CodeIgniter\View\View->render('app', Array, true)
#5 C:\xampp\htdocs\loginshwt\app\Controllers\Auth.php(56): view('app')
#6 C:\xampp\htdocs\loginshwt\system\CodeIgniter.php(917): App\Controllers\Auth->loginUser()
#7 C:\xampp\htdocs\loginshwt\system\CodeIgniter.php(403): CodeIgniter\CodeIgniter->runController(Object(App\Controllers\Auth))
#8 C:\xampp\htdocs\loginshwt\system\CodeIgniter.php(311): CodeIgniter\CodeIgniter->handleRequest(NULL, Object(Config\Cache), false)
#9 C:\xampp\htdocs\loginshwt\public\index.php(45): CodeIgniter\CodeIgniter->run()
#10 C:\xampp\htdocs\loginshwt\system\Commands\Server\rewrite.php(34): require_once('C:\\xampp\\htdocs...')
#11 {main}
CRITICAL - 2022-05-19 09:42:45 --> Undefined property: CodeIgniter\View\View::$load
#0 C:\xampp\htdocs\loginshwt\app\Views\include\head.php(26): CodeIgniter\Debug\Exceptions->errorHandler(8, 'Undefined prope...', 'C:\\xampp\\htdocs...', 26, Array)
#1 C:\xampp\htdocs\loginshwt\system\View\View.php(246): include('C:\\xampp\\htdocs...')
#2 C:\xampp\htdocs\loginshwt\system\View\View.php(525): CodeIgniter\View\View->render('include/head', NULL, true)
#3 C:\xampp\htdocs\loginshwt\app\Views\app.php(8): CodeIgniter\View\View->include('include/head')
#4 C:\xampp\htdocs\loginshwt\system\View\View.php(246): include('C:\\xampp\\htdocs...')
#5 C:\xampp\htdocs\loginshwt\system\Common.php(1087): CodeIgniter\View\View->render('app', Array, true)
#6 C:\xampp\htdocs\loginshwt\app\Controllers\Auth.php(56): view('app')
#7 C:\xampp\htdocs\loginshwt\system\CodeIgniter.php(917): App\Controllers\Auth->loginUser()
#8 C:\xampp\htdocs\loginshwt\system\CodeIgniter.php(403): CodeIgniter\CodeIgniter->runController(Object(App\Controllers\Auth))
#9 C:\xampp\htdocs\loginshwt\system\CodeIgniter.php(311): CodeIgniter\CodeIgniter->handleRequest(NULL, Object(Config\Cache), false)
#10 C:\xampp\htdocs\loginshwt\public\index.php(45): CodeIgniter\CodeIgniter->run()
#11 C:\xampp\htdocs\loginshwt\system\Commands\Server\rewrite.php(34): require_once('C:\\xampp\\htdocs...')
#12 {main}
CRITICAL - 2022-05-19 10:24:29 --> Undefined property: App\Controllers\Auth::$load
#0 C:\xampp\htdocs\loginshwt\app\Controllers\Auth.php(16): CodeIgniter\Debug\Exceptions->errorHandler(8, 'Undefined prope...', 'C:\\xampp\\htdocs...', 16, Array)
#1 C:\xampp\htdocs\loginshwt\system\CodeIgniter.php(917): App\Controllers\Auth->loginUser()
#2 C:\xampp\htdocs\loginshwt\system\CodeIgniter.php(403): CodeIgniter\CodeIgniter->runController(Object(App\Controllers\Auth))
#3 C:\xampp\htdocs\loginshwt\system\CodeIgniter.php(311): CodeIgniter\CodeIgniter->handleRequest(NULL, Object(Config\Cache), false)
#4 C:\xampp\htdocs\loginshwt\public\index.php(45): CodeIgniter\CodeIgniter->run()
#5 C:\xampp\htdocs\loginshwt\system\Commands\Server\rewrite.php(34): require_once('C:\\xampp\\htdocs...')
#6 {main}
CRITICAL - 2022-05-19 10:41:32 --> Undefined property: App\Controllers\Auth::$load
#0 C:\xampp\htdocs\loginshwt\app\Controllers\Auth.php(16): CodeIgniter\Debug\Exceptions->errorHandler(8, 'Undefined prope...', 'C:\\xampp\\htdocs...', 16, Array)
#1 C:\xampp\htdocs\loginshwt\system\CodeIgniter.php(917): App\Controllers\Auth->loginUser()
#2 C:\xampp\htdocs\loginshwt\system\CodeIgniter.php(403): CodeIgniter\CodeIgniter->runController(Object(App\Controllers\Auth))
#3 C:\xampp\htdocs\loginshwt\system\CodeIgniter.php(311): CodeIgniter\CodeIgniter->handleRequest(NULL, Object(Config\Cache), false)
#4 C:\xampp\htdocs\loginshwt\public\index.php(45): CodeIgniter\CodeIgniter->run()
#5 C:\xampp\htdocs\loginshwt\system\Commands\Server\rewrite.php(34): require_once('C:\\xampp\\htdocs...')
#6 {main}
CRITICAL - 2022-05-19 10:45:47 --> Undefined property: App\Controllers\Auth::$load
#0 C:\xampp\htdocs\loginshwt\app\Controllers\Auth.php(16): CodeIgniter\Debug\Exceptions->errorHandler(8, 'Undefined prope...', 'C:\\xampp\\htdocs...', 16, Array)
#1 C:\xampp\htdocs\loginshwt\system\CodeIgniter.php(917): App\Controllers\Auth->loginUser()
#2 C:\xampp\htdocs\loginshwt\system\CodeIgniter.php(403): CodeIgniter\CodeIgniter->runController(Object(App\Controllers\Auth))
#3 C:\xampp\htdocs\loginshwt\system\CodeIgniter.php(311): CodeIgniter\CodeIgniter->handleRequest(NULL, Object(Config\Cache), false)
#4 C:\xampp\htdocs\loginshwt\public\index.php(45): CodeIgniter\CodeIgniter->run()
#5 C:\xampp\htdocs\loginshwt\system\Commands\Server\rewrite.php(34): require_once('C:\\xampp\\htdocs...')
#6 {main}
CRITICAL - 2022-05-19 10:46:42 --> Undefined property: App\Controllers\Auth::$load
#0 C:\xampp\htdocs\loginshwt\app\Controllers\Auth.php(16): CodeIgniter\Debug\Exceptions->errorHandler(8, 'Undefined prope...', 'C:\\xampp\\htdocs...', 16, Array)
#1 C:\xampp\htdocs\loginshwt\system\CodeIgniter.php(917): App\Controllers\Auth->loginUser()
#2 C:\xampp\htdocs\loginshwt\system\CodeIgniter.php(403): CodeIgniter\CodeIgniter->runController(Object(App\Controllers\Auth))
#3 C:\xampp\htdocs\loginshwt\system\CodeIgniter.php(311): CodeIgniter\CodeIgniter->handleRequest(NULL, Object(Config\Cache), false)
#4 C:\xampp\htdocs\loginshwt\public\index.php(45): CodeIgniter\CodeIgniter->run()
#5 C:\xampp\htdocs\loginshwt\system\Commands\Server\rewrite.php(34): require_once('C:\\xampp\\htdocs...')
#6 {main}
CRITICAL - 2022-05-19 10:46:49 --> Undefined property: App\Controllers\Auth::$load
#0 C:\xampp\htdocs\loginshwt\app\Controllers\Auth.php(16): CodeIgniter\Debug\Exceptions->errorHandler(8, 'Undefined prope...', 'C:\\xampp\\htdocs...', 16, Array)
#1 C:\xampp\htdocs\loginshwt\system\CodeIgniter.php(917): App\Controllers\Auth->loginUser()
#2 C:\xampp\htdocs\loginshwt\system\CodeIgniter.php(403): CodeIgniter\CodeIgniter->runController(Object(App\Controllers\Auth))
#3 C:\xampp\htdocs\loginshwt\system\CodeIgniter.php(311): CodeIgniter\CodeIgniter->handleRequest(NULL, Object(Config\Cache), false)
#4 C:\xampp\htdocs\loginshwt\public\index.php(45): CodeIgniter\CodeIgniter->run()
#5 C:\xampp\htdocs\loginshwt\system\Commands\Server\rewrite.php(34): require_once('C:\\xampp\\htdocs...')
#6 {main}
CRITICAL - 2022-05-19 13:33:52 --> Invalid file: include/app.php
#0 C:\xampp\htdocs\loginshwt\system\View\View.php(228): CodeIgniter\Exceptions\FrameworkException::forInvalidFile('include/app.php')
#1 C:\xampp\htdocs\loginshwt\system\View\View.php(525): CodeIgniter\View\View->render('include/app', NULL, true)
#2 C:\xampp\htdocs\loginshwt\app\Views\home.php(1): CodeIgniter\View\View->include('include/app')
#3 C:\xampp\htdocs\loginshwt\system\View\View.php(246): include('C:\\xampp\\htdocs...')
#4 C:\xampp\htdocs\loginshwt\system\Common.php(1087): CodeIgniter\View\View->render('home', Array, true)
#5 C:\xampp\htdocs\loginshwt\app\Controllers\Auth.php(55): view('home')
#6 C:\xampp\htdocs\loginshwt\system\CodeIgniter.php(917): App\Controllers\Auth->loginUser()
#7 C:\xampp\htdocs\loginshwt\system\CodeIgniter.php(403): CodeIgniter\CodeIgniter->runController(Object(App\Controllers\Auth))
#8 C:\xampp\htdocs\loginshwt\system\CodeIgniter.php(311): CodeIgniter\CodeIgniter->handleRequest(NULL, Object(Config\Cache), false)
#9 C:\xampp\htdocs\loginshwt\public\index.php(45): CodeIgniter\CodeIgniter->run()
#10 C:\xampp\htdocs\loginshwt\system\Commands\Server\rewrite.php(34): require_once('C:\\xampp\\htdocs...')
#11 {main}
CRITICAL - 2022-05-19 13:44:28 --> Invalid file: include/scrip.php
#0 C:\xampp\htdocs\loginshwt\system\View\View.php(228): CodeIgniter\Exceptions\FrameworkException::forInvalidFile('include/scrip.p...')
#1 C:\xampp\htdocs\loginshwt\system\View\View.php(525): CodeIgniter\View\View->render('include/scrip', NULL, true)
#2 C:\xampp\htdocs\loginshwt\app\Views\app.php(40): CodeIgniter\View\View->include('include/scrip')
#3 C:\xampp\htdocs\loginshwt\system\View\View.php(246): include('C:\\xampp\\htdocs...')
#4 C:\xampp\htdocs\loginshwt\system\View\View.php(525): CodeIgniter\View\View->render('app', NULL, true)
#5 C:\xampp\htdocs\loginshwt\app\Views\home.php(1): CodeIgniter\View\View->include('app')
#6 C:\xampp\htdocs\loginshwt\system\View\View.php(246): include('C:\\xampp\\htdocs...')
#7 C:\xampp\htdocs\loginshwt\system\Common.php(1087): CodeIgniter\View\View->render('home', Array, true)
#8 C:\xampp\htdocs\loginshwt\app\Controllers\Auth.php(55): view('home')
#9 C:\xampp\htdocs\loginshwt\system\CodeIgniter.php(917): App\Controllers\Auth->loginUser()
#10 C:\xampp\htdocs\loginshwt\system\CodeIgniter.php(403): CodeIgniter\CodeIgniter->runController(Object(App\Controllers\Auth))
#11 C:\xampp\htdocs\loginshwt\system\CodeIgniter.php(311): CodeIgniter\CodeIgniter->handleRequest(NULL, Object(Config\Cache), false)
#12 C:\xampp\htdocs\loginshwt\public\index.php(45): CodeIgniter\CodeIgniter->run()
#13 C:\xampp\htdocs\loginshwt\system\Commands\Server\rewrite.php(34): require_once('C:\\xampp\\htdocs...')
#14 {main}
CRITICAL - 2022-05-19 13:44:46 --> Invalid file: include/scrip.php
#0 C:\xampp\htdocs\loginshwt\system\View\View.php(228): CodeIgniter\Exceptions\FrameworkException::forInvalidFile('include/scrip.p...')
#1 C:\xampp\htdocs\loginshwt\system\View\View.php(525): CodeIgniter\View\View->render('include/scrip', NULL, true)
#2 C:\xampp\htdocs\loginshwt\app\Views\app.php(40): CodeIgniter\View\View->include('include/scrip')
#3 C:\xampp\htdocs\loginshwt\system\View\View.php(246): include('C:\\xampp\\htdocs...')
#4 C:\xampp\htdocs\loginshwt\system\View\View.php(525): CodeIgniter\View\View->render('app', NULL, true)
#5 C:\xampp\htdocs\loginshwt\app\Views\home.php(1): CodeIgniter\View\View->include('app')
#6 C:\xampp\htdocs\loginshwt\system\View\View.php(246): include('C:\\xampp\\htdocs...')
#7 C:\xampp\htdocs\loginshwt\system\Common.php(1087): CodeIgniter\View\View->render('home', Array, true)
#8 C:\xampp\htdocs\loginshwt\app\Controllers\Auth.php(55): view('home')
#9 C:\xampp\htdocs\loginshwt\system\CodeIgniter.php(917): App\Controllers\Auth->loginUser()
#10 C:\xampp\htdocs\loginshwt\system\CodeIgniter.php(403): CodeIgniter\CodeIgniter->runController(Object(App\Controllers\Auth))
#11 C:\xampp\htdocs\loginshwt\system\CodeIgniter.php(311): CodeIgniter\CodeIgniter->handleRequest(NULL, Object(Config\Cache), false)
#12 C:\xampp\htdocs\loginshwt\public\index.php(45): CodeIgniter\CodeIgniter->run()
#13 C:\xampp\htdocs\loginshwt\system\Commands\Server\rewrite.php(34): require_once('C:\\xampp\\htdocs...')
#14 {main}
CRITICAL - 2022-05-19 13:46:56 --> Invalid file: include/scripف.php
#0 C:\xampp\htdocs\loginshwt\system\View\View.php(228): CodeIgniter\Exceptions\FrameworkException::forInvalidFile('include/scrip\xD9\x81...')
#1 C:\xampp\htdocs\loginshwt\system\View\View.php(525): CodeIgniter\View\View->render('include/scrip\xD9\x81', NULL, true)
#2 C:\xampp\htdocs\loginshwt\app\Views\app.php(41): CodeIgniter\View\View->include('include/scrip\xD9\x81')
#3 C:\xampp\htdocs\loginshwt\system\View\View.php(246): include('C:\\xampp\\htdocs...')
#4 C:\xampp\htdocs\loginshwt\system\View\View.php(525): CodeIgniter\View\View->render('app', NULL, true)
#5 C:\xampp\htdocs\loginshwt\app\Views\home.php(1): CodeIgniter\View\View->include('app')
#6 C:\xampp\htdocs\loginshwt\system\View\View.php(246): include('C:\\xampp\\htdocs...')
#7 C:\xampp\htdocs\loginshwt\system\Common.php(1087): CodeIgniter\View\View->render('home', Array, true)
#8 C:\xampp\htdocs\loginshwt\app\Controllers\Auth.php(55): view('home')
#9 C:\xampp\htdocs\loginshwt\system\CodeIgniter.php(917): App\Controllers\Auth->loginUser()
#10 C:\xampp\htdocs\loginshwt\system\CodeIgniter.php(403): CodeIgniter\CodeIgniter->runController(Object(App\Controllers\Auth))
#11 C:\xampp\htdocs\loginshwt\system\CodeIgniter.php(311): CodeIgniter\CodeIgniter->handleRequest(NULL, Object(Config\Cache), false)
#12 C:\xampp\htdocs\loginshwt\public\index.php(45): CodeIgniter\CodeIgniter->run()
#13 C:\xampp\htdocs\loginshwt\system\Commands\Server\rewrite.php(34): require_once('C:\\xampp\\htdocs...')
#14 {main}
CRITICAL - 2022-05-19 13:47:16 --> Invalid file: include/scripف.php
#0 C:\xampp\htdocs\loginshwt\system\View\View.php(228): CodeIgniter\Exceptions\FrameworkException::forInvalidFile('include/scrip\xD9\x81...')
#1 C:\xampp\htdocs\loginshwt\system\View\View.php(525): CodeIgniter\View\View->render('include/scrip\xD9\x81', NULL, true)
#2 C:\xampp\htdocs\loginshwt\app\Views\app.php(41): CodeIgniter\View\View->include('include/scrip\xD9\x81')
#3 C:\xampp\htdocs\loginshwt\system\View\View.php(246): include('C:\\xampp\\htdocs...')
#4 C:\xampp\htdocs\loginshwt\system\View\View.php(525): CodeIgniter\View\View->render('app', NULL, true)
#5 C:\xampp\htdocs\loginshwt\app\Views\home.php(1): CodeIgniter\View\View->include('app')
#6 C:\xampp\htdocs\loginshwt\system\View\View.php(246): include('C:\\xampp\\htdocs...')
#7 C:\xampp\htdocs\loginshwt\system\Common.php(1087): CodeIgniter\View\View->render('home', Array, true)
#8 C:\xampp\htdocs\loginshwt\app\Controllers\Auth.php(55): view('home')
#9 C:\xampp\htdocs\loginshwt\system\CodeIgniter.php(917): App\Controllers\Auth->loginUser()
#10 C:\xampp\htdocs\loginshwt\system\CodeIgniter.php(403): CodeIgniter\CodeIgniter->runController(Object(App\Controllers\Auth))
#11 C:\xampp\htdocs\loginshwt\system\CodeIgniter.php(311): CodeIgniter\CodeIgniter->handleRequest(NULL, Object(Config\Cache), false)
#12 C:\xampp\htdocs\loginshwt\public\index.php(45): CodeIgniter\CodeIgniter->run()
#13 C:\xampp\htdocs\loginshwt\system\Commands\Server\rewrite.php(34): require_once('C:\\xampp\\htdocs...')
#14 {main}
CRITICAL - 2022-05-19 13:52:01 --> Too few arguments to function CodeIgniter\View\View::section(), 0 passed in C:\xampp\htdocs\loginshwt\app\Views\home.php on line 2 and exactly 1 expected
#0 C:\xampp\htdocs\loginshwt\app\Views\home.php(2): CodeIgniter\View\View->section()
#1 C:\xampp\htdocs\loginshwt\system\View\View.php(246): include('C:\\xampp\\htdocs...')
#2 C:\xampp\htdocs\loginshwt\system\Common.php(1087): CodeIgniter\View\View->render('home', Array, true)
#3 C:\xampp\htdocs\loginshwt\app\Controllers\Auth.php(55): view('home')
#4 C:\xampp\htdocs\loginshwt\system\CodeIgniter.php(917): App\Controllers\Auth->loginUser()
#5 C:\xampp\htdocs\loginshwt\system\CodeIgniter.php(403): CodeIgniter\CodeIgniter->runController(Object(App\Controllers\Auth))
#6 C:\xampp\htdocs\loginshwt\system\CodeIgniter.php(311): CodeIgniter\CodeIgniter->handleRequest(NULL, Object(Config\Cache), false)
#7 C:\xampp\htdocs\loginshwt\public\index.php(45): CodeIgniter\CodeIgniter->run()
#8 C:\xampp\htdocs\loginshwt\system\Commands\Server\rewrite.php(34): require_once('C:\\xampp\\htdocs...')
#9 {main}
CRITICAL - 2022-05-19 14:20:06 --> View themes, no current section.
#0 C:\xampp\htdocs\loginshwt\app\Views\app.php(47): CodeIgniter\View\View->endSection()
#1 C:\xampp\htdocs\loginshwt\system\View\View.php(246): include('C:\\xampp\\htdocs...')
#2 C:\xampp\htdocs\loginshwt\system\Common.php(1087): CodeIgniter\View\View->render('app', Array, true)
#3 C:\xampp\htdocs\loginshwt\app\Controllers\Auth.php(57): view('app')
#4 C:\xampp\htdocs\loginshwt\system\CodeIgniter.php(917): App\Controllers\Auth->loginUser()
#5 C:\xampp\htdocs\loginshwt\system\CodeIgniter.php(403): CodeIgniter\CodeIgniter->runController(Object(App\Controllers\Auth))
#6 C:\xampp\htdocs\loginshwt\system\CodeIgniter.php(311): CodeIgniter\CodeIgniter->handleRequest(NULL, Object(Config\Cache), false)
#7 C:\xampp\htdocs\loginshwt\public\index.php(45): CodeIgniter\CodeIgniter->run()
#8 C:\xampp\htdocs\loginshwt\system\Commands\Server\rewrite.php(34): require_once('C:\\xampp\\htdocs...')
#9 {main}
CRITICAL - 2022-05-19 14:26:41 --> Invalid file: include/home.php
#0 C:\xampp\htdocs\loginshwt\system\View\View.php(228): CodeIgniter\Exceptions\FrameworkException::forInvalidFile('include/home.ph...')
#1 C:\xampp\htdocs\loginshwt\system\View\View.php(525): CodeIgniter\View\View->render('include/home', NULL, true)
#2 C:\xampp\htdocs\loginshwt\app\Views\app.php(26): CodeIgniter\View\View->include('include/home')
#3 C:\xampp\htdocs\loginshwt\system\View\View.php(246): include('C:\\xampp\\htdocs...')
#4 C:\xampp\htdocs\loginshwt\system\Common.php(1087): CodeIgniter\View\View->render('app', Array, true)
#5 C:\xampp\htdocs\loginshwt\app\Controllers\Auth.php(57): view('app')
#6 C:\xampp\htdocs\loginshwt\system\CodeIgniter.php(917): App\Controllers\Auth->loginUser()
#7 C:\xampp\htdocs\loginshwt\system\CodeIgniter.php(403): CodeIgniter\CodeIgniter->runController(Object(App\Controllers\Auth))
#8 C:\xampp\htdocs\loginshwt\system\CodeIgniter.php(311): CodeIgniter\CodeIgniter->handleRequest(NULL, Object(Config\Cache), false)
#9 C:\xampp\htdocs\loginshwt\public\index.php(45): CodeIgniter\CodeIgniter->run()
#10 C:\xampp\htdocs\loginshwt\system\Commands\Server\rewrite.php(34): require_once('C:\\xampp\\htdocs...')
#11 {main}
CRITICAL - 2022-05-19 14:31:20 --> Maximum execution time of 60 seconds exceeded
#0 [internal function]: CodeIgniter\Debug\Exceptions->shutdownHandler()
#1 {main}
CRITICAL - 2022-05-19 14:43:09 --> Invalid file: include/home.php
#0 C:\xampp\htdocs\loginshwt\system\View\View.php(228): CodeIgniter\Exceptions\FrameworkException::forInvalidFile('include/home.ph...')
#1 C:\xampp\htdocs\loginshwt\system\View\View.php(525): CodeIgniter\View\View->render('include/home', NULL, true)
#2 C:\xampp\htdocs\loginshwt\app\Views\app.php(18): CodeIgniter\View\View->include('include/home')
#3 C:\xampp\htdocs\loginshwt\system\View\View.php(246): include('C:\\xampp\\htdocs...')
#4 C:\xampp\htdocs\loginshwt\system\Common.php(1087): CodeIgniter\View\View->render('app', Array, true)
#5 C:\xampp\htdocs\loginshwt\app\Controllers\Auth.php(57): view('app')
#6 C:\xampp\htdocs\loginshwt\system\CodeIgniter.php(917): App\Controllers\Auth->loginUser()
#7 C:\xampp\htdocs\loginshwt\system\CodeIgniter.php(403): CodeIgniter\CodeIgniter->runController(Object(App\Controllers\Auth))
#8 C:\xampp\htdocs\loginshwt\system\CodeIgniter.php(311): CodeIgniter\CodeIgniter->handleRequest(NULL, Object(Config\Cache), false)
#9 C:\xampp\htdocs\loginshwt\public\index.php(45): CodeIgniter\CodeIgniter->run()
#10 C:\xampp\htdocs\loginshwt\system\Commands\Server\rewrite.php(34): require_once('C:\\xampp\\htdocs...')
#11 {main}
CRITICAL - 2022-05-19 14:44:08 --> Invalid file: include/home.php
#0 C:\xampp\htdocs\loginshwt\system\View\View.php(228): CodeIgniter\Exceptions\FrameworkException::forInvalidFile('include/home.ph...')
#1 C:\xampp\htdocs\loginshwt\system\View\View.php(525): CodeIgniter\View\View->render('include/home', NULL, true)
#2 C:\xampp\htdocs\loginshwt\app\Views\app.php(18): CodeIgniter\View\View->include('include/home')
#3 C:\xampp\htdocs\loginshwt\system\View\View.php(246): include('C:\\xampp\\htdocs...')
#4 C:\xampp\htdocs\loginshwt\system\View\View.php(257): CodeIgniter\View\View->render('app', Array, true)
#5 C:\xampp\htdocs\loginshwt\system\Common.php(1087): CodeIgniter\View\View->render('home', Array, true)
#6 C:\xampp\htdocs\loginshwt\app\Controllers\Auth.php(57): view('home')
#7 C:\xampp\htdocs\loginshwt\system\CodeIgniter.php(917): App\Controllers\Auth->loginUser()
#8 C:\xampp\htdocs\loginshwt\system\CodeIgniter.php(403): CodeIgniter\CodeIgniter->runController(Object(App\Controllers\Auth))
#9 C:\xampp\htdocs\loginshwt\system\CodeIgniter.php(311): CodeIgniter\CodeIgniter->handleRequest(NULL, Object(Config\Cache), false)
#10 C:\xampp\htdocs\loginshwt\public\index.php(45): CodeIgniter\CodeIgniter->run()
#11 C:\xampp\htdocs\loginshwt\system\Commands\Server\rewrite.php(34): require_once('C:\\xampp\\htdocs...')
#12 {main}
CRITICAL - 2022-05-19 14:44:11 --> Invalid file: include/home.php
#0 C:\xampp\htdocs\loginshwt\system\View\View.php(228): CodeIgniter\Exceptions\FrameworkException::forInvalidFile('include/home.ph...')
#1 C:\xampp\htdocs\loginshwt\system\View\View.php(525): CodeIgniter\View\View->render('include/home', NULL, true)
#2 C:\xampp\htdocs\loginshwt\app\Views\app.php(18): CodeIgniter\View\View->include('include/home')
#3 C:\xampp\htdocs\loginshwt\system\View\View.php(246): include('C:\\xampp\\htdocs...')
#4 C:\xampp\htdocs\loginshwt\system\View\View.php(257): CodeIgniter\View\View->render('app', Array, true)
#5 C:\xampp\htdocs\loginshwt\system\Common.php(1087): CodeIgniter\View\View->render('home', Array, true)
#6 C:\xampp\htdocs\loginshwt\app\Controllers\Auth.php(57): view('home')
#7 C:\xampp\htdocs\loginshwt\system\CodeIgniter.php(917): App\Controllers\Auth->loginUser()
#8 C:\xampp\htdocs\loginshwt\system\CodeIgniter.php(403): CodeIgniter\CodeIgniter->runController(Object(App\Controllers\Auth))
#9 C:\xampp\htdocs\loginshwt\system\CodeIgniter.php(311): CodeIgniter\CodeIgniter->handleRequest(NULL, Object(Config\Cache), false)
#10 C:\xampp\htdocs\loginshwt\public\index.php(45): CodeIgniter\CodeIgniter->run()
#11 C:\xampp\htdocs\loginshwt\system\Commands\Server\rewrite.php(34): require_once('C:\\xampp\\htdocs...')
#12 {main}
CRITICAL - 2022-05-19 14:44:32 --> Invalid file: include/home.php
#0 C:\xampp\htdocs\loginshwt\system\View\View.php(228): CodeIgniter\Exceptions\FrameworkException::forInvalidFile('include/home.ph...')
#1 C:\xampp\htdocs\loginshwt\system\View\View.php(525): CodeIgniter\View\View->render('include/home', NULL, true)
#2 C:\xampp\htdocs\loginshwt\app\Views\app.php(18): CodeIgniter\View\View->include('include/home')
#3 C:\xampp\htdocs\loginshwt\system\View\View.php(246): include('C:\\xampp\\htdocs...')
#4 C:\xampp\htdocs\loginshwt\system\View\View.php(257): CodeIgniter\View\View->render('app', Array, true)
#5 C:\xampp\htdocs\loginshwt\system\Common.php(1087): CodeIgniter\View\View->render('home', Array, true)
#6 C:\xampp\htdocs\loginshwt\app\Controllers\Auth.php(57): view('home')
#7 C:\xampp\htdocs\loginshwt\system\CodeIgniter.php(917): App\Controllers\Auth->loginUser()
#8 C:\xampp\htdocs\loginshwt\system\CodeIgniter.php(403): CodeIgniter\CodeIgniter->runController(Object(App\Controllers\Auth))
#9 C:\xampp\htdocs\loginshwt\system\CodeIgniter.php(311): CodeIgniter\CodeIgniter->handleRequest(NULL, Object(Config\Cache), false)
#10 C:\xampp\htdocs\loginshwt\public\index.php(45): CodeIgniter\CodeIgniter->run()
#11 C:\xampp\htdocs\loginshwt\system\Commands\Server\rewrite.php(34): require_once('C:\\xampp\\htdocs...')
#12 {main}
CRITICAL - 2022-05-19 14:46:14 --> Call to undefined method CodeIgniter\View\View::require()
#0 C:\xampp\htdocs\loginshwt\system\View\View.php(246): include()
#1 C:\xampp\htdocs\loginshwt\system\View\View.php(257): CodeIgniter\View\View->render('app', Array, true)
#2 C:\xampp\htdocs\loginshwt\system\Common.php(1087): CodeIgniter\View\View->render('home', Array, true)
#3 C:\xampp\htdocs\loginshwt\app\Controllers\Auth.php(57): view('home')
#4 C:\xampp\htdocs\loginshwt\system\CodeIgniter.php(917): App\Controllers\Auth->loginUser()
#5 C:\xampp\htdocs\loginshwt\system\CodeIgniter.php(403): CodeIgniter\CodeIgniter->runController(Object(App\Controllers\Auth))
#6 C:\xampp\htdocs\loginshwt\system\CodeIgniter.php(311): CodeIgniter\CodeIgniter->handleRequest(NULL, Object(Config\Cache), false)
#7 C:\xampp\htdocs\loginshwt\public\index.php(45): CodeIgniter\CodeIgniter->run()
#8 C:\xampp\htdocs\loginshwt\system\Commands\Server\rewrite.php(34): require_once('C:\\xampp\\htdocs...')
#9 {main}
CRITICAL - 2022-05-19 14:48:38 --> Undefined property: App\Controllers\Auth::$load
#0 C:\xampp\htdocs\loginshwt\app\Controllers\Auth.php(57): CodeIgniter\Debug\Exceptions->errorHandler(8, 'Undefined prope...', 'C:\\xampp\\htdocs...', 57, Array)
#1 C:\xampp\htdocs\loginshwt\system\CodeIgniter.php(917): App\Controllers\Auth->loginUser()
#2 C:\xampp\htdocs\loginshwt\system\CodeIgniter.php(403): CodeIgniter\CodeIgniter->runController(Object(App\Controllers\Auth))
#3 C:\xampp\htdocs\loginshwt\system\CodeIgniter.php(311): CodeIgniter\CodeIgniter->handleRequest(NULL, Object(Config\Cache), false)
#4 C:\xampp\htdocs\loginshwt\public\index.php(45): CodeIgniter\CodeIgniter->run()
#5 C:\xampp\htdocs\loginshwt\system\Commands\Server\rewrite.php(34): require_once('C:\\xampp\\htdocs...')
#6 {main}
CRITICAL - 2022-05-19 14:51:05 --> Undefined property: App\Controllers\Auth::$load
#0 C:\xampp\htdocs\loginshwt\app\Controllers\Auth.php(57): CodeIgniter\Debug\Exceptions->errorHandler(8, 'Undefined prope...', 'C:\\xampp\\htdocs...', 57, Array)
#1 C:\xampp\htdocs\loginshwt\system\CodeIgniter.php(917): App\Controllers\Auth->loginUser()
#2 C:\xampp\htdocs\loginshwt\system\CodeIgniter.php(403): CodeIgniter\CodeIgniter->runController(Object(App\Controllers\Auth))
#3 C:\xampp\htdocs\loginshwt\system\CodeIgniter.php(311): CodeIgniter\CodeIgniter->handleRequest(NULL, Object(Config\Cache), false)
#4 C:\xampp\htdocs\loginshwt\public\index.php(45): CodeIgniter\CodeIgniter->run()
#5 C:\xampp\htdocs\loginshwt\system\Commands\Server\rewrite.php(34): require_once('C:\\xampp\\htdocs...')
#6 {main}
CRITICAL - 2022-05-19 14:51:17 --> Call to undefined method CodeIgniter\View\View::include_once()
#0 C:\xampp\htdocs\loginshwt\system\View\View.php(246): include()
#1 C:\xampp\htdocs\loginshwt\system\View\View.php(257): CodeIgniter\View\View->render('app', Array, true)
#2 C:\xampp\htdocs\loginshwt\system\Common.php(1087): CodeIgniter\View\View->render('home', Array, true)
#3 C:\xampp\htdocs\loginshwt\app\Controllers\Auth.php(57): view('home')
#4 C:\xampp\htdocs\loginshwt\system\CodeIgniter.php(917): App\Controllers\Auth->loginUser()
#5 C:\xampp\htdocs\loginshwt\system\CodeIgniter.php(403): CodeIgniter\CodeIgniter->runController(Object(App\Controllers\Auth))
#6 C:\xampp\htdocs\loginshwt\system\CodeIgniter.php(311): CodeIgniter\CodeIgniter->handleRequest(NULL, Object(Config\Cache), false)
#7 C:\xampp\htdocs\loginshwt\public\index.php(45): CodeIgniter\CodeIgniter->run()
#8 C:\xampp\htdocs\loginshwt\system\Commands\Server\rewrite.php(34): require_once('C:\\xampp\\htdocs...')
#9 {main}
CRITICAL - 2022-05-19 14:51:54 --> include_once(include/header): failed to open stream: No such file or directory
#0 C:\xampp\htdocs\loginshwt\app\Views\app.php(17): CodeIgniter\Debug\Exceptions->errorHandler(2, 'include_once(in...', 'C:\\xampp\\htdocs...', 17, Array)
#1 C:\xampp\htdocs\loginshwt\app\Views\app.php(17): include_once()
#2 C:\xampp\htdocs\loginshwt\system\View\View.php(246): include('C:\\xampp\\htdocs...')
#3 C:\xampp\htdocs\loginshwt\system\View\View.php(257): CodeIgniter\View\View->render('app', Array, true)
#4 C:\xampp\htdocs\loginshwt\system\Common.php(1087): CodeIgniter\View\View->render('home', Array, true)
#5 C:\xampp\htdocs\loginshwt\app\Controllers\Auth.php(57): view('home')
#6 C:\xampp\htdocs\loginshwt\system\CodeIgniter.php(917): App\Controllers\Auth->loginUser()
#7 C:\xampp\htdocs\loginshwt\system\CodeIgniter.php(403): CodeIgniter\CodeIgniter->runController(Object(App\Controllers\Auth))
#8 C:\xampp\htdocs\loginshwt\system\CodeIgniter.php(311): CodeIgniter\CodeIgniter->handleRequest(NULL, Object(Config\Cache), false)
#9 C:\xampp\htdocs\loginshwt\public\index.php(45): CodeIgniter\CodeIgniter->run()
#10 C:\xampp\htdocs\loginshwt\system\Commands\Server\rewrite.php(34): require_once('C:\\xampp\\htdocs...')
#11 {main}
CRITICAL - 2022-05-19 14:51:55 --> include_once(include/header): failed to open stream: No such file or directory
#0 C:\xampp\htdocs\loginshwt\app\Views\app.php(17): CodeIgniter\Debug\Exceptions->errorHandler(2, 'include_once(in...', 'C:\\xampp\\htdocs...', 17, Array)
#1 C:\xampp\htdocs\loginshwt\app\Views\app.php(17): include_once()
#2 C:\xampp\htdocs\loginshwt\system\View\View.php(246): include('C:\\xampp\\htdocs...')
#3 C:\xampp\htdocs\loginshwt\system\View\View.php(257): CodeIgniter\View\View->render('app', Array, true)
#4 C:\xampp\htdocs\loginshwt\system\Common.php(1087): CodeIgniter\View\View->render('home', Array, true)
#5 C:\xampp\htdocs\loginshwt\app\Controllers\Auth.php(57): view('home')
#6 C:\xampp\htdocs\loginshwt\system\CodeIgniter.php(917): App\Controllers\Auth->loginUser()
#7 C:\xampp\htdocs\loginshwt\system\CodeIgniter.php(403): CodeIgniter\CodeIgniter->runController(Object(App\Controllers\Auth))
#8 C:\xampp\htdocs\loginshwt\system\CodeIgniter.php(311): CodeIgniter\CodeIgniter->handleRequest(NULL, Object(Config\Cache), false)
#9 C:\xampp\htdocs\loginshwt\public\index.php(45): CodeIgniter\CodeIgniter->run()
#10 C:\xampp\htdocs\loginshwt\system\Commands\Server\rewrite.php(34): require_once('C:\\xampp\\htdocs...')
#11 {main}
CRITICAL - 2022-05-19 14:53:16 --> include_once(include/header): failed to open stream: No such file or directory
#0 C:\xampp\htdocs\loginshwt\app\Views\app.php(17): CodeIgniter\Debug\Exceptions->errorHandler(2, 'include_once(in...', 'C:\\xampp\\htdocs...', 17, Array)
#1 C:\xampp\htdocs\loginshwt\app\Views\app.php(17): include_once()
#2 C:\xampp\htdocs\loginshwt\system\View\View.php(246): include('C:\\xampp\\htdocs...')
#3 C:\xampp\htdocs\loginshwt\system\View\View.php(257): CodeIgniter\View\View->render('app', Array, true)
#4 C:\xampp\htdocs\loginshwt\system\Common.php(1087): CodeIgniter\View\View->render('home', Array, true)
#5 C:\xampp\htdocs\loginshwt\app\Controllers\Auth.php(57): view('home')
#6 C:\xampp\htdocs\loginshwt\system\CodeIgniter.php(917): App\Controllers\Auth->loginUser()
#7 C:\xampp\htdocs\loginshwt\system\CodeIgniter.php(403): CodeIgniter\CodeIgniter->runController(Object(App\Controllers\Auth))
#8 C:\xampp\htdocs\loginshwt\system\CodeIgniter.php(311): CodeIgniter\CodeIgniter->handleRequest(NULL, Object(Config\Cache), false)
#9 C:\xampp\htdocs\loginshwt\public\index.php(45): CodeIgniter\CodeIgniter->run()
#10 C:\xampp\htdocs\loginshwt\system\Commands\Server\rewrite.php(34): require_once('C:\\xampp\\htdocs...')
#11 {main}
CRITICAL - 2022-05-19 14:56:11 --> Call to undefined method CodeIgniter\View\View::include_once()
#0 C:\xampp\htdocs\loginshwt\system\View\View.php(246): include()
#1 C:\xampp\htdocs\loginshwt\system\View\View.php(257): CodeIgniter\View\View->render('app', Array, true)
#2 C:\xampp\htdocs\loginshwt\system\Common.php(1087): CodeIgniter\View\View->render('home', Array, true)
#3 C:\xampp\htdocs\loginshwt\app\Controllers\Auth.php(57): view('home')
#4 C:\xampp\htdocs\loginshwt\system\CodeIgniter.php(917): App\Controllers\Auth->loginUser()
#5 C:\xampp\htdocs\loginshwt\system\CodeIgniter.php(403): CodeIgniter\CodeIgniter->runController(Object(App\Controllers\Auth))
#6 C:\xampp\htdocs\loginshwt\system\CodeIgniter.php(311): CodeIgniter\CodeIgniter->handleRequest(NULL, Object(Config\Cache), false)
#7 C:\xampp\htdocs\loginshwt\public\index.php(45): CodeIgniter\CodeIgniter->run()
#8 C:\xampp\htdocs\loginshwt\system\Commands\Server\rewrite.php(34): require_once('C:\\xampp\\htdocs...')
#9 {main}
CRITICAL - 2022-05-19 14:58:07 --> Call to undefined method CodeIgniter\View\View::include_once()
#0 C:\xampp\htdocs\loginshwt\system\View\View.php(246): include()
#1 C:\xampp\htdocs\loginshwt\system\Common.php(1087): CodeIgniter\View\View->render('app', Array, true)
#2 C:\xampp\htdocs\loginshwt\app\Controllers\Auth.php(58): view('app')
#3 C:\xampp\htdocs\loginshwt\system\CodeIgniter.php(917): App\Controllers\Auth->loginUser()
#4 C:\xampp\htdocs\loginshwt\system\CodeIgniter.php(403): CodeIgniter\CodeIgniter->runController(Object(App\Controllers\Auth))
#5 C:\xampp\htdocs\loginshwt\system\CodeIgniter.php(311): CodeIgniter\CodeIgniter->handleRequest(NULL, Object(Config\Cache), false)
#6 C:\xampp\htdocs\loginshwt\public\index.php(45): CodeIgniter\CodeIgniter->run()
#7 C:\xampp\htdocs\loginshwt\system\Commands\Server\rewrite.php(34): require_once('C:\\xampp\\htdocs...')
#8 {main}
CRITICAL - 2022-05-19 15:04:30 --> Invalid file: include/home.php
#0 C:\xampp\htdocs\loginshwt\system\View\View.php(228): CodeIgniter\Exceptions\FrameworkException::forInvalidFile('include/home.ph...')
#1 C:\xampp\htdocs\loginshwt\system\View\View.php(525): CodeIgniter\View\View->render('include/home', NULL, true)
#2 C:\xampp\htdocs\loginshwt\app\Views\app.php(26): CodeIgniter\View\View->include('include/home')
#3 C:\xampp\htdocs\loginshwt\system\View\View.php(246): include('C:\\xampp\\htdocs...')
#4 C:\xampp\htdocs\loginshwt\system\Common.php(1087): CodeIgniter\View\View->render('app', Array, true)
#5 C:\xampp\htdocs\loginshwt\app\Controllers\Auth.php(58): view('app')
#6 C:\xampp\htdocs\loginshwt\system\CodeIgniter.php(917): App\Controllers\Auth->loginUser()
#7 C:\xampp\htdocs\loginshwt\system\CodeIgniter.php(403): CodeIgniter\CodeIgniter->runController(Object(App\Controllers\Auth))
#8 C:\xampp\htdocs\loginshwt\system\CodeIgniter.php(311): CodeIgniter\CodeIgniter->handleRequest(NULL, Object(Config\Cache), false)
#9 C:\xampp\htdocs\loginshwt\public\index.php(45): CodeIgniter\CodeIgniter->run()
#10 C:\xampp\htdocs\loginshwt\system\Commands\Server\rewrite.php(34): require_once('C:\\xampp\\htdocs...')
#11 {main}
CRITICAL - 2022-05-19 15:05:13 --> Call to undefined method CodeIgniter\View\View::include_once()
#0 C:\xampp\htdocs\loginshwt\system\View\View.php(246): include()
#1 C:\xampp\htdocs\loginshwt\system\Common.php(1087): CodeIgniter\View\View->render('app', Array, true)
#2 C:\xampp\htdocs\loginshwt\app\Controllers\Auth.php(58): view('app')
#3 C:\xampp\htdocs\loginshwt\system\CodeIgniter.php(917): App\Controllers\Auth->loginUser()
#4 C:\xampp\htdocs\loginshwt\system\CodeIgniter.php(403): CodeIgniter\CodeIgniter->runController(Object(App\Controllers\Auth))
#5 C:\xampp\htdocs\loginshwt\system\CodeIgniter.php(311): CodeIgniter\CodeIgniter->handleRequest(NULL, Object(Config\Cache), false)
#6 C:\xampp\htdocs\loginshwt\public\index.php(45): CodeIgniter\CodeIgniter->run()
#7 C:\xampp\htdocs\loginshwt\system\Commands\Server\rewrite.php(34): require_once('C:\\xampp\\htdocs...')
#8 {main}
CRITICAL - 2022-05-19 17:13:58 --> syntax error, unexpected '}', expecting end of file
#0 C:\xampp\htdocs\loginshwt\system\View\View.php(525): CodeIgniter\View\View->render('home', NULL, true)
#1 C:\xampp\htdocs\loginshwt\app\Views\app.php(25): CodeIgniter\View\View->include('home')
#2 C:\xampp\htdocs\loginshwt\system\View\View.php(246): include('C:\\xampp\\htdocs...')
#3 C:\xampp\htdocs\loginshwt\system\Common.php(1087): CodeIgniter\View\View->render('app', Array, true)
#4 C:\xampp\htdocs\loginshwt\app\Controllers\Auth.php(58): view('app')
#5 C:\xampp\htdocs\loginshwt\system\CodeIgniter.php(917): App\Controllers\Auth->loginUser()
#6 C:\xampp\htdocs\loginshwt\system\CodeIgniter.php(403): CodeIgniter\CodeIgniter->runController(Object(App\Controllers\Auth))
#7 C:\xampp\htdocs\loginshwt\system\CodeIgniter.php(311): CodeIgniter\CodeIgniter->handleRequest(NULL, Object(Config\Cache), false)
#8 C:\xampp\htdocs\loginshwt\public\index.php(45): CodeIgniter\CodeIgniter->run()
#9 C:\xampp\htdocs\loginshwt\system\Commands\Server\rewrite.php(34): require_once('C:\\xampp\\htdocs...')
#10 {main}
CRITICAL - 2022-05-19 17:14:24 --> Undefined variable: data
#0 C:\xampp\htdocs\loginshwt\app\Views\home.php(68): CodeIgniter\Debug\Exceptions->errorHandler(8, 'Undefined varia...', 'C:\\xampp\\htdocs...', 68, Array)
#1 C:\xampp\htdocs\loginshwt\system\View\View.php(246): include('C:\\xampp\\htdocs...')
#2 C:\xampp\htdocs\loginshwt\system\View\View.php(525): CodeIgniter\View\View->render('home', NULL, true)
#3 C:\xampp\htdocs\loginshwt\app\Views\app.php(25): CodeIgniter\View\View->include('home')
#4 C:\xampp\htdocs\loginshwt\system\View\View.php(246): include('C:\\xampp\\htdocs...')
#5 C:\xampp\htdocs\loginshwt\system\Common.php(1087): CodeIgniter\View\View->render('app', Array, true)
#6 C:\xampp\htdocs\loginshwt\app\Controllers\Auth.php(58): view('app')
#7 C:\xampp\htdocs\loginshwt\system\CodeIgniter.php(917): App\Controllers\Auth->loginUser()
#8 C:\xampp\htdocs\loginshwt\system\CodeIgniter.php(403): CodeIgniter\CodeIgniter->runController(Object(App\Controllers\Auth))
#9 C:\xampp\htdocs\loginshwt\system\CodeIgniter.php(311): CodeIgniter\CodeIgniter->handleRequest(NULL, Object(Config\Cache), false)
#10 C:\xampp\htdocs\loginshwt\public\index.php(45): CodeIgniter\CodeIgniter->run()
#11 C:\xampp\htdocs\loginshwt\system\Commands\Server\rewrite.php(34): require_once('C:\\xampp\\htdocs...')
#12 {main}
CRITICAL - 2022-05-19 17:15:57 --> Undefined variable: tickets
#0 C:\xampp\htdocs\loginshwt\app\Views\home.php(68): CodeIgniter\Debug\Exceptions->errorHandler(8, 'Undefined varia...', 'C:\\xampp\\htdocs...', 68, Array)
#1 C:\xampp\htdocs\loginshwt\system\View\View.php(246): include('C:\\xampp\\htdocs...')
#2 C:\xampp\htdocs\loginshwt\system\View\View.php(525): CodeIgniter\View\View->render('home', NULL, true)
#3 C:\xampp\htdocs\loginshwt\app\Views\app.php(25): CodeIgniter\View\View->include('home')
#4 C:\xampp\htdocs\loginshwt\system\View\View.php(246): include('C:\\xampp\\htdocs...')
#5 C:\xampp\htdocs\loginshwt\system\Common.php(1087): CodeIgniter\View\View->render('app', Array, true)
#6 C:\xampp\htdocs\loginshwt\app\Controllers\Auth.php(58): view('app')
#7 C:\xampp\htdocs\loginshwt\system\CodeIgniter.php(917): App\Controllers\Auth->loginUser()
#8 C:\xampp\htdocs\loginshwt\system\CodeIgniter.php(403): CodeIgniter\CodeIgniter->runController(Object(App\Controllers\Auth))
#9 C:\xampp\htdocs\loginshwt\system\CodeIgniter.php(311): CodeIgniter\CodeIgniter->handleRequest(NULL, Object(Config\Cache), false)
#10 C:\xampp\htdocs\loginshwt\public\index.php(45): CodeIgniter\CodeIgniter->run()
#11 C:\xampp\htdocs\loginshwt\system\Commands\Server\rewrite.php(34): require_once('C:\\xampp\\htdocs...')
#12 {main}
CRITICAL - 2022-05-19 17:19:55 --> Undefined variable: data
#0 C:\xampp\htdocs\loginshwt\app\Views\home.php(68): CodeIgniter\Debug\Exceptions->errorHandler(8, 'Undefined varia...', 'C:\\xampp\\htdocs...', 68, Array)
#1 C:\xampp\htdocs\loginshwt\system\View\View.php(246): include('C:\\xampp\\htdocs...')
#2 C:\xampp\htdocs\loginshwt\system\View\View.php(525): CodeIgniter\View\View->render('home', NULL, true)
#3 C:\xampp\htdocs\loginshwt\app\Views\app.php(25): CodeIgniter\View\View->include('home')
#4 C:\xampp\htdocs\loginshwt\system\View\View.php(246): include('C:\\xampp\\htdocs...')
#5 C:\xampp\htdocs\loginshwt\system\Common.php(1087): CodeIgniter\View\View->render('app', Array, true)
#6 C:\xampp\htdocs\loginshwt\app\Controllers\Auth.php(58): view('app')
#7 C:\xampp\htdocs\loginshwt\system\CodeIgniter.php(917): App\Controllers\Auth->loginUser()
#8 C:\xampp\htdocs\loginshwt\system\CodeIgniter.php(403): CodeIgniter\CodeIgniter->runController(Object(App\Controllers\Auth))
#9 C:\xampp\htdocs\loginshwt\system\CodeIgniter.php(311): CodeIgniter\CodeIgniter->handleRequest(NULL, Object(Config\Cache), false)
#10 C:\xampp\htdocs\loginshwt\public\index.php(45): CodeIgniter\CodeIgniter->run()
#11 C:\xampp\htdocs\loginshwt\system\Commands\Server\rewrite.php(34): require_once('C:\\xampp\\htdocs...')
#12 {main}
CRITICAL - 2022-05-19 17:20:28 --> Undefined variable: data
#0 C:\xampp\htdocs\loginshwt\app\Views\home.php(68): CodeIgniter\Debug\Exceptions->errorHandler(8, 'Undefined varia...', 'C:\\xampp\\htdocs...', 68, Array)
#1 C:\xampp\htdocs\loginshwt\system\View\View.php(246): include('C:\\xampp\\htdocs...')
#2 C:\xampp\htdocs\loginshwt\system\View\View.php(525): CodeIgniter\View\View->render('home', NULL, true)
#3 C:\xampp\htdocs\loginshwt\app\Views\app.php(25): CodeIgniter\View\View->include('home')
#4 C:\xampp\htdocs\loginshwt\system\View\View.php(246): include('C:\\xampp\\htdocs...')
#5 C:\xampp\htdocs\loginshwt\system\Common.php(1087): CodeIgniter\View\View->render('app', Array, true)
#6 C:\xampp\htdocs\loginshwt\app\Controllers\Auth.php(58): view('app')
#7 C:\xampp\htdocs\loginshwt\system\CodeIgniter.php(917): App\Controllers\Auth->loginUser()
#8 C:\xampp\htdocs\loginshwt\system\CodeIgniter.php(403): CodeIgniter\CodeIgniter->runController(Object(App\Controllers\Auth))
#9 C:\xampp\htdocs\loginshwt\system\CodeIgniter.php(311): CodeIgniter\CodeIgniter->handleRequest(NULL, Object(Config\Cache), false)
#10 C:\xampp\htdocs\loginshwt\public\index.php(45): CodeIgniter\CodeIgniter->run()
#11 C:\xampp\htdocs\loginshwt\system\Commands\Server\rewrite.php(34): require_once('C:\\xampp\\htdocs...')
#12 {main}
CRITICAL - 2022-05-19 17:20:58 --> Undefined variable: data
#0 C:\xampp\htdocs\loginshwt\app\Views\home.php(68): CodeIgniter\Debug\Exceptions->errorHandler(8, 'Undefined varia...', 'C:\\xampp\\htdocs...', 68, Array)
#1 C:\xampp\htdocs\loginshwt\system\View\View.php(246): include('C:\\xampp\\htdocs...')
#2 C:\xampp\htdocs\loginshwt\system\View\View.php(525): CodeIgniter\View\View->render('home', NULL, true)
#3 C:\xampp\htdocs\loginshwt\app\Views\app.php(25): CodeIgniter\View\View->include('home')
#4 C:\xampp\htdocs\loginshwt\system\View\View.php(246): include('C:\\xampp\\htdocs...')
#5 C:\xampp\htdocs\loginshwt\system\Common.php(1087): CodeIgniter\View\View->render('app', Array, true)
#6 C:\xampp\htdocs\loginshwt\app\Controllers\Auth.php(58): view('app')
#7 C:\xampp\htdocs\loginshwt\system\CodeIgniter.php(917): App\Controllers\Auth->loginUser()
#8 C:\xampp\htdocs\loginshwt\system\CodeIgniter.php(403): CodeIgniter\CodeIgniter->runController(Object(App\Controllers\Auth))
#9 C:\xampp\htdocs\loginshwt\system\CodeIgniter.php(311): CodeIgniter\CodeIgniter->handleRequest(NULL, Object(Config\Cache), false)
#10 C:\xampp\htdocs\loginshwt\public\index.php(45): CodeIgniter\CodeIgniter->run()
#11 C:\xampp\htdocs\loginshwt\system\Commands\Server\rewrite.php(34): require_once('C:\\xampp\\htdocs...')
#12 {main}
CRITICAL - 2022-05-19 17:21:28 --> Undefined variable: data
#0 C:\xampp\htdocs\loginshwt\app\Views\home.php(68): CodeIgniter\Debug\Exceptions->errorHandler(8, 'Undefined varia...', 'C:\\xampp\\htdocs...', 68, Array)
#1 C:\xampp\htdocs\loginshwt\system\View\View.php(246): include('C:\\xampp\\htdocs...')
#2 C:\xampp\htdocs\loginshwt\system\View\View.php(525): CodeIgniter\View\View->render('home', NULL, true)
#3 C:\xampp\htdocs\loginshwt\app\Views\app.php(25): CodeIgniter\View\View->include('home')
#4 C:\xampp\htdocs\loginshwt\system\View\View.php(246): include('C:\\xampp\\htdocs...')
#5 C:\xampp\htdocs\loginshwt\system\Common.php(1087): CodeIgniter\View\View->render('app', Array, true)
#6 C:\xampp\htdocs\loginshwt\app\Controllers\Auth.php(58): view('app')
#7 C:\xampp\htdocs\loginshwt\system\CodeIgniter.php(917): App\Controllers\Auth->loginUser()
#8 C:\xampp\htdocs\loginshwt\system\CodeIgniter.php(403): CodeIgniter\CodeIgniter->runController(Object(App\Controllers\Auth))
#9 C:\xampp\htdocs\loginshwt\system\CodeIgniter.php(311): CodeIgniter\CodeIgniter->handleRequest(NULL, Object(Config\Cache), false)
#10 C:\xampp\htdocs\loginshwt\public\index.php(45): CodeIgniter\CodeIgniter->run()
#11 C:\xampp\htdocs\loginshwt\system\Commands\Server\rewrite.php(34): require_once('C:\\xampp\\htdocs...')
#12 {main}
CRITICAL - 2022-05-19 17:21:33 --> Undefined variable: data
#0 C:\xampp\htdocs\loginshwt\app\Views\home.php(68): CodeIgniter\Debug\Exceptions->errorHandler(8, 'Undefined varia...', 'C:\\xampp\\htdocs...', 68, Array)
#1 C:\xampp\htdocs\loginshwt\system\View\View.php(246): include('C:\\xampp\\htdocs...')
#2 C:\xampp\htdocs\loginshwt\system\View\View.php(525): CodeIgniter\View\View->render('home', NULL, true)
#3 C:\xampp\htdocs\loginshwt\app\Views\app.php(25): CodeIgniter\View\View->include('home')
#4 C:\xampp\htdocs\loginshwt\system\View\View.php(246): include('C:\\xampp\\htdocs...')
#5 C:\xampp\htdocs\loginshwt\system\Common.php(1087): CodeIgniter\View\View->render('app', Array, true)
#6 C:\xampp\htdocs\loginshwt\app\Controllers\Auth.php(58): view('app')
#7 C:\xampp\htdocs\loginshwt\system\CodeIgniter.php(917): App\Controllers\Auth->loginUser()
#8 C:\xampp\htdocs\loginshwt\system\CodeIgniter.php(403): CodeIgniter\CodeIgniter->runController(Object(App\Controllers\Auth))
#9 C:\xampp\htdocs\loginshwt\system\CodeIgniter.php(311): CodeIgniter\CodeIgniter->handleRequest(NULL, Object(Config\Cache), false)
#10 C:\xampp\htdocs\loginshwt\public\index.php(45): CodeIgniter\CodeIgniter->run()
#11 C:\xampp\htdocs\loginshwt\system\Commands\Server\rewrite.php(34): require_once('C:\\xampp\\htdocs...')
#12 {main}
CRITICAL - 2022-05-19 17:21:45 --> Undefined variable: data
#0 C:\xampp\htdocs\loginshwt\app\Views\home.php(68): CodeIgniter\Debug\Exceptions->errorHandler(8, 'Undefined varia...', 'C:\\xampp\\htdocs...', 68, Array)
#1 C:\xampp\htdocs\loginshwt\system\View\View.php(246): include('C:\\xampp\\htdocs...')
#2 C:\xampp\htdocs\loginshwt\system\View\View.php(525): CodeIgniter\View\View->render('home', NULL, true)
#3 C:\xampp\htdocs\loginshwt\app\Views\app.php(25): CodeIgniter\View\View->include('home')
#4 C:\xampp\htdocs\loginshwt\system\View\View.php(246): include('C:\\xampp\\htdocs...')
#5 C:\xampp\htdocs\loginshwt\system\Common.php(1087): CodeIgniter\View\View->render('app', Array, true)
#6 C:\xampp\htdocs\loginshwt\app\Controllers\Auth.php(58): view('app')
#7 C:\xampp\htdocs\loginshwt\system\CodeIgniter.php(917): App\Controllers\Auth->loginUser()
#8 C:\xampp\htdocs\loginshwt\system\CodeIgniter.php(403): CodeIgniter\CodeIgniter->runController(Object(App\Controllers\Auth))
#9 C:\xampp\htdocs\loginshwt\system\CodeIgniter.php(311): CodeIgniter\CodeIgniter->handleRequest(NULL, Object(Config\Cache), false)
#10 C:\xampp\htdocs\loginshwt\public\index.php(45): CodeIgniter\CodeIgniter->run()
#11 C:\xampp\htdocs\loginshwt\system\Commands\Server\rewrite.php(34): require_once('C:\\xampp\\htdocs...')
#12 {main}
CRITICAL - 2022-05-19 17:23:55 --> Undefined variable: tickets
#0 C:\xampp\htdocs\loginshwt\app\Views\home.php(68): CodeIgniter\Debug\Exceptions->errorHandler(8, 'Undefined varia...', 'C:\\xampp\\htdocs...', 68, Array)
#1 C:\xampp\htdocs\loginshwt\system\View\View.php(246): include('C:\\xampp\\htdocs...')
#2 C:\xampp\htdocs\loginshwt\system\View\View.php(525): CodeIgniter\View\View->render('home', NULL, true)
#3 C:\xampp\htdocs\loginshwt\app\Views\app.php(25): CodeIgniter\View\View->include('home')
#4 C:\xampp\htdocs\loginshwt\system\View\View.php(246): include('C:\\xampp\\htdocs...')
#5 C:\xampp\htdocs\loginshwt\system\Common.php(1087): CodeIgniter\View\View->render('app', Array, true)
#6 C:\xampp\htdocs\loginshwt\app\Controllers\Auth.php(58): view('app')
#7 C:\xampp\htdocs\loginshwt\system\CodeIgniter.php(917): App\Controllers\Auth->loginUser()
#8 C:\xampp\htdocs\loginshwt\system\CodeIgniter.php(403): CodeIgniter\CodeIgniter->runController(Object(App\Controllers\Auth))
#9 C:\xampp\htdocs\loginshwt\system\CodeIgniter.php(311): CodeIgniter\CodeIgniter->handleRequest(NULL, Object(Config\Cache), false)
#10 C:\xampp\htdocs\loginshwt\public\index.php(45): CodeIgniter\CodeIgniter->run()
#11 C:\xampp\htdocs\loginshwt\system\Commands\Server\rewrite.php(34): require_once('C:\\xampp\\htdocs...')
#12 {main}
CRITICAL - 2022-05-19 18:19:00 --> __clone method called on non-object
#0 C:\xampp\htdocs\loginshwt\vendor\hermawan\codeigniter4-datatables\src\DataTableColumnDefs.php(17): Hermawan\DataTables\DataTableColumnDefs->initFromBuilder(Array)
#1 C:\xampp\htdocs\loginshwt\vendor\hermawan\codeigniter4-datatables\src\DataTable.php(32): Hermawan\DataTables\DataTableColumnDefs->__construct(Array)
#2 C:\xampp\htdocs\loginshwt\vendor\hermawan\codeigniter4-datatables\src\DataTable.php(43): Hermawan\DataTables\DataTable->__construct(Array)
#3 C:\xampp\htdocs\loginshwt\app\Controllers\TicketController.php(26): Hermawan\DataTables\DataTable::of(Array)
#4 C:\xampp\htdocs\loginshwt\system\CodeIgniter.php(917): App\Controllers\TicketController->getTicketEmp()
#5 C:\xampp\htdocs\loginshwt\system\CodeIgniter.php(403): CodeIgniter\CodeIgniter->runController(Object(App\Controllers\TicketController))
#6 C:\xampp\htdocs\loginshwt\system\CodeIgniter.php(311): CodeIgniter\CodeIgniter->handleRequest(NULL, Object(Config\Cache), false)
#7 C:\xampp\htdocs\loginshwt\public\index.php(45): CodeIgniter\CodeIgniter->run()
#8 C:\xampp\htdocs\loginshwt\system\Commands\Server\rewrite.php(34): require_once('C:\\xampp\\htdocs...')
#9 {main}
CRITICAL - 2022-05-19 18:19:50 --> __clone method called on non-object
#0 C:\xampp\htdocs\loginshwt\vendor\hermawan\codeigniter4-datatables\src\DataTableColumnDefs.php(17): Hermawan\DataTables\DataTableColumnDefs->initFromBuilder(Array)
#1 C:\xampp\htdocs\loginshwt\vendor\hermawan\codeigniter4-datatables\src\DataTable.php(32): Hermawan\DataTables\DataTableColumnDefs->__construct(Array)
#2 C:\xampp\htdocs\loginshwt\vendor\hermawan\codeigniter4-datatables\src\DataTable.php(43): Hermawan\DataTables\DataTable->__construct(Array)
#3 C:\xampp\htdocs\loginshwt\app\Controllers\TicketController.php(26): Hermawan\DataTables\DataTable::of(Array)
#4 C:\xampp\htdocs\loginshwt\system\CodeIgniter.php(917): App\Controllers\TicketController->getTicketEmp()
#5 C:\xampp\htdocs\loginshwt\system\CodeIgniter.php(403): CodeIgniter\CodeIgniter->runController(Object(App\Controllers\TicketController))
#6 C:\xampp\htdocs\loginshwt\system\CodeIgniter.php(311): CodeIgniter\CodeIgniter->handleRequest(NULL, Object(Config\Cache), false)
#7 C:\xampp\htdocs\loginshwt\public\index.php(45): CodeIgniter\CodeIgniter->run()
#8 C:\xampp\htdocs\loginshwt\system\Commands\Server\rewrite.php(34): require_once('C:\\xampp\\htdocs...')
#9 {main}
